Current configuration:
[NAME]		[DEFLT]		[VALUE]
-agc		none		none
-agcthresh	2.0		2.000000e+00
-cbcntfn			
-cepdir				
-cepext		mfc		mfc
-ceplen		13		13
-cmn		current		current
-cmninit	8.0		8.0
-ctlfn				
-dictfn				
-dmoddeffn			
-example	no		no
-fdictfn			
-feat		1s_c_d_dd	s2_4x
-featsel			0
-fpcachesz	3000		3000
-fullvar	no		no
-gthobj		state		single
-help		no		no
-lda				
-ldadim		0		0
-lsnfn				
-maxcbobs			0
-maxiter	100		100
-maxtotobs			0
-meanfn				/home/lolo/ukr_model/model_parameters/ukr_model.ci_semi_flatinitial/means
-method		rkm		rkm
-minratio	0.01		1.000000e-03
-mixwfn				
-ndensity			256
-niter		20		20
-ntrial		5		1
-obscachesz	92		92
-omoddeffn			
-reest		yes		no
-runlen				0
-segdir				
-segdmpdirs			/home/lolo/ukr_model/bwaccumdir/ukr_model_buff_1,
-segdmpfn			/home/lolo/ukr_model/bwaccumdir/ukr_model_buff_1/ukr_model.dmp
-segext		v8_seg		v8_seg
-segidxfn			
-stride		32		1
-svspec				
-ts2cbfn			
-tscnt				0
-tsoff		0		0
-tsrngfn			
-varfn				/home/lolo/ukr_model/model_parameters/ukr_model.ci_semi_flatinitial/variances
-varnorm	no		no
-vartiethr	0		0

INFO: feat.c(715): Initializing feature stream to type: 's2_4x', ceplen=13, CMN='current', VARNORM='no', AGC='none'
INFO: cmn.c(143): mean[0]= 12.00, mean[1..12]= 0.0
INFO: main.c(520): No mdef files.  Assuming 1-class init
INFO: main.c(1345): 1-class dump file
INFO: main.c(1385): Corpus 0: sz==233220 frames
INFO: main.c(1392): Convergence ratios are abs(cur - prior) / abs(prior)
INFO: main.c(237): alloc'ing 10Mb obs buf
INFO: main.c(577): Initializing means using random k-means
INFO: main.c(580): Trial 0: 256 means
INFO: kmeans.c(155): km iter [0] 1.000000e+00 ...
INFO: kmeans.c(155): km iter [1] 1.529974e-01 ...
INFO: kmeans.c(155): km iter [2] 3.529550e-02 ...
INFO: kmeans.c(155): km iter [3] 1.579224e-02 ...
INFO: kmeans.c(155): km iter [4] 9.733275e-03 ...
INFO: kmeans.c(155): km iter [5] 6.632886e-03 ...
INFO: kmeans.c(155): km iter [6] 4.701203e-03 ...
INFO: kmeans.c(155): km iter [7] 3.529747e-03 ...
INFO: kmeans.c(155): km iter [8] 2.740063e-03 ...
INFO: kmeans.c(155): km iter [9] 2.206833e-03 ...
INFO: kmeans.c(155): km iter [10] 1.777928e-03 ...
INFO: kmeans.c(155): km iter [11] 1.475308e-03 ...
INFO: kmeans.c(155): km iter [12] 1.309039e-03 ...
INFO: kmeans.c(155): km iter [13] 1.133897e-03 ...
INFO: kmeans.c(168): kmtrineq n_iter 14 sqerr 8.580703e+07 conv_ratio 9.970582e-04
INFO: main.c(622): 	best-so-far sqerr = 8.580703e+07
INFO: main.c(237): alloc'ing 21Mb obs buf
INFO: main.c(577): Initializing means using random k-means
INFO: main.c(580): Trial 0: 256 means
INFO: kmeans.c(155): km iter [0] 1.000000e+00 ...
INFO: kmeans.c(155): km iter [1] 1.831300e-01 ...
INFO: kmeans.c(155): km iter [2] 3.491010e-02 ...
INFO: kmeans.c(155): km iter [3] 1.337244e-02 ...
INFO: kmeans.c(155): km iter [4] 7.205404e-03 ...
INFO: kmeans.c(155): km iter [5] 4.557636e-03 ...
INFO: kmeans.c(155): km iter [6] 3.157799e-03 ...
INFO: kmeans.c(155): km iter [7] 2.301982e-03 ...
INFO: kmeans.c(155): km iter [8] 1.775539e-03 ...
INFO: kmeans.c(155): km iter [9] 1.414680e-03 ...
INFO: kmeans.c(155): km iter [10] 1.143133e-03 ...
INFO: kmeans.c(168): kmtrineq n_iter 11 sqerr 3.158883e+08 conv_ratio 9.408140e-04
INFO: main.c(622): 	best-so-far sqerr = 3.158883e+08
INFO: main.c(237): alloc'ing 2Mb obs buf
INFO: main.c(577): Initializing means using random k-means
INFO: main.c(580): Trial 0: 256 means
INFO: kmeans.c(155): km iter [0] 1.000000e+00 ...
INFO: kmeans.c(155): km iter [1] 2.334828e-01 ...
INFO: kmeans.c(155): km iter [2] 8.642099e-02 ...
INFO: kmeans.c(155): km iter [3] 4.864394e-02 ...
INFO: kmeans.c(155): km iter [4] 3.221722e-02 ...
INFO: kmeans.c(155): km iter [5] 2.422001e-02 ...
INFO: kmeans.c(155): km iter [6] 1.928176e-02 ...
INFO: kmeans.c(155): km iter [7] 1.551434e-02 ...
INFO: kmeans.c(155): km iter [8] 1.280179e-02 ...
INFO: kmeans.c(155): km iter [9] 1.111214e-02 ...
INFO: kmeans.c(155): km iter [10] 9.703229e-03 ...
INFO: kmeans.c(155): km iter [11] 8.137505e-03 ...
INFO: kmeans.c(155): km iter [12] 6.903559e-03 ...
INFO: kmeans.c(155): km iter [13] 6.144016e-03 ...
INFO: kmeans.c(155): km iter [14] 5.225741e-03 ...
INFO: kmeans.c(155): km iter [15] 4.527318e-03 ...
INFO: kmeans.c(155): km iter [16] 3.941228e-03 ...
INFO: kmeans.c(155): km iter [17] 3.499904e-03 ...
INFO: kmeans.c(155): km iter [18] 3.209043e-03 ...
INFO: kmeans.c(155): km iter [19] 2.721826e-03 ...
INFO: kmeans.c(155): km iter [20] 2.452689e-03 ...
INFO: kmeans.c(155): km iter [21] 2.313764e-03 ...
INFO: kmeans.c(155): km iter [22] 2.089630e-03 ...
INFO: kmeans.c(155): km iter [23] 1.890160e-03 ...
INFO: kmeans.c(155): km iter [24] 1.825283e-03 ...
INFO: kmeans.c(155): km iter [25] 1.814525e-03 ...
INFO: kmeans.c(155): km iter [26] 1.576499e-03 ...
INFO: kmeans.c(155): km iter [27] 1.363983e-03 ...
INFO: kmeans.c(155): km iter [28] 1.243652e-03 ...
INFO: kmeans.c(155): km iter [29] 1.139834e-03 ...
INFO: kmeans.c(155): km iter [30] 1.169782e-03 ...
INFO: kmeans.c(155): km iter [31] 1.122075e-03 ...
INFO: kmeans.c(155): km iter [32] 1.053977e-03 ...
INFO: kmeans.c(168): kmtrineq n_iter 33 sqerr 1.955084e+06 conv_ratio 9.504615e-04
INFO: main.c(622): 	best-so-far sqerr = 1.955084e+06
INFO: main.c(237): alloc'ing 10Mb obs buf
INFO: main.c(577): Initializing means using random k-means
INFO: main.c(580): Trial 0: 256 means
INFO: kmeans.c(155): km iter [0] 1.000000e+00 ...
INFO: kmeans.c(155): km iter [1] 8.016428e-02 ...
INFO: kmeans.c(155): km iter [2] 2.590528e-02 ...
INFO: kmeans.c(155): km iter [3] 1.167562e-02 ...
INFO: kmeans.c(155): km iter [4] 6.976670e-03 ...
INFO: kmeans.c(155): km iter [5] 4.588738e-03 ...
INFO: kmeans.c(155): km iter [6] 3.313789e-03 ...
INFO: kmeans.c(155): km iter [7] 2.569121e-03 ...
INFO: kmeans.c(155): km iter [8] 2.022324e-03 ...
INFO: kmeans.c(155): km iter [9] 1.624143e-03 ...
INFO: kmeans.c(155): km iter [10] 1.376143e-03 ...
INFO: kmeans.c(155): km iter [11] 1.183512e-03 ...
INFO: kmeans.c(155): km iter [12] 1.027450e-03 ...
INFO: kmeans.c(168): kmtrineq n_iter 13 sqerr 1.503009e+08 conv_ratio 8.694973e-04
INFO: main.c(622): 	best-so-far sqerr = 1.503009e+08
INFO: main.c(908): Initializing variances
INFO: main.c(237): alloc'ing 10Mb obs buf
INFO: main.c(237): alloc'ing 21Mb obs buf
INFO: main.c(237): alloc'ing 2Mb obs buf
INFO: main.c(237): alloc'ing 10Mb obs buf
INFO: main.c(1438): sqerr [0] == 5.539513e+08
INFO: main.c(1442): sqerr = 5.539513e+08 tot 2.353617e+04 rms
INFO: s3gau_io.c(228): Wrote /home/lolo/ukr_model/model_parameters/ukr_model.ci_semi_flatinitial/means [1x4x256 array]
INFO: s3gau_io.c(228): Wrote /home/lolo/ukr_model/model_parameters/ukr_model.ci_semi_flatinitial/variances [1x4x256 array]
INFO: main.c(1496): No mixing weight file given; none written
INFO: main.c(1628): TOTALS: km 0.004x 1.084e+00 var 0.000x 1.012e+00 em 0.000x 0.000e+00 all 0.004x 1.083e+00
Fri Mar 25 02:42:39 2016
