Current configuration:
[NAME]			[DEFLT]		[VALUE]
-alpha			0.97		9.700000e-01
-argfile				
-blocksize		2048		2048
-build_outdirs		yes		yes
-c					/home/lolo/ukr_model/etc/ukr_model_train.fileids
-cep2spec		no		no
-di					/home/lolo/ukr_model/wav
-dither			no		no
-do					/home/lolo/ukr_model/feat
-doublebw		no		no
-ei					wav
-eo					mfc
-example		no		no
-frate			100		100
-help			no		no
-i					
-input_endian		little		little
-lifter			0		22
-logspec		no		no
-lowerf			133.33334	2.000000e+02
-mach_endian		little		little
-mswav			no		yes
-ncep			13		13
-nchans			1		1
-nfft			512		512
-nfilt			40		15
-nist			no		no
-npart			0		1
-nskip			0		0
-o					
-ofmt			sphinx		sphinx
-part			0		1
-raw			no		no
-remove_dc		no		no
-remove_noise		yes		yes
-remove_silence		yes		yes
-round_filters		yes		yes
-runlen			-1		-1
-samprate		16000		8.000000e+03
-seed			-1		-1
-smoothspec		no		no
-spec2cep		no		no
-sph2pipe		no		no
-transform		legacy		dct
-unit_area		yes		yes
-upperf			6855.4976	3.500000e+03
-vad_postspeech		50		50
-vad_prespeech		20		20
-vad_startspeech	10		10
-vad_threshold		2.0		2.000000e+00
-verbose		no		no
-warp_params				
-warp_type		inverse_linear	inverse_linear
-whichchan		0		0
-wlen			0.025625	2.562500e-02

INFO: sphinx_fe.c(957): Processing all remaining utterances at position 0
INFO: sphinx_fe.c(764): Converting /home/lolo/ukr_model/wav/uk_0001.wav to /home/lolo/ukr_model/feat/uk_0001.mfc
INFO: sphinx_fe.c(764): Converting /home/lolo/ukr_model/wav/uk_0002.wav to /home/lolo/ukr_model/feat/uk_0002.mfc
INFO: sphinx_fe.c(764): Converting /home/lolo/ukr_model/wav/uk_0003.wav to /home/lolo/ukr_model/feat/uk_0003.mfc
INFO: sphinx_fe.c(764): Converting /home/lolo/ukr_model/wav/uk_0004.wav to /home/lolo/ukr_model/feat/uk_0004.mfc
INFO: sphinx_fe.c(764): Converting /home/lolo/ukr_model/wav/uk_0005.wav to /home/lolo/ukr_model/feat/uk_0005.mfc
INFO: sphinx_fe.c(764): Converting /home/lolo/ukr_model/wav/uk_0006.wav to /home/lolo/ukr_model/feat/uk_0006.mfc
INFO: sphinx_fe.c(764): Converting /home/lolo/ukr_model/wav/uk_0007.wav to /home/lolo/ukr_model/feat/uk_0007.mfc
INFO: sphinx_fe.c(764): Converting /home/lolo/ukr_model/wav/uk_0008.wav to /home/lolo/ukr_model/feat/uk_0008.mfc
INFO: sphinx_fe.c(764): Converting /home/lolo/ukr_model/wav/uk_0009.wav to /home/lolo/ukr_model/feat/uk_0009.mfc
INFO: sphinx_fe.c(764): Converting /home/lolo/ukr_model/wav/uk_0010.wav to /home/lolo/ukr_model/feat/uk_0010.mfc
INFO: sphinx_fe.c(764): Converting /home/lolo/ukr_model/wav/uk_0011.wav to /home/lolo/ukr_model/feat/uk_0011.mfc
INFO: sphinx_fe.c(764): Converting /home/lolo/ukr_model/wav/uk_0012.wav to /home/lolo/ukr_model/feat/uk_0012.mfc
INFO: sphinx_fe.c(764): Converting /home/lolo/ukr_model/wav/uk_0013.wav to /home/lolo/ukr_model/feat/uk_0013.mfc
INFO: sphinx_fe.c(764): Converting /home/lolo/ukr_model/wav/uk_0014.wav to /home/lolo/ukr_model/feat/uk_0014.mfc
INFO: sphinx_fe.c(764): Converting /home/lolo/ukr_model/wav/uk_0015.wav to /home/lolo/ukr_model/feat/uk_0015.mfc
INFO: sphinx_fe.c(764): Converting /home/lolo/ukr_model/wav/uk_0016.wav to /home/lolo/ukr_model/feat/uk_0016.mfc
INFO: sphinx_fe.c(764): Converting /home/lolo/ukr_model/wav/uk_0017.wav to /home/lolo/ukr_model/feat/uk_0017.mfc
INFO: sphinx_fe.c(764): Converting /home/lolo/ukr_model/wav/uk_0018.wav to /home/lolo/ukr_model/feat/uk_0018.mfc
INFO: sphinx_fe.c(764): Converting /home/lolo/ukr_model/wav/uk_0019.wav to /home/lolo/ukr_model/feat/uk_0019.mfc
INFO: sphinx_fe.c(764): Converting /home/lolo/ukr_model/wav/uk_0020.wav to /home/lolo/ukr_model/feat/uk_0020.mfc
INFO: sphinx_fe.c(764): Converting /home/lolo/ukr_model/wav/uk_0021.wav to /home/lolo/ukr_model/feat/uk_0021.mfc
INFO: sphinx_fe.c(764): Converting /home/lolo/ukr_model/wav/uk_0022.wav to /home/lolo/ukr_model/feat/uk_0022.mfc
INFO: sphinx_fe.c(764): Converting /home/lolo/ukr_model/wav/uk_0023.wav to /home/lolo/ukr_model/feat/uk_0023.mfc
INFO: sphinx_fe.c(764): Converting /home/lolo/ukr_model/wav/uk_0024.wav to /home/lolo/ukr_model/feat/uk_0024.mfc
INFO: sphinx_fe.c(764): Converting /home/lolo/ukr_model/wav/uk_0025.wav to /home/lolo/ukr_model/feat/uk_0025.mfc
INFO: sphinx_fe.c(764): Converting /home/lolo/ukr_model/wav/uk_0026.wav to /home/lolo/ukr_model/feat/uk_0026.mfc
INFO: sphinx_fe.c(764): Converting /home/lolo/ukr_model/wav/uk_0027.wav to /home/lolo/ukr_model/feat/uk_0027.mfc
INFO: sphinx_fe.c(764): Converting /home/lolo/ukr_model/wav/uk_0028.wav to /home/lolo/ukr_model/feat/uk_0028.mfc
INFO: sphinx_fe.c(764): Converting /home/lolo/ukr_model/wav/uk_0029.wav to /home/lolo/ukr_model/feat/uk_0029.mfc
INFO: sphinx_fe.c(764): Converting /home/lolo/ukr_model/wav/uk_0030.wav to /home/lolo/ukr_model/feat/uk_0030.mfc
INFO: sphinx_fe.c(764): Converting /home/lolo/ukr_model/wav/uk_0031.wav to /home/lolo/ukr_model/feat/uk_0031.mfc
INFO: sphinx_fe.c(764): Converting /home/lolo/ukr_model/wav/uk_0032.wav to /home/lolo/ukr_model/feat/uk_0032.mfc
INFO: sphinx_fe.c(764): Converting /home/lolo/ukr_model/wav/uk_0033.wav to /home/lolo/ukr_model/feat/uk_0033.mfc
INFO: sphinx_fe.c(764): Converting /home/lolo/ukr_model/wav/uk_0034.wav to /home/lolo/ukr_model/feat/uk_0034.mfc
INFO: sphinx_fe.c(764): Converting /home/lolo/ukr_model/wav/uk_0035.wav to /home/lolo/ukr_model/feat/uk_0035.mfc
INFO: sphinx_fe.c(764): Converting /home/lolo/ukr_model/wav/uk_0036.wav to /home/lolo/ukr_model/feat/uk_0036.mfc
INFO: sphinx_fe.c(764): Converting /home/lolo/ukr_model/wav/uk_0037.wav to /home/lolo/ukr_model/feat/uk_0037.mfc
INFO: sphinx_fe.c(764): Converting /home/lolo/ukr_model/wav/uk_0038.wav to /home/lolo/ukr_model/feat/uk_0038.mfc
INFO: sphinx_fe.c(764): Converting /home/lolo/ukr_model/wav/uk_0039.wav to /home/lolo/ukr_model/feat/uk_0039.mfc
INFO: sphinx_fe.c(764): Converting /home/lolo/ukr_model/wav/uk_0040.wav to /home/lolo/ukr_model/feat/uk_0040.mfc
INFO: sphinx_fe.c(764): Converting /home/lolo/ukr_model/wav/uk_0041.wav to /home/lolo/ukr_model/feat/uk_0041.mfc
INFO: sphinx_fe.c(764): Converting /home/lolo/ukr_model/wav/uk_0042.wav to /home/lolo/ukr_model/feat/uk_0042.mfc
INFO: sphinx_fe.c(764): Converting /home/lolo/ukr_model/wav/uk_0043.wav to /home/lolo/ukr_model/feat/uk_0043.mfc
INFO: sphinx_fe.c(764): Converting /home/lolo/ukr_model/wav/uk_0044.wav to /home/lolo/ukr_model/feat/uk_0044.mfc
INFO: sphinx_fe.c(764): Converting /home/lolo/ukr_model/wav/uk_0045.wav to /home/lolo/ukr_model/feat/uk_0045.mfc
INFO: sphinx_fe.c(764): Converting /home/lolo/ukr_model/wav/uk_0046.wav to /home/lolo/ukr_model/feat/uk_0046.mfc
INFO: sphinx_fe.c(764): Converting /home/lolo/ukr_model/wav/uk_0047.wav to /home/lolo/ukr_model/feat/uk_0047.mfc
INFO: sphinx_fe.c(764): Converting /home/lolo/ukr_model/wav/uk_0048.wav to /home/lolo/ukr_model/feat/uk_0048.mfc
INFO: sphinx_fe.c(764): Converting /home/lolo/ukr_model/wav/uk_0049.wav to /home/lolo/ukr_model/feat/uk_0049.mfc
INFO: sphinx_fe.c(764): Converting /home/lolo/ukr_model/wav/uk_0050.wav to /home/lolo/ukr_model/feat/uk_0050.mfc
INFO: sphinx_fe.c(764): Converting /home/lolo/ukr_model/wav/uk_0051.wav to /home/lolo/ukr_model/feat/uk_0051.mfc
INFO: sphinx_fe.c(764): Converting /home/lolo/ukr_model/wav/uk_0052.wav to /home/lolo/ukr_model/feat/uk_0052.mfc
INFO: sphinx_fe.c(764): Converting /home/lolo/ukr_model/wav/uk_0053.wav to /home/lolo/ukr_model/feat/uk_0053.mfc
INFO: sphinx_fe.c(764): Converting /home/lolo/ukr_model/wav/uk_0054.wav to /home/lolo/ukr_model/feat/uk_0054.mfc
INFO: sphinx_fe.c(764): Converting /home/lolo/ukr_model/wav/uk_0055.wav to /home/lolo/ukr_model/feat/uk_0055.mfc
INFO: sphinx_fe.c(764): Converting /home/lolo/ukr_model/wav/uk_0056.wav to /home/lolo/ukr_model/feat/uk_0056.mfc
INFO: sphinx_fe.c(764): Converting /home/lolo/ukr_model/wav/uk_0057.wav to /home/lolo/ukr_model/feat/uk_0057.mfc
INFO: sphinx_fe.c(764): Converting /home/lolo/ukr_model/wav/uk_0058.wav to /home/lolo/ukr_model/feat/uk_0058.mfc
INFO: sphinx_fe.c(764): Converting /home/lolo/ukr_model/wav/uk_0059.wav to /home/lolo/ukr_model/feat/uk_0059.mfc
INFO: sphinx_fe.c(764): Converting /home/lolo/ukr_model/wav/uk_0060.wav to /home/lolo/ukr_model/feat/uk_0060.mfc
INFO: sphinx_fe.c(764): Converting /home/lolo/ukr_model/wav/uk_0061.wav to /home/lolo/ukr_model/feat/uk_0061.mfc
INFO: sphinx_fe.c(764): Converting /home/lolo/ukr_model/wav/uk_0062.wav to /home/lolo/ukr_model/feat/uk_0062.mfc
INFO: sphinx_fe.c(764): Converting /home/lolo/ukr_model/wav/uk_0063.wav to /home/lolo/ukr_model/feat/uk_0063.mfc
INFO: sphinx_fe.c(764): Converting /home/lolo/ukr_model/wav/uk_0064.wav to /home/lolo/ukr_model/feat/uk_0064.mfc
INFO: sphinx_fe.c(764): Converting /home/lolo/ukr_model/wav/uk_0065.wav to /home/lolo/ukr_model/feat/uk_0065.mfc
INFO: sphinx_fe.c(764): Converting /home/lolo/ukr_model/wav/uk_0066.wav to /home/lolo/ukr_model/feat/uk_0066.mfc
INFO: sphinx_fe.c(764): Converting /home/lolo/ukr_model/wav/uk_0067.wav to /home/lolo/ukr_model/feat/uk_0067.mfc
INFO: sphinx_fe.c(764): Converting /home/lolo/ukr_model/wav/uk_0068.wav to /home/lolo/ukr_model/feat/uk_0068.mfc
INFO: sphinx_fe.c(764): Converting /home/lolo/ukr_model/wav/uk_0069.wav to /home/lolo/ukr_model/feat/uk_0069.mfc
INFO: sphinx_fe.c(764): Converting /home/lolo/ukr_model/wav/uk_0070.wav to /home/lolo/ukr_model/feat/uk_0070.mfc
INFO: sphinx_fe.c(764): Converting /home/lolo/ukr_model/wav/uk_0071.wav to /home/lolo/ukr_model/feat/uk_0071.mfc
INFO: sphinx_fe.c(764): Converting /home/lolo/ukr_model/wav/uk_0072.wav to /home/lolo/ukr_model/feat/uk_0072.mfc
INFO: sphinx_fe.c(764): Converting /home/lolo/ukr_model/wav/uk_0073.wav to /home/lolo/ukr_model/feat/uk_0073.mfc
INFO: sphinx_fe.c(764): Converting /home/lolo/ukr_model/wav/uk_0074.wav to /home/lolo/ukr_model/feat/uk_0074.mfc
INFO: sphinx_fe.c(764): Converting /home/lolo/ukr_model/wav/uk_0075.wav to /home/lolo/ukr_model/feat/uk_0075.mfc
INFO: sphinx_fe.c(764): Converting /home/lolo/ukr_model/wav/uk_0076.wav to /home/lolo/ukr_model/feat/uk_0076.mfc
INFO: sphinx_fe.c(764): Converting /home/lolo/ukr_model/wav/uk_0077.wav to /home/lolo/ukr_model/feat/uk_0077.mfc
INFO: sphinx_fe.c(764): Converting /home/lolo/ukr_model/wav/uk_0078.wav to /home/lolo/ukr_model/feat/uk_0078.mfc
INFO: sphinx_fe.c(764): Converting /home/lolo/ukr_model/wav/uk_0079.wav to /home/lolo/ukr_model/feat/uk_0079.mfc
INFO: sphinx_fe.c(764): Converting /home/lolo/ukr_model/wav/uk_0080.wav to /home/lolo/ukr_model/feat/uk_0080.mfc
INFO: sphinx_fe.c(764): Converting /home/lolo/ukr_model/wav/uk_0081.wav to /home/lolo/ukr_model/feat/uk_0081.mfc
INFO: sphinx_fe.c(764): Converting /home/lolo/ukr_model/wav/uk_0082.wav to /home/lolo/ukr_model/feat/uk_0082.mfc
INFO: sphinx_fe.c(764): Converting /home/lolo/ukr_model/wav/uk_0083.wav to /home/lolo/ukr_model/feat/uk_0083.mfc
INFO: sphinx_fe.c(764): Converting /home/lolo/ukr_model/wav/uk_0084.wav to /home/lolo/ukr_model/feat/uk_0084.mfc
INFO: sphinx_fe.c(764): Converting /home/lolo/ukr_model/wav/uk_0085.wav to /home/lolo/ukr_model/feat/uk_0085.mfc
INFO: sphinx_fe.c(764): Converting /home/lolo/ukr_model/wav/uk_0086.wav to /home/lolo/ukr_model/feat/uk_0086.mfc
INFO: sphinx_fe.c(764): Converting /home/lolo/ukr_model/wav/uk_0087.wav to /home/lolo/ukr_model/feat/uk_0087.mfc
INFO: sphinx_fe.c(764): Converting /home/lolo/ukr_model/wav/uk_0088.wav to /home/lolo/ukr_model/feat/uk_0088.mfc
INFO: sphinx_fe.c(764): Converting /home/lolo/ukr_model/wav/uk_0089.wav to /home/lolo/ukr_model/feat/uk_0089.mfc
INFO: sphinx_fe.c(764): Converting /home/lolo/ukr_model/wav/uk_0090.wav to /home/lolo/ukr_model/feat/uk_0090.mfc
INFO: sphinx_fe.c(764): Converting /home/lolo/ukr_model/wav/uk_0091.wav to /home/lolo/ukr_model/feat/uk_0091.mfc
INFO: sphinx_fe.c(764): Converting /home/lolo/ukr_model/wav/uk_0092.wav to /home/lolo/ukr_model/feat/uk_0092.mfc
INFO: sphinx_fe.c(764): Converting /home/lolo/ukr_model/wav/uk_0093.wav to /home/lolo/ukr_model/feat/uk_0093.mfc
INFO: sphinx_fe.c(764): Converting /home/lolo/ukr_model/wav/uk_0094.wav to /home/lolo/ukr_model/feat/uk_0094.mfc
INFO: sphinx_fe.c(764): Converting /home/lolo/ukr_model/wav/uk_0095.wav to /home/lolo/ukr_model/feat/uk_0095.mfc
INFO: sphinx_fe.c(764): Converting /home/lolo/ukr_model/wav/uk_0096.wav to /home/lolo/ukr_model/feat/uk_0096.mfc
INFO: sphinx_fe.c(764): Converting /home/lolo/ukr_model/wav/uk_0097.wav to /home/lolo/ukr_model/feat/uk_0097.mfc
INFO: sphinx_fe.c(764): Converting /home/lolo/ukr_model/wav/uk_0098.wav to /home/lolo/ukr_model/feat/uk_0098.mfc
INFO: sphinx_fe.c(764): Converting /home/lolo/ukr_model/wav/uk_0099.wav to /home/lolo/ukr_model/feat/uk_0099.mfc
INFO: sphinx_fe.c(764): Converting /home/lolo/ukr_model/wav/uk_0100.wav to /home/lolo/ukr_model/feat/uk_0100.mfc
INFO: sphinx_fe.c(764): Converting /home/lolo/ukr_model/wav/uk_0101.wav to /home/lolo/ukr_model/feat/uk_0101.mfc
INFO: sphinx_fe.c(764): Converting /home/lolo/ukr_model/wav/uk_0102.wav to /home/lolo/ukr_model/feat/uk_0102.mfc
INFO: sphinx_fe.c(764): Converting /home/lolo/ukr_model/wav/uk_0103.wav to /home/lolo/ukr_model/feat/uk_0103.mfc
INFO: sphinx_fe.c(764): Converting /home/lolo/ukr_model/wav/uk_0104.wav to /home/lolo/ukr_model/feat/uk_0104.mfc
INFO: sphinx_fe.c(764): Converting /home/lolo/ukr_model/wav/uk_0105.wav to /home/lolo/ukr_model/feat/uk_0105.mfc
INFO: sphinx_fe.c(764): Converting /home/lolo/ukr_model/wav/uk_0106.wav to /home/lolo/ukr_model/feat/uk_0106.mfc
INFO: sphinx_fe.c(764): Converting /home/lolo/ukr_model/wav/uk_0107.wav to /home/lolo/ukr_model/feat/uk_0107.mfc
INFO: sphinx_fe.c(764): Converting /home/lolo/ukr_model/wav/uk_0108.wav to /home/lolo/ukr_model/feat/uk_0108.mfc
INFO: sphinx_fe.c(764): Converting /home/lolo/ukr_model/wav/uk_0109.wav to /home/lolo/ukr_model/feat/uk_0109.mfc
INFO: sphinx_fe.c(764): Converting /home/lolo/ukr_model/wav/uk_0110.wav to /home/lolo/ukr_model/feat/uk_0110.mfc
INFO: sphinx_fe.c(764): Converting /home/lolo/ukr_model/wav/uk_0111.wav to /home/lolo/ukr_model/feat/uk_0111.mfc
INFO: sphinx_fe.c(764): Converting /home/lolo/ukr_model/wav/uk_0112.wav to /home/lolo/ukr_model/feat/uk_0112.mfc
INFO: sphinx_fe.c(764): Converting /home/lolo/ukr_model/wav/uk_0113.wav to /home/lolo/ukr_model/feat/uk_0113.mfc
INFO: sphinx_fe.c(764): Converting /home/lolo/ukr_model/wav/uk_0114.wav to /home/lolo/ukr_model/feat/uk_0114.mfc
INFO: sphinx_fe.c(764): Converting /home/lolo/ukr_model/wav/uk_0115.wav to /home/lolo/ukr_model/feat/uk_0115.mfc
INFO: sphinx_fe.c(764): Converting /home/lolo/ukr_model/wav/uk_0116.wav to /home/lolo/ukr_model/feat/uk_0116.mfc
INFO: sphinx_fe.c(764): Converting /home/lolo/ukr_model/wav/uk_0117.wav to /home/lolo/ukr_model/feat/uk_0117.mfc
INFO: sphinx_fe.c(764): Converting /home/lolo/ukr_model/wav/uk_0118.wav to /home/lolo/ukr_model/feat/uk_0118.mfc
INFO: sphinx_fe.c(764): Converting /home/lolo/ukr_model/wav/uk_0119.wav to /home/lolo/ukr_model/feat/uk_0119.mfc
INFO: sphinx_fe.c(764): Converting /home/lolo/ukr_model/wav/uk_0120.wav to /home/lolo/ukr_model/feat/uk_0120.mfc
INFO: sphinx_fe.c(764): Converting /home/lolo/ukr_model/wav/uk_0121.wav to /home/lolo/ukr_model/feat/uk_0121.mfc
INFO: sphinx_fe.c(764): Converting /home/lolo/ukr_model/wav/uk_0122.wav to /home/lolo/ukr_model/feat/uk_0122.mfc
INFO: sphinx_fe.c(764): Converting /home/lolo/ukr_model/wav/uk_0123.wav to /home/lolo/ukr_model/feat/uk_0123.mfc
INFO: sphinx_fe.c(764): Converting /home/lolo/ukr_model/wav/uk_0124.wav to /home/lolo/ukr_model/feat/uk_0124.mfc
INFO: sphinx_fe.c(764): Converting /home/lolo/ukr_model/wav/uk_0125.wav to /home/lolo/ukr_model/feat/uk_0125.mfc
INFO: sphinx_fe.c(764): Converting /home/lolo/ukr_model/wav/uk_0126.wav to /home/lolo/ukr_model/feat/uk_0126.mfc
INFO: sphinx_fe.c(764): Converting /home/lolo/ukr_model/wav/uk_0127.wav to /home/lolo/ukr_model/feat/uk_0127.mfc
INFO: sphinx_fe.c(764): Converting /home/lolo/ukr_model/wav/uk_0128.wav to /home/lolo/ukr_model/feat/uk_0128.mfc
INFO: sphinx_fe.c(764): Converting /home/lolo/ukr_model/wav/uk_0129.wav to /home/lolo/ukr_model/feat/uk_0129.mfc
INFO: sphinx_fe.c(764): Converting /home/lolo/ukr_model/wav/uk_0130.wav to /home/lolo/ukr_model/feat/uk_0130.mfc
INFO: sphinx_fe.c(764): Converting /home/lolo/ukr_model/wav/uk_0131.wav to /home/lolo/ukr_model/feat/uk_0131.mfc
INFO: sphinx_fe.c(764): Converting /home/lolo/ukr_model/wav/uk_0132.wav to /home/lolo/ukr_model/feat/uk_0132.mfc
INFO: sphinx_fe.c(764): Converting /home/lolo/ukr_model/wav/uk_0133.wav to /home/lolo/ukr_model/feat/uk_0133.mfc
INFO: sphinx_fe.c(764): Converting /home/lolo/ukr_model/wav/uk_0134.wav to /home/lolo/ukr_model/feat/uk_0134.mfc
INFO: sphinx_fe.c(764): Converting /home/lolo/ukr_model/wav/uk_0135.wav to /home/lolo/ukr_model/feat/uk_0135.mfc
INFO: sphinx_fe.c(764): Converting /home/lolo/ukr_model/wav/uk_0136.wav to /home/lolo/ukr_model/feat/uk_0136.mfc
INFO: sphinx_fe.c(764): Converting /home/lolo/ukr_model/wav/uk_0137.wav to /home/lolo/ukr_model/feat/uk_0137.mfc
INFO: sphinx_fe.c(764): Converting /home/lolo/ukr_model/wav/uk_0138.wav to /home/lolo/ukr_model/feat/uk_0138.mfc
INFO: sphinx_fe.c(764): Converting /home/lolo/ukr_model/wav/uk_0139.wav to /home/lolo/ukr_model/feat/uk_0139.mfc
INFO: sphinx_fe.c(764): Converting /home/lolo/ukr_model/wav/uk_0140.wav to /home/lolo/ukr_model/feat/uk_0140.mfc
INFO: sphinx_fe.c(764): Converting /home/lolo/ukr_model/wav/uk_0141.wav to /home/lolo/ukr_model/feat/uk_0141.mfc
INFO: sphinx_fe.c(764): Converting /home/lolo/ukr_model/wav/uk_0142.wav to /home/lolo/ukr_model/feat/uk_0142.mfc
INFO: sphinx_fe.c(764): Converting /home/lolo/ukr_model/wav/uk_0143.wav to /home/lolo/ukr_model/feat/uk_0143.mfc
INFO: sphinx_fe.c(764): Converting /home/lolo/ukr_model/wav/uk_0144.wav to /home/lolo/ukr_model/feat/uk_0144.mfc
INFO: sphinx_fe.c(764): Converting /home/lolo/ukr_model/wav/uk_0145.wav to /home/lolo/ukr_model/feat/uk_0145.mfc
INFO: sphinx_fe.c(764): Converting /home/lolo/ukr_model/wav/uk_0146.wav to /home/lolo/ukr_model/feat/uk_0146.mfc
INFO: sphinx_fe.c(764): Converting /home/lolo/ukr_model/wav/uk_0147.wav to /home/lolo/ukr_model/feat/uk_0147.mfc
INFO: sphinx_fe.c(764): Converting /home/lolo/ukr_model/wav/uk_0148.wav to /home/lolo/ukr_model/feat/uk_0148.mfc
INFO: sphinx_fe.c(764): Converting /home/lolo/ukr_model/wav/uk_0149.wav to /home/lolo/ukr_model/feat/uk_0149.mfc
INFO: sphinx_fe.c(764): Converting /home/lolo/ukr_model/wav/uk_0150.wav to /home/lolo/ukr_model/feat/uk_0150.mfc
INFO: sphinx_fe.c(764): Converting /home/lolo/ukr_model/wav/uk_0151.wav to /home/lolo/ukr_model/feat/uk_0151.mfc
INFO: sphinx_fe.c(764): Converting /home/lolo/ukr_model/wav/uk_0152.wav to /home/lolo/ukr_model/feat/uk_0152.mfc
INFO: sphinx_fe.c(764): Converting /home/lolo/ukr_model/wav/uk_0153.wav to /home/lolo/ukr_model/feat/uk_0153.mfc
INFO: sphinx_fe.c(764): Converting /home/lolo/ukr_model/wav/uk_0154.wav to /home/lolo/ukr_model/feat/uk_0154.mfc
INFO: sphinx_fe.c(764): Converting /home/lolo/ukr_model/wav/uk_0155.wav to /home/lolo/ukr_model/feat/uk_0155.mfc
INFO: sphinx_fe.c(764): Converting /home/lolo/ukr_model/wav/uk_0156.wav to /home/lolo/ukr_model/feat/uk_0156.mfc
INFO: sphinx_fe.c(764): Converting /home/lolo/ukr_model/wav/uk_0157.wav to /home/lolo/ukr_model/feat/uk_0157.mfc
INFO: sphinx_fe.c(764): Converting /home/lolo/ukr_model/wav/uk_0158.wav to /home/lolo/ukr_model/feat/uk_0158.mfc
INFO: sphinx_fe.c(764): Converting /home/lolo/ukr_model/wav/uk_0159.wav to /home/lolo/ukr_model/feat/uk_0159.mfc
INFO: sphinx_fe.c(764): Converting /home/lolo/ukr_model/wav/uk_0160.wav to /home/lolo/ukr_model/feat/uk_0160.mfc
INFO: sphinx_fe.c(764): Converting /home/lolo/ukr_model/wav/uk_0161.wav to /home/lolo/ukr_model/feat/uk_0161.mfc
INFO: sphinx_fe.c(764): Converting /home/lolo/ukr_model/wav/uk_0162.wav to /home/lolo/ukr_model/feat/uk_0162.mfc
INFO: sphinx_fe.c(764): Converting /home/lolo/ukr_model/wav/uk_0163.wav to /home/lolo/ukr_model/feat/uk_0163.mfc
INFO: sphinx_fe.c(764): Converting /home/lolo/ukr_model/wav/uk_0164.wav to /home/lolo/ukr_model/feat/uk_0164.mfc
INFO: sphinx_fe.c(764): Converting /home/lolo/ukr_model/wav/uk_0165.wav to /home/lolo/ukr_model/feat/uk_0165.mfc
INFO: sphinx_fe.c(764): Converting /home/lolo/ukr_model/wav/uk_0166.wav to /home/lolo/ukr_model/feat/uk_0166.mfc
INFO: sphinx_fe.c(764): Converting /home/lolo/ukr_model/wav/uk_0167.wav to /home/lolo/ukr_model/feat/uk_0167.mfc
INFO: sphinx_fe.c(764): Converting /home/lolo/ukr_model/wav/uk_0168.wav to /home/lolo/ukr_model/feat/uk_0168.mfc
INFO: sphinx_fe.c(764): Converting /home/lolo/ukr_model/wav/uk_0169.wav to /home/lolo/ukr_model/feat/uk_0169.mfc
INFO: sphinx_fe.c(764): Converting /home/lolo/ukr_model/wav/uk_0170.wav to /home/lolo/ukr_model/feat/uk_0170.mfc
INFO: sphinx_fe.c(764): Converting /home/lolo/ukr_model/wav/uk_0171.wav to /home/lolo/ukr_model/feat/uk_0171.mfc
INFO: sphinx_fe.c(764): Converting /home/lolo/ukr_model/wav/uk_0172.wav to /home/lolo/ukr_model/feat/uk_0172.mfc
INFO: sphinx_fe.c(764): Converting /home/lolo/ukr_model/wav/uk_0173.wav to /home/lolo/ukr_model/feat/uk_0173.mfc
INFO: sphinx_fe.c(764): Converting /home/lolo/ukr_model/wav/uk_0174.wav to /home/lolo/ukr_model/feat/uk_0174.mfc
INFO: sphinx_fe.c(764): Converting /home/lolo/ukr_model/wav/uk_0175.wav to /home/lolo/ukr_model/feat/uk_0175.mfc
INFO: sphinx_fe.c(764): Converting /home/lolo/ukr_model/wav/uk_0176.wav to /home/lolo/ukr_model/feat/uk_0176.mfc
INFO: sphinx_fe.c(764): Converting /home/lolo/ukr_model/wav/uk_0177.wav to /home/lolo/ukr_model/feat/uk_0177.mfc
INFO: sphinx_fe.c(764): Converting /home/lolo/ukr_model/wav/uk_0178.wav to /home/lolo/ukr_model/feat/uk_0178.mfc
INFO: sphinx_fe.c(764): Converting /home/lolo/ukr_model/wav/uk_0179.wav to /home/lolo/ukr_model/feat/uk_0179.mfc
INFO: sphinx_fe.c(764): Converting /home/lolo/ukr_model/wav/uk_0180.wav to /home/lolo/ukr_model/feat/uk_0180.mfc
INFO: sphinx_fe.c(764): Converting /home/lolo/ukr_model/wav/uk_0181.wav to /home/lolo/ukr_model/feat/uk_0181.mfc
INFO: sphinx_fe.c(764): Converting /home/lolo/ukr_model/wav/uk_0182.wav to /home/lolo/ukr_model/feat/uk_0182.mfc
INFO: sphinx_fe.c(764): Converting /home/lolo/ukr_model/wav/uk_0183.wav to /home/lolo/ukr_model/feat/uk_0183.mfc
INFO: sphinx_fe.c(764): Converting /home/lolo/ukr_model/wav/uk_0184.wav to /home/lolo/ukr_model/feat/uk_0184.mfc
INFO: sphinx_fe.c(764): Converting /home/lolo/ukr_model/wav/uk_0185.wav to /home/lolo/ukr_model/feat/uk_0185.mfc
INFO: sphinx_fe.c(764): Converting /home/lolo/ukr_model/wav/uk_0186.wav to /home/lolo/ukr_model/feat/uk_0186.mfc
INFO: sphinx_fe.c(764): Converting /home/lolo/ukr_model/wav/uk_0187.wav to /home/lolo/ukr_model/feat/uk_0187.mfc
INFO: sphinx_fe.c(764): Converting /home/lolo/ukr_model/wav/uk_0188.wav to /home/lolo/ukr_model/feat/uk_0188.mfc
INFO: sphinx_fe.c(764): Converting /home/lolo/ukr_model/wav/uk_0189.wav to /home/lolo/ukr_model/feat/uk_0189.mfc
INFO: sphinx_fe.c(764): Converting /home/lolo/ukr_model/wav/uk_0190.wav to /home/lolo/ukr_model/feat/uk_0190.mfc
INFO: sphinx_fe.c(764): Converting /home/lolo/ukr_model/wav/uk_0191.wav to /home/lolo/ukr_model/feat/uk_0191.mfc
INFO: sphinx_fe.c(764): Converting /home/lolo/ukr_model/wav/uk_0192.wav to /home/lolo/ukr_model/feat/uk_0192.mfc
INFO: sphinx_fe.c(764): Converting /home/lolo/ukr_model/wav/uk_0193.wav to /home/lolo/ukr_model/feat/uk_0193.mfc
INFO: sphinx_fe.c(764): Converting /home/lolo/ukr_model/wav/uk_0194.wav to /home/lolo/ukr_model/feat/uk_0194.mfc
INFO: sphinx_fe.c(764): Converting /home/lolo/ukr_model/wav/uk_0195.wav to /home/lolo/ukr_model/feat/uk_0195.mfc
INFO: sphinx_fe.c(764): Converting /home/lolo/ukr_model/wav/uk_0196.wav to /home/lolo/ukr_model/feat/uk_0196.mfc
INFO: sphinx_fe.c(764): Converting /home/lolo/ukr_model/wav/uk_0197.wav to /home/lolo/ukr_model/feat/uk_0197.mfc
INFO: sphinx_fe.c(764): Converting /home/lolo/ukr_model/wav/uk_0198.wav to /home/lolo/ukr_model/feat/uk_0198.mfc
INFO: sphinx_fe.c(764): Converting /home/lolo/ukr_model/wav/uk_0199.wav to /home/lolo/ukr_model/feat/uk_0199.mfc
INFO: sphinx_fe.c(764): Converting /home/lolo/ukr_model/wav/uk_0200.wav to /home/lolo/ukr_model/feat/uk_0200.mfc
INFO: sphinx_fe.c(764): Converting /home/lolo/ukr_model/wav/uk_0201.wav to /home/lolo/ukr_model/feat/uk_0201.mfc
INFO: sphinx_fe.c(764): Converting /home/lolo/ukr_model/wav/uk_0202.wav to /home/lolo/ukr_model/feat/uk_0202.mfc
INFO: sphinx_fe.c(764): Converting /home/lolo/ukr_model/wav/uk_0203.wav to /home/lolo/ukr_model/feat/uk_0203.mfc
INFO: sphinx_fe.c(764): Converting /home/lolo/ukr_model/wav/uk_0204.wav to /home/lolo/ukr_model/feat/uk_0204.mfc
INFO: sphinx_fe.c(764): Converting /home/lolo/ukr_model/wav/uk_0205.wav to /home/lolo/ukr_model/feat/uk_0205.mfc
INFO: sphinx_fe.c(764): Converting /home/lolo/ukr_model/wav/uk_0206.wav to /home/lolo/ukr_model/feat/uk_0206.mfc
INFO: sphinx_fe.c(764): Converting /home/lolo/ukr_model/wav/uk_0207.wav to /home/lolo/ukr_model/feat/uk_0207.mfc
INFO: sphinx_fe.c(764): Converting /home/lolo/ukr_model/wav/uk_0208.wav to /home/lolo/ukr_model/feat/uk_0208.mfc
INFO: sphinx_fe.c(764): Converting /home/lolo/ukr_model/wav/uk_0209.wav to /home/lolo/ukr_model/feat/uk_0209.mfc
INFO: sphinx_fe.c(764): Converting /home/lolo/ukr_model/wav/uk_0210.wav to /home/lolo/ukr_model/feat/uk_0210.mfc
INFO: sphinx_fe.c(764): Converting /home/lolo/ukr_model/wav/uk_0211.wav to /home/lolo/ukr_model/feat/uk_0211.mfc
INFO: sphinx_fe.c(764): Converting /home/lolo/ukr_model/wav/uk_0212.wav to /home/lolo/ukr_model/feat/uk_0212.mfc
INFO: sphinx_fe.c(764): Converting /home/lolo/ukr_model/wav/uk_0213.wav to /home/lolo/ukr_model/feat/uk_0213.mfc
INFO: sphinx_fe.c(764): Converting /home/lolo/ukr_model/wav/uk_0214.wav to /home/lolo/ukr_model/feat/uk_0214.mfc
INFO: sphinx_fe.c(764): Converting /home/lolo/ukr_model/wav/uk_0215.wav to /home/lolo/ukr_model/feat/uk_0215.mfc
INFO: sphinx_fe.c(764): Converting /home/lolo/ukr_model/wav/uk_0216.wav to /home/lolo/ukr_model/feat/uk_0216.mfc
INFO: sphinx_fe.c(764): Converting /home/lolo/ukr_model/wav/uk_0217.wav to /home/lolo/ukr_model/feat/uk_0217.mfc
INFO: sphinx_fe.c(764): Converting /home/lolo/ukr_model/wav/uk_0218.wav to /home/lolo/ukr_model/feat/uk_0218.mfc
INFO: sphinx_fe.c(764): Converting /home/lolo/ukr_model/wav/uk_0219.wav to /home/lolo/ukr_model/feat/uk_0219.mfc
INFO: sphinx_fe.c(764): Converting /home/lolo/ukr_model/wav/uk_0220.wav to /home/lolo/ukr_model/feat/uk_0220.mfc
INFO: sphinx_fe.c(764): Converting /home/lolo/ukr_model/wav/uk_0221.wav to /home/lolo/ukr_model/feat/uk_0221.mfc
INFO: sphinx_fe.c(764): Converting /home/lolo/ukr_model/wav/uk_0222.wav to /home/lolo/ukr_model/feat/uk_0222.mfc
INFO: sphinx_fe.c(764): Converting /home/lolo/ukr_model/wav/uk_0223.wav to /home/lolo/ukr_model/feat/uk_0223.mfc
INFO: sphinx_fe.c(764): Converting /home/lolo/ukr_model/wav/uk_0224.wav to /home/lolo/ukr_model/feat/uk_0224.mfc
INFO: sphinx_fe.c(764): Converting /home/lolo/ukr_model/wav/uk_0225.wav to /home/lolo/ukr_model/feat/uk_0225.mfc
INFO: sphinx_fe.c(764): Converting /home/lolo/ukr_model/wav/uk_0226.wav to /home/lolo/ukr_model/feat/uk_0226.mfc
INFO: sphinx_fe.c(764): Converting /home/lolo/ukr_model/wav/uk_0227.wav to /home/lolo/ukr_model/feat/uk_0227.mfc
INFO: sphinx_fe.c(764): Converting /home/lolo/ukr_model/wav/uk_0228.wav to /home/lolo/ukr_model/feat/uk_0228.mfc
INFO: sphinx_fe.c(764): Converting /home/lolo/ukr_model/wav/uk_0229.wav to /home/lolo/ukr_model/feat/uk_0229.mfc
INFO: sphinx_fe.c(764): Converting /home/lolo/ukr_model/wav/uk_0230.wav to /home/lolo/ukr_model/feat/uk_0230.mfc
INFO: sphinx_fe.c(764): Converting /home/lolo/ukr_model/wav/uk_0231.wav to /home/lolo/ukr_model/feat/uk_0231.mfc
INFO: sphinx_fe.c(764): Converting /home/lolo/ukr_model/wav/uk_0232.wav to /home/lolo/ukr_model/feat/uk_0232.mfc
INFO: sphinx_fe.c(764): Converting /home/lolo/ukr_model/wav/uk_0233.wav to /home/lolo/ukr_model/feat/uk_0233.mfc
INFO: sphinx_fe.c(764): Converting /home/lolo/ukr_model/wav/uk_0234.wav to /home/lolo/ukr_model/feat/uk_0234.mfc
INFO: sphinx_fe.c(764): Converting /home/lolo/ukr_model/wav/uk_0235.wav to /home/lolo/ukr_model/feat/uk_0235.mfc
INFO: sphinx_fe.c(764): Converting /home/lolo/ukr_model/wav/uk_0236.wav to /home/lolo/ukr_model/feat/uk_0236.mfc
INFO: sphinx_fe.c(764): Converting /home/lolo/ukr_model/wav/uk_0237.wav to /home/lolo/ukr_model/feat/uk_0237.mfc
INFO: sphinx_fe.c(764): Converting /home/lolo/ukr_model/wav/uk_0238.wav to /home/lolo/ukr_model/feat/uk_0238.mfc
INFO: sphinx_fe.c(764): Converting /home/lolo/ukr_model/wav/uk_0239.wav to /home/lolo/ukr_model/feat/uk_0239.mfc
INFO: sphinx_fe.c(764): Converting /home/lolo/ukr_model/wav/uk_0240.wav to /home/lolo/ukr_model/feat/uk_0240.mfc
INFO: sphinx_fe.c(764): Converting /home/lolo/ukr_model/wav/uk_0241.wav to /home/lolo/ukr_model/feat/uk_0241.mfc
INFO: sphinx_fe.c(764): Converting /home/lolo/ukr_model/wav/uk_0242.wav to /home/lolo/ukr_model/feat/uk_0242.mfc
INFO: sphinx_fe.c(764): Converting /home/lolo/ukr_model/wav/uk_0243.wav to /home/lolo/ukr_model/feat/uk_0243.mfc
INFO: sphinx_fe.c(764): Converting /home/lolo/ukr_model/wav/uk_0244.wav to /home/lolo/ukr_model/feat/uk_0244.mfc
INFO: sphinx_fe.c(764): Converting /home/lolo/ukr_model/wav/uk_0245.wav to /home/lolo/ukr_model/feat/uk_0245.mfc
INFO: sphinx_fe.c(764): Converting /home/lolo/ukr_model/wav/uk_0246.wav to /home/lolo/ukr_model/feat/uk_0246.mfc
INFO: sphinx_fe.c(764): Converting /home/lolo/ukr_model/wav/uk_0247.wav to /home/lolo/ukr_model/feat/uk_0247.mfc
INFO: sphinx_fe.c(764): Converting /home/lolo/ukr_model/wav/uk_0248.wav to /home/lolo/ukr_model/feat/uk_0248.mfc
INFO: sphinx_fe.c(764): Converting /home/lolo/ukr_model/wav/uk_0249.wav to /home/lolo/ukr_model/feat/uk_0249.mfc
INFO: sphinx_fe.c(764): Converting /home/lolo/ukr_model/wav/uk_0250.wav to /home/lolo/ukr_model/feat/uk_0250.mfc
INFO: sphinx_fe.c(764): Converting /home/lolo/ukr_model/wav/uk_0251.wav to /home/lolo/ukr_model/feat/uk_0251.mfc
INFO: sphinx_fe.c(764): Converting /home/lolo/ukr_model/wav/uk_0252.wav to /home/lolo/ukr_model/feat/uk_0252.mfc
INFO: sphinx_fe.c(764): Converting /home/lolo/ukr_model/wav/uk_0253.wav to /home/lolo/ukr_model/feat/uk_0253.mfc
INFO: sphinx_fe.c(764): Converting /home/lolo/ukr_model/wav/uk_0254.wav to /home/lolo/ukr_model/feat/uk_0254.mfc
INFO: sphinx_fe.c(764): Converting /home/lolo/ukr_model/wav/uk_0255.wav to /home/lolo/ukr_model/feat/uk_0255.mfc
INFO: sphinx_fe.c(764): Converting /home/lolo/ukr_model/wav/uk_0256.wav to /home/lolo/ukr_model/feat/uk_0256.mfc
INFO: sphinx_fe.c(764): Converting /home/lolo/ukr_model/wav/uk_0257.wav to /home/lolo/ukr_model/feat/uk_0257.mfc
INFO: sphinx_fe.c(764): Converting /home/lolo/ukr_model/wav/uk_0258.wav to /home/lolo/ukr_model/feat/uk_0258.mfc
INFO: sphinx_fe.c(764): Converting /home/lolo/ukr_model/wav/uk_0259.wav to /home/lolo/ukr_model/feat/uk_0259.mfc
INFO: sphinx_fe.c(764): Converting /home/lolo/ukr_model/wav/uk_0260.wav to /home/lolo/ukr_model/feat/uk_0260.mfc
INFO: sphinx_fe.c(764): Converting /home/lolo/ukr_model/wav/uk_0261.wav to /home/lolo/ukr_model/feat/uk_0261.mfc
INFO: sphinx_fe.c(764): Converting /home/lolo/ukr_model/wav/uk_0262.wav to /home/lolo/ukr_model/feat/uk_0262.mfc
INFO: sphinx_fe.c(764): Converting /home/lolo/ukr_model/wav/uk_0263.wav to /home/lolo/ukr_model/feat/uk_0263.mfc
INFO: sphinx_fe.c(764): Converting /home/lolo/ukr_model/wav/uk_0264.wav to /home/lolo/ukr_model/feat/uk_0264.mfc
INFO: sphinx_fe.c(764): Converting /home/lolo/ukr_model/wav/uk_0265.wav to /home/lolo/ukr_model/feat/uk_0265.mfc
INFO: sphinx_fe.c(764): Converting /home/lolo/ukr_model/wav/uk_0266.wav to /home/lolo/ukr_model/feat/uk_0266.mfc
INFO: sphinx_fe.c(764): Converting /home/lolo/ukr_model/wav/uk_0267.wav to /home/lolo/ukr_model/feat/uk_0267.mfc
INFO: sphinx_fe.c(764): Converting /home/lolo/ukr_model/wav/uk_0268.wav to /home/lolo/ukr_model/feat/uk_0268.mfc
INFO: sphinx_fe.c(764): Converting /home/lolo/ukr_model/wav/uk_0269.wav to /home/lolo/ukr_model/feat/uk_0269.mfc
INFO: sphinx_fe.c(764): Converting /home/lolo/ukr_model/wav/uk_0270.wav to /home/lolo/ukr_model/feat/uk_0270.mfc
INFO: sphinx_fe.c(764): Converting /home/lolo/ukr_model/wav/uk_0271.wav to /home/lolo/ukr_model/feat/uk_0271.mfc
INFO: sphinx_fe.c(764): Converting /home/lolo/ukr_model/wav/uk_0272.wav to /home/lolo/ukr_model/feat/uk_0272.mfc
INFO: sphinx_fe.c(764): Converting /home/lolo/ukr_model/wav/uk_0273.wav to /home/lolo/ukr_model/feat/uk_0273.mfc
INFO: sphinx_fe.c(764): Converting /home/lolo/ukr_model/wav/uk_0274.wav to /home/lolo/ukr_model/feat/uk_0274.mfc
INFO: sphinx_fe.c(764): Converting /home/lolo/ukr_model/wav/uk_0275.wav to /home/lolo/ukr_model/feat/uk_0275.mfc
INFO: sphinx_fe.c(764): Converting /home/lolo/ukr_model/wav/uk_0276.wav to /home/lolo/ukr_model/feat/uk_0276.mfc
INFO: sphinx_fe.c(764): Converting /home/lolo/ukr_model/wav/uk_0277.wav to /home/lolo/ukr_model/feat/uk_0277.mfc
INFO: sphinx_fe.c(764): Converting /home/lolo/ukr_model/wav/uk_0278.wav to /home/lolo/ukr_model/feat/uk_0278.mfc
INFO: sphinx_fe.c(764): Converting /home/lolo/ukr_model/wav/uk_0279.wav to /home/lolo/ukr_model/feat/uk_0279.mfc
INFO: sphinx_fe.c(764): Converting /home/lolo/ukr_model/wav/uk_0280.wav to /home/lolo/ukr_model/feat/uk_0280.mfc
INFO: sphinx_fe.c(764): Converting /home/lolo/ukr_model/wav/uk_0281.wav to /home/lolo/ukr_model/feat/uk_0281.mfc
INFO: sphinx_fe.c(764): Converting /home/lolo/ukr_model/wav/uk_0282.wav to /home/lolo/ukr_model/feat/uk_0282.mfc
INFO: sphinx_fe.c(764): Converting /home/lolo/ukr_model/wav/uk_0283.wav to /home/lolo/ukr_model/feat/uk_0283.mfc
INFO: sphinx_fe.c(764): Converting /home/lolo/ukr_model/wav/uk_0284.wav to /home/lolo/ukr_model/feat/uk_0284.mfc
INFO: sphinx_fe.c(764): Converting /home/lolo/ukr_model/wav/uk_0285.wav to /home/lolo/ukr_model/feat/uk_0285.mfc
INFO: sphinx_fe.c(764): Converting /home/lolo/ukr_model/wav/uk_0286.wav to /home/lolo/ukr_model/feat/uk_0286.mfc
INFO: sphinx_fe.c(764): Converting /home/lolo/ukr_model/wav/uk_0287.wav to /home/lolo/ukr_model/feat/uk_0287.mfc
INFO: sphinx_fe.c(764): Converting /home/lolo/ukr_model/wav/uk_0288.wav to /home/lolo/ukr_model/feat/uk_0288.mfc
INFO: sphinx_fe.c(764): Converting /home/lolo/ukr_model/wav/uk_0289.wav to /home/lolo/ukr_model/feat/uk_0289.mfc
INFO: sphinx_fe.c(764): Converting /home/lolo/ukr_model/wav/uk_0290.wav to /home/lolo/ukr_model/feat/uk_0290.mfc
Fri Mar 25 02:22:15 2016
