        INFO: main.c(229): Compiled on Mar 21 2016 at 12:10:30
Current configuration:
[NAME]		[DEFLT]		[VALUE]
-2passvar	no		no
-abeam		1e-100		1.000000e-90
-accumdir			/home/lolo/ukr_model/bwaccumdir/ukr_model_buff_1
-agc		none		none
-agcthresh	2.0		2.000000e+00
-bbeam		1e-100		1.000000e-10
-cb2mllrfn	.1cls.		.1cls.
-cepdir				/home/lolo/ukr_model/feat
-cepext		mfc		mfc
-ceplen		13		13
-ckptintv			0
-cmn		current		current
-cmninit	8.0		8.0
-ctlfn				/home/lolo/ukr_model/etc/ukr_model_train.fileids
-diagfull	no		no
-dictfn				/home/lolo/ukr_model/etc/ukr_model.dic
-example	no		no
-fdictfn			/home/lolo/ukr_model/etc/ukr_model.filler
-feat		1s_c_d_dd	s2_4x
-fullvar	no		no
-help		no		no
-hmmdir				
-latdir				
-latext				
-lda				
-ldadim		0		0
-lsnfn				/home/lolo/ukr_model/etc/ukr_model_train.transcription
-lw		11.5		1.150000e+01
-maxuttlen	0		0
-meanfn				/home/lolo/ukr_model/model_parameters/ukr_model.ci_semi_flatinitial/means
-meanreest	yes		yes
-mixwfn				/home/lolo/ukr_model/model_parameters/ukr_model.ci_semi_flatinitial/mixture_weights
-mixwreest	yes		yes
-mllrmat			
-mmie		no		no
-mmie_type	rand		rand
-moddeffn			/home/lolo/ukr_model/model_architecture/ukr_model.ci.mdef
-mwfloor	0.00001		1.000000e-08
-npart				1
-nskip				0
-outphsegdir			
-outputfullpath	no		no
-part				1
-pdumpdir			
-phsegdir			
-phsegext	phseg		phseg
-runlen		-1		-1
-sentdir			
-sentext	sent		sent
-spthresh	0.0		0.000000e+00
-svspec				
-timing		yes		no
-tmatfn				/home/lolo/ukr_model/model_parameters/ukr_model.ci_semi_flatinitial/transition_matrices
-tmatreest	yes		yes
-topn		4		256
-tpfloor	0.0001		1.000000e-04
-ts2cbfn			.semi.
-varfloor	0.00001		1.000000e-04
-varfn				/home/lolo/ukr_model/model_parameters/ukr_model.ci_semi_flatinitial/variances
-varnorm	no		no
-varreest	yes		yes
-viterbi	no		no

INFO: feat.c(715): Initializing feature stream to type: 's2_4x', ceplen=13, CMN='current', VARNORM='no', AGC='none'
INFO: cmn.c(143): mean[0]= 12.00, mean[1..12]= 0.0
INFO: main.c(318): Reading /home/lolo/ukr_model/model_architecture/ukr_model.ci.mdef
INFO: model_def_io.c(573): Model definition info:
INFO: model_def_io.c(574): 46 total models defined (46 base, 0 tri)
INFO: model_def_io.c(575): 184 total states
INFO: model_def_io.c(576): 138 total tied states
INFO: model_def_io.c(577): 138 total tied CI states
INFO: model_def_io.c(578): 46 total tied transition matrices
INFO: model_def_io.c(579): 4 max state/model
INFO: model_def_io.c(580): 4 min state/model
INFO: s3mixw_io.c(117): Read /home/lolo/ukr_model/model_parameters/ukr_model.ci_semi_flatinitial/mixture_weights [138x4x256 array]
INFO: s3tmat_io.c(118): Read /home/lolo/ukr_model/model_parameters/ukr_model.ci_semi_flatinitial/transition_matrices [46x3x4 array]
INFO: mod_inv.c(301): inserting tprob floor 1.000000e-04 and renormalizing
INFO: s3gau_io.c(169): Read /home/lolo/ukr_model/model_parameters/ukr_model.ci_semi_flatinitial/means [1x4x256 array]
INFO: s3gau_io.c(169): Read /home/lolo/ukr_model/model_parameters/ukr_model.ci_semi_flatinitial/variances [1x4x256 array]
INFO: gauden.c(176): 1 total mgau
INFO: gauden.c(150): 4 feature streams (|0|=12 |1|=24 |2|=3 |3|=12 )
INFO: gauden.c(187): 256 total densities
INFO: gauden.c(90): min_var=1.000000e-04
INFO: gauden.c(165): compute 256 densities/frame
INFO: main.c(431): Will reestimate mixing weights.
INFO: main.c(433): Will reestimate means.
INFO: main.c(435): Will reestimate variances.
INFO: main.c(443): Will reestimate transition matrices
INFO: main.c(456): Reading main dictionary: /home/lolo/ukr_model/etc/ukr_model.dic
INFO: lexicon.c(221): 532 entries added from /home/lolo/ukr_model/etc/ukr_model.dic
INFO: main.c(466): Reading filler dictionary: /home/lolo/ukr_model/etc/ukr_model.filler
INFO: lexicon.c(221): 3 entries added from /home/lolo/ukr_model/etc/ukr_model.filler
INFO: corpus.c(1062): Will process all remaining utts starting at 0
INFO: main.c(665): Reestimation: Baum-Welch
INFO: cmn.c(183): CMN: 36.28  3.35  6.07 12.52  0.45 -2.01 -3.50  0.67 -4.27 -3.61  1.67 -1.61  1.28 
column defns
	<seq>
	<id>
	<n_frame_in>
	<n_frame_del>
	<n_state_shmm>
	<avg_states_alpha>
	<avg_states_beta>
	<avg_states_reest>
	<avg_posterior_prune>
	<frame_log_lik>
	<utt_log_lik>
	... timing info ... 
utt>     0                   uk_0001  731    0INFO: cvt2triphone.c(199): no multiphones defined, no conversion done
   388 299  62 125 6.588120e-11 -1.904355e+02 -1.392083e+05
INFO: cmn.c(183): CMN: 38.85  3.72  5.10  8.88 -0.49  0.55 -10.26 -2.85 -3.56  0.90  1.31  0.33  1.19 
utt>     1                   uk_0002  575    0   260 215  53 107 5.889800e-11 -1.906723e+02 -1.096366e+05
INFO: cmn.c(183): CMN: 39.27  2.56  3.33  8.97 -1.62 -1.12 -10.21 -0.59 -1.77 -2.43  4.22  1.03  1.26 
utt>     2                   uk_0003 1006    0   460 359  71 142 6.827306e-11 -1.916690e+02 -1.928191e+05
INFO: cmn.c(183): CMN: 37.54  5.90  1.07  3.33  0.21  1.82 -10.21 -4.09 -2.67  2.22  0.62  1.84  0.14 
utt>     3                   uk_0004  356    0   140 119  40 80 4.765951e-11 -1.895185e+02 -6.746857e+04
INFO: cmn.c(183): CMN: 39.07  4.79  4.67 10.50 -0.10  0.75 -12.59 -3.14 -3.50  1.60  0.97 -0.61 -0.12 
utt>     4                   uk_0005  750    0   368 292  62 125 6.484588e-11 -1.917817e+02 -1.438363e+05
INFO: cmn.c(183): CMN: 34.25  4.20  1.34  3.97 -1.65 -0.33 -11.43 -3.93  0.04 -0.07  1.06 -0.17 -0.30 
utt>     5                   uk_0006  510    0   176 153  46 92 5.565292e-11 -1.887142e+02 -9.624426e+04
INFO: cmn.c(183): CMN: 39.73  3.21  8.14 10.42 -2.77 -1.43 -9.32 -3.19 -2.45  0.69  1.42 -1.01  1.00 
utt>     6                   uk_0007  511    0   228 189  50 100 5.947306e-11 -1.906351e+02 -9.741454e+04
INFO: cmn.c(183): CMN: 41.62  7.37  1.66  8.48 -1.87  0.79 -14.61 -3.31  0.62 -0.19  1.63 -0.11  0.73 
utt>     7                   uk_0008  642    0   320 255  58 116 6.224840e-11 -1.922723e+02 -1.234388e+05
INFO: cmn.c(183): CMN: 37.59  4.88  3.82  7.81 -0.98  1.81 -9.57 -2.97 -2.89  0.12  1.03 -0.08  0.93 
utt>     8                   uk_0009  664    0   260 221  55 111 5.856726e-11 -1.911922e+02 -1.269516e+05
INFO: cmn.c(183): CMN: 41.55  2.28  4.78 11.53 -1.67  0.10 -11.45 -2.94 -3.63  0.01  1.80  0.50  1.26 
utt>     9                   uk_0010  810    0   392 310  65 130 6.459442e-11 -1.928437e+02 -1.562034e+05
INFO: cmn.c(183): CMN: 41.12  1.69  5.63  8.89  0.16 -0.63 -8.35 -4.69 -1.19  0.44  0.83 -0.59  1.58 
utt>    10                   uk_0011  750    0   368 292  62 125 6.484588e-11 -1.914954e+02 -1.436216e+05
INFO: cmn.c(183): CMN: 40.42  3.03  2.74  4.05  0.59 -1.14 -8.54 -6.67  1.65 -1.29  2.19 -0.74  0.41 
utt>    11                   uk_0012  378    0   176 145  43 87 5.073520e-11 -1.915987e+02 -7.242431e+04
INFO: cmn.c(183): CMN: 39.09  1.59  7.40  8.60 -1.46 -1.31 -6.87 -1.49 -2.21  0.91  2.37 -1.42  0.69 
utt>    12                   uk_0013  542    0   228 191  51 102 5.713893e-11 -1.915787e+02 -1.038356e+05
INFO: cmn.c(183): CMN: 41.02  4.65  1.65  6.46 -0.64 -2.32 -9.87 -3.03  2.70  0.29  1.77 -1.61  0.46 
utt>    13                   uk_0014  671    0   320 258  58 117 6.466677e-11 -1.921307e+02 -1.289197e+05
INFO: cmn.c(183): CMN: 41.44  7.44  3.61  7.84 -1.82  0.14 -11.12 -4.49  0.63 -0.25  1.77 -1.24  0.67 
utt>    14                   uk_0015  524    0   260 210  52 104 5.970533e-11 -1.922433e+02 -1.007355e+05
INFO: cmn.c(183): CMN: 42.89  3.00  6.90 10.71 -1.17 -2.98 -9.11 -1.42 -0.15  1.32  1.23 -1.09  0.50 
utt>    15                   uk_0016  720    0   392 300  62 125 6.535613e-11 -1.926668e+02 -1.387201e+05
INFO: cmn.c(183): CMN: 38.54  6.02  4.11  6.88 -3.28 -4.06 -10.06  0.06 -0.68 -0.04  0.36 -1.20  1.05 
utt>    16                   uk_0017  503    0   220 183  49 99 5.485930e-11 -1.902816e+02 -9.571167e+04
INFO: cmn.c(183): CMN: 41.58  5.87  4.10  7.43 -1.50 -3.02 -9.64 -2.16  0.20 -0.11  1.51 -2.93  1.34 
utt>    17                   uk_0018  458    0   248 197  49 99 5.741088e-11 -1.922362e+02 -8.804418e+04
INFO: cmn.c(183): CMN: 42.15  5.47  4.51 12.25 -4.23 -1.76 -9.58 -2.43 -2.17 -1.18  1.07 -2.69  1.21 
utt>    18                   uk_0019  952    0   504 374  71 143 6.823346e-11 -1.920470e+02 -1.828288e+05
INFO: cmn.c(183): CMN: 42.42  4.19  3.64 11.57 -5.16 -2.72 -9.89  0.37 -2.03 -2.91  1.11 -3.17  1.57 
utt>    19                   uk_0020  624    0   320 254  57 115 6.135176e-11 -1.926965e+02 -1.202426e+05
INFO: cmn.c(183): CMN: 43.49  3.63  5.10 11.35 -1.62 -1.58 -10.47 -2.33 -3.97 -2.16  0.68 -2.29  2.68 
utt>    20                   uk_0021  851    0   460 345  68 136 6.684265e-11 -1.942422e+02 -1.653001e+05
INFO: cmn.c(183): CMN: 37.56  8.26  1.99  4.30 -1.70  1.64 -8.57 -1.78 -0.24 -1.59  0.86 -1.35  2.28 
utt>    21                   uk_0022  346    0   140 118  39 79 4.955761e-11 -1.901863e+02 -6.580444e+04
INFO: cmn.c(183): CMN: 40.76  5.04  2.58 13.78 -3.87 -2.02 -8.97 -1.48 -1.46 -1.42  1.35 -1.82  1.48 
utt>    22                   uk_0023  662    0   368 281  60 120 6.270190e-11 -1.930179e+02 -1.277779e+05
INFO: cmn.c(183): CMN: 39.29  5.88 -0.15  7.10 -2.68 -2.48 -8.84 -2.76 -0.22 -1.83  0.65 -0.59  0.90 
utt>    23                   uk_0024  364    0   176 144  43 86 5.212553e-11 -1.926123e+02 -7.011088e+04
INFO: cmn.c(183): CMN: 40.41  2.58  6.02 13.53 -4.10 -2.34 -8.20 -0.45 -1.75 -1.28  0.80 -1.02  1.01 
utt>    24                   uk_0025  480    0   228 187  49 99 5.516162e-11 -1.921241e+02 -9.221958e+04
INFO: cmn.c(183): CMN: 38.96  7.23  1.52  9.21 -2.06 -1.80 -10.89 -0.14  1.78 -2.26 -0.06 -1.18  1.30 
utt>    25                   uk_0026  660    0   320 257  58 117 6.276590e-11 -1.918148e+02 -1.265978e+05
INFO: cmn.c(183): CMN: 36.12  4.22  4.64  6.91  0.36  2.62 -9.61 -0.69 -1.96  0.67  2.06  0.43  1.99 
utt>    26                   uk_0027  612    0   260 217  54 109 5.881580e-11 -1.915899e+02 -1.172530e+05
INFO: cmn.c(183): CMN: 39.57  0.85  4.95  9.39  0.01 -0.83 -11.30 -2.33 -0.77  0.08  2.95  0.14  2.17 
utt>    27                   uk_0028  778    0   392 306  64 128 6.620830e-11 -1.916672e+02 -1.491171e+05
INFO: cmn.c(183): CMN: 38.14  5.08  3.13  8.05 -1.09 -2.30 -10.28 -2.25 -1.09  0.24  2.99  0.01  1.52 
utt>    28                   uk_0029  443    0   220 179  48 96 5.506878e-11 -1.899974e+02 -8.416883e+04
INFO: cmn.c(183): CMN: 38.19  3.76  3.37  7.27 -0.07  1.69 -10.19 -4.09  0.11 -0.31  3.11 -0.46  2.21 
utt>    29                   uk_0030  508    0   248 202  51 102 5.721980e-11 -1.911587e+02 -9.710863e+04
INFO: cmn.c(183): CMN: 49.75  3.86  2.16 -0.16  6.03 -1.27 -3.72 -3.67 -5.05  2.05 -0.27 -0.10  2.53 
utt>    30                   uk_0031  506    0   196 167  48 96 5.480251e-11 -1.903940e+02 -9.633938e+04
INFO: cmn.c(183): CMN: 48.11  2.56  3.64  2.86  3.41 -2.10  1.76 -0.36 -4.31  3.98 -0.65 -1.32  0.58 
utt>    31                   uk_0032  575    0   248 207  53 106 5.949991e-11 -1.903118e+02 -1.094293e+05
INFO: cmn.c(183): CMN: 45.94  2.14  4.87  0.17  2.28 -1.81  1.36 -0.80 -4.13  5.61 -2.63 -0.28  0.61 
utt>    32                   uk_0033  749    0   292 247  59 117 6.253118e-11 -1.895610e+02 -1.419812e+05
INFO: cmn.c(183): CMN: 47.85  7.78  2.68 -0.61  5.89 -3.02  2.96  3.47 -3.23  3.44 -0.68 -1.76 -0.19 
utt>    33                   uk_0034  532    0   232 193  51 102 5.722473e-11 -1.884308e+02 -1.002452e+05
INFO: cmn.c(183): CMN: 47.75  4.15  6.18  3.11  2.67 -4.25 -0.56  0.17 -6.97  4.83 -0.85  0.19  2.49 
utt>    34                   uk_0035 1032    0   440 351  71 142 6.749849e-11 -1.906897e+02 -1.967918e+05
INFO: cmn.c(183): CMN: 48.73  3.09  4.52  2.95  3.42 -4.94 -0.58  0.43 -6.60  3.47 -0.44  0.44  2.21 
utt>    35                   uk_0036  889    0   396 318  66 133 6.579096e-11 -1.910850e+02 -1.698745e+05
INFO: cmn.c(183): CMN: 46.89  3.86  5.10  1.13  4.06  0.39  1.63  0.38 -3.30  2.59 -0.46 -0.55  1.13 
utt>    36                   uk_0037  507    0   196 167  48 96 5.509770e-11 -1.890650e+02 -9.585595e+04
INFO: cmn.c(183): CMN: 48.21 -1.49  7.69  0.85  2.33 -4.64  5.28  0.82 -5.45  1.90 -0.55 -1.59  0.93 
utt>    37                   uk_0038  716    0   260 223  56 112 5.938126e-11 -1.904762e+02 -1.363810e+05
INFO: cmn.c(183): CMN: 45.63  3.17  7.70  0.48  3.95 -2.04  0.70 -2.19 -5.18  0.05 -0.36  0.46  0.76 
utt>    38                   uk_0039  510    0   200 170  48 96 5.559175e-11 -1.882087e+02 -9.598644e+04
INFO: cmn.c(183): CMN: 48.60  0.68  2.14  1.48  1.60 -4.72 -1.53 -0.35 -6.80  3.18 -0.25 -0.84  2.92 
utt>    39                   uk_0040  780    0   328 272  61 123 6.299531e-11 -1.898512e+02 -1.480839e+05
INFO: cmn.c(183): CMN: 50.44  6.15  1.71  6.13 -4.02 -7.76  2.79 -2.45  4.57 -10.66  3.88 -4.65 -0.05 
utt>    40                   uk_0041 1190    0   512 396  76 152 6.951570e-11 -1.910659e+02 -2.273685e+05
INFO: cmn.c(183): CMN: 48.92  8.01 -0.23  1.98 -7.74 -4.04  2.76  0.25  3.51 -8.45  3.78 -2.88  0.30 
utt>    41                   uk_0042  894    0   392 316  66 133 6.455172e-11 -1.904789e+02 -1.702881e+05
INFO: cmn.c(183): CMN: 48.66  5.47 -3.40  0.86 -8.77 -3.47 -0.30 -1.78  5.10 -6.68  3.70 -2.46  0.12 
utt>    42                   uk_0043  640    0   204 179  50 101 5.648110e-11 -1.881143e+02 -1.203932e+05
INFO: cmn.c(183): CMN: 47.44  6.44 -1.39  3.61 -4.72 -5.30  4.27 -1.14  6.03 -7.15  2.56 -2.48  1.29 
utt>    43                   uk_0044  774    0   280 240  58 117 6.009035e-11 -1.897603e+02 -1.468745e+05
INFO: cmn.c(183): CMN: 48.48  8.80 -2.57  3.85 -8.91 -4.84  1.71 -2.87  4.33 -9.21  4.68 -2.94 -0.21 
utt>    44                   uk_0045 1010    0   388 320  68 136 6.563717e-11 -1.894913e+02 -1.913862e+05
INFO: cmn.c(183): CMN: 44.08  5.72 -2.54  1.70 -2.81 -4.19  3.55 -2.51  4.68 -5.64  0.36 -2.76 -0.72 
utt>    45                   uk_0046  593    0   220 189  51 102 5.576109e-11 -1.883064e+02 -1.116657e+05
INFO: cmn.c(183): CMN: 50.44  9.10 -3.43  1.64 -7.89 -4.65 -0.53 -3.22  8.65 -7.65  4.24 -1.92  0.69 
utt>    46                   uk_0047 1024    0   456 359  71 143 6.799725e-11 -1.902641e+02 -1.948304e+05
INFO: cmn.c(183): CMN: 48.37  3.69  1.08  3.98 -1.98 -5.10 -0.37 -0.07  5.51 -8.40  0.78 -2.21  0.33 
utt>    47                   uk_0048  678    0   260 221  55 111 5.885770e-11 -1.909923e+02 -1.294928e+05
INFO: cmn.c(183): CMN: 43.17  4.78 -3.85  1.15 -8.98 -2.98  3.70  0.30  7.49 -5.63  2.88 -1.51  0.57 
utt>    48                   uk_0049  366    0   120 105  38 76 4.537256e-11 -1.872527e+02 -6.853449e+04
INFO: cmn.c(183): CMN: 50.38  8.92 -3.14  3.65 -6.71 -5.64 -0.21 -4.02  8.74 -7.86  1.87 -1.83 -0.02 
utt>    49                   uk_0050  861    0   384 309  65 131 6.491639e-11 -1.895956e+02 -1.632418e+05
INFO: cmn.c(183): CMN: 46.83  8.21 -3.23 -2.93 -5.29 -2.84  2.76 -1.89  3.53 -6.08  3.41 -2.75 -1.16 
utt>    50                   uk_0051  759    0   320 265  60 121 6.305117e-11 -1.905063e+02 -1.445943e+05
INFO: cmn.c(183): CMN: 45.01 10.90 -2.94 -3.05 -2.15 -3.51  2.75 -2.16  3.97 -5.54  4.37 -2.73  0.25 
utt>    51                   uk_0052  693    0   260 222  56 112 5.861354e-11 -1.898894e+02 -1.315934e+05
INFO: cmn.c(183): CMN: 46.39  4.09  3.17 -2.67 -1.69 -3.44  0.29 -0.36  1.64 -8.04  3.10 -2.59 -0.01 
utt>    52                   uk_0053 1006    0   392 322  68 136 6.561622e-11 -1.902959e+02 -1.914376e+05
INFO: cmn.c(183): CMN: 45.35  7.83 -1.75 -1.88 -5.38 -4.65  2.78 -0.59  2.28 -7.68  3.76 -3.35 -0.86 
utt>    53                   uk_0054  554    0   220 187  50 101 5.654337e-11 -1.894795e+02 -1.049716e+05
INFO: cmn.c(183): CMN: 45.94  7.24 -0.39 -1.90 -3.64 -2.47  1.86 -2.09  2.09 -7.49  1.78 -2.64 -0.99 
utt>    54                   uk_0055  690    0   248 214  55 110 5.725817e-11 -1.885489e+02 -1.300987e+05
INFO: cmn.c(183): CMN: 48.62  6.85  1.85  0.26  0.12 -5.59  2.16 -1.97  2.37 -7.40  2.27 -1.34 -1.00 
utt>    55                   uk_0056 1196    0   504 392  76 152 6.885946e-11 -1.897039e+02 -2.268859e+05
INFO: cmn.c(183): CMN: 47.61  4.95  2.03 -1.24 -4.29 -1.61  0.81 -2.80  5.31 -8.83  3.69 -3.07 -0.46 
utt>    56                   uk_0057  773    0   320 266  61 122 6.153386e-11 -1.895601e+02 -1.465299e+05
INFO: cmn.c(183): CMN: 47.96  6.72 -0.13 -1.46 -4.43 -2.82  2.28 -1.98  2.91 -7.59  3.38 -2.57 -0.23 
utt>    57                   uk_0058  856    0   344 286  63 127 6.320849e-11 -1.893315e+02 -1.620678e+05
INFO: cmn.c(183): CMN: 49.81  7.54 -0.21 -2.02 -1.13 -5.07  2.29 -2.18  3.70 -7.49  3.46 -2.19  0.32 
utt>    58                   uk_0059 1205    0   512 397  76 153 6.957253e-11 -1.903426e+02 -2.293628e+05
INFO: cmn.c(183): CMN: 49.12  8.79 -2.02 -0.08 -3.86 -6.52 -0.62 -2.23  3.67 -7.15  2.86 -2.57 -0.23 
utt>    59                   uk_0060 1267    0   560 423  79 158 6.962235e-11 -1.891581e+02 -2.396633e+05
INFO: cmn.c(183): CMN: 43.33  7.17 -3.03  5.38 -9.88 -1.88  3.33 -2.03  2.09 -5.97  4.89 -0.40 -0.04 
utt>    60                   uk_0061  529    0   196 168  48 96 5.674102e-11 -1.896105e+02 -1.003040e+05
INFO: cmn.c(183): CMN: 45.52  3.86 -1.41  3.31 -2.72 -6.34 -3.02 -0.09  4.12 -5.85  3.44 -1.11  0.43 
utt>    61                   uk_0062  625    0   260 218  54 109 6.092994e-11 -1.886023e+02 -1.178765e+05
INFO: cmn.c(183): CMN: 44.02  5.80 -2.03  8.41 -6.11 -3.59  5.52 -1.20 -2.62 -8.50  3.75 -2.30 -2.48 
utt>    62                   uk_0063  499    0   200 170  48 96 5.445430e-11 -1.889981e+02 -9.431003e+04
INFO: cmn.c(183): CMN: 45.37  4.59 -4.16  2.18 -6.95 -4.19  0.73 -2.16  0.78 -4.83  3.33 -0.41 -0.91 
utt>    63                   uk_0064  870    0   328 276  62 125 6.330087e-11 -1.889681e+02 -1.644022e+05
INFO: cmn.c(183): CMN: 44.90  3.87 -4.46  4.09 -7.47 -2.52  2.33 -1.22 -2.25 -3.98  3.66 -0.45 -0.94 
utt>    64                   uk_0065  628    0   196 173  49 99 5.423583e-11 -1.871388e+02 -1.175232e+05
INFO: cmn.c(183): CMN: 46.00  7.98 -3.94  7.04 -5.12 -1.25  4.57 -6.75  3.14 -6.82  2.62 -2.48 -0.51 
utt>    65                   uk_0066 1171    0   508 393  75 151 6.914978e-11 -1.897985e+02 -2.222541e+05
INFO: cmn.c(183): CMN: 44.62  6.90 -2.11  5.57 -2.66 -0.46  4.65 -3.11  0.92 -6.23  1.06 -2.09 -0.23 
utt>    66                   uk_0067  936    0   404 326  67 135 6.735579e-11 -1.901763e+02 -1.780050e+05
INFO: cmn.c(183): CMN: 45.27  7.46 -4.22  6.38 -3.86 -0.43  6.64 -5.33  2.67 -5.20  0.76 -0.84 -0.97 
utt>    67                   uk_0068 1157    0   480 378  74 149 6.900987e-11 -1.896355e+02 -2.194083e+05
INFO: cmn.c(183): CMN: 46.11  6.68 -5.31  4.95 -4.89 -3.04  2.93 -3.93  2.87 -5.60  1.58 -0.98 -0.34 
utt>    68                   uk_0069  910    0   360 298  65 130 6.513858e-11 -1.880370e+02 -1.711137e+05
INFO: cmn.c(183): CMN: 44.99  6.86 -4.34  3.68 -0.92 -2.17  6.10 -4.74  0.13 -2.93 -0.56 -0.29 -1.29 
utt>    69                   uk_0070  879    0   388 313  66 132 6.588183e-11 -1.891140e+02 -1.662312e+05
INFO: cmn.c(183): CMN: 47.24  7.83  1.13  3.58 -3.62 -2.14  2.09 -0.55  2.84 -7.47  4.33 -3.23  1.68 
utt>    70                   uk_0071 1484    0   120 115  42 83 4.477475e-11 -1.904051e+02 -2.825611e+05
INFO: cmn.c(183): CMN: 47.90  6.91  0.25  2.91 -5.59 -2.13  2.43 -0.78  3.64 -8.75  4.58 -3.54  1.45 
utt>    71                   uk_0072 1434    0   384 319  71 142 6.578455e-11 -1.910400e+02 -2.739514e+05
INFO: cmn.c(183): CMN: 45.37  7.55 -0.77 -0.68 -5.01 -2.66  2.51 -3.23  1.59 -7.84  3.05 -2.63  0.38 
utt>    72                   uk_0073  935    0   196 179  52 104 5.488013e-11 -1.898532e+02 -1.775127e+05
INFO: cmn.c(183): CMN: 45.44  6.39 -1.53  4.60 -4.26 -4.09  3.24  4.18  0.41 -8.21  5.30 -1.98  1.49 
ERROR: "backward.c", line 421: Failed to align audio to trancript: final state of the search is not reached
ERROR: "baum_welch.c", line 324: uk_0074 ignored
utt>    73                   uk_0074  486    0   620 260 
INFO: cmn.c(183): CMN: 44.94  7.81 -0.19 -1.75 -5.87  3.33  2.14 -1.55  3.57 -6.40  4.07 -2.69  1.33 
ERROR: "backward.c", line 421: Failed to align audio to trancript: final state of the search is not reached
ERROR: "baum_welch.c", line 324: uk_0075 ignored
utt>    74                   uk_0075  548    0   604 283 
INFO: cmn.c(183): CMN: 46.35  4.66 -1.48  0.01 -8.18  1.42  0.14 -1.12  7.28 -6.61  3.79 -2.14  1.07 
utt>    75                   uk_0076  680    0   324 261  59 118 6.460687e-11 -1.897260e+02 -1.290137e+05
INFO: cmn.c(183): CMN: 45.26  7.85 -2.98 -3.09 -7.28 -0.41  0.95 -2.19  2.90 -5.54  2.55 -2.94  0.94 
utt>    76                   uk_0077  810    0   172 158  48 97 5.251170e-11 -1.903829e+02 -1.542101e+05
INFO: cmn.c(183): CMN: 40.95  5.65 -2.48  0.46 -9.91  0.40  2.48  1.93  4.47 -5.38  3.67 -2.61  1.14 
utt>    77                   uk_0078  378    0   196 158  44 89 5.284675e-11 -1.886175e+02 -7.129741e+04
INFO: cmn.c(183): CMN: 47.42  8.14 -1.74  3.24 -6.48 -1.55  0.43 -1.15  5.06 -7.12  5.05 -3.23  0.43 
utt>    78                   uk_0079  959    0   248 221  57 115 5.843388e-11 -1.898118e+02 -1.820295e+05
INFO: cmn.c(183): CMN: 44.80  8.17 -0.48  1.28 -4.51 -2.41  2.97 -0.28  3.19 -6.72  3.49 -1.70 -0.11 
utt>    79                   uk_0080  527    0   292 228  53 107 6.088409e-11 -1.892691e+02 -9.974483e+04
INFO: cmn.c(183): CMN: 49.95  3.42  1.01  5.11 -2.86 -1.92  1.45  0.80  2.03 -8.31  3.26 -2.13  1.54 
utt>    80                   uk_0081  962    0   400 325  68 136 6.662937e-11 -1.901546e+02 -1.829287e+05
INFO: cmn.c(183): CMN: 49.07  6.68  0.34  6.13 -4.88 -2.05  1.86 -0.48  1.31 -7.51  3.94 -2.78  0.84 
utt>    81                   uk_0082 1315    0   512 401  77 155 6.975244e-11 -1.908548e+02 -2.509741e+05
INFO: cmn.c(183): CMN: 47.63  9.44 -1.57  1.21 -5.66 -0.84  2.14 -0.44  0.67 -5.98  2.27 -2.17 -0.04 
utt>    82                   uk_0083  907    0   392 317  66 133 6.613980e-11 -1.914647e+02 -1.736584e+05
INFO: cmn.c(183): CMN: 45.93  5.84 -3.07 -0.16 -6.66 -0.10  0.32 -1.10  4.42 -4.46  2.74 -2.93  0.37 
utt>    83                   uk_0084  678    0   204 181  51 102 5.707009e-11 -1.884017e+02 -1.277363e+05
INFO: cmn.c(183): CMN: 47.08  6.52 -0.93  3.41 -5.29 -0.08  4.03 -1.14  3.32 -6.05  2.64 -2.23  0.66 
utt>    84                   uk_0085  752    0   280 239  58 116 6.049520e-11 -1.903916e+02 -1.431745e+05
INFO: cmn.c(183): CMN: 46.64  9.59 -3.53  2.25 -8.35 -0.50  0.79 -2.90  3.60 -6.91  3.47 -2.02 -0.27 
utt>    85                   uk_0086 1002    0   388 319  68 136 6.541556e-11 -1.893765e+02 -1.897552e+05
INFO: cmn.c(183): CMN: 44.71  6.79 -1.89  3.00 -4.60 -0.35  2.46 -1.98  3.12 -7.04  2.09 -3.03  1.01 
utt>    86                   uk_0087  571    0   220 188  51 102 5.607966e-11 -1.890957e+02 -1.079737e+05
INFO: cmn.c(183): CMN: 48.17  9.74 -2.80 -0.41 -5.67 -1.30 -1.35 -1.78  3.90 -5.98  3.98 -2.23  1.11 
utt>    87                   uk_0088 1081    0   456 362  72 144 6.770195e-11 -1.906531e+02 -2.060960e+05
INFO: cmn.c(183): CMN: 46.11  3.63  0.73  3.29 -3.03 -1.91  1.15 -0.03  2.50 -6.52  2.24 -0.38  0.23 
utt>    88                   uk_0089  746    0   260 225  56 113 5.962545e-11 -1.899636e+02 -1.417128e+05
INFO: cmn.c(183): CMN: 42.09  4.89 -2.59  0.55 -8.19 -0.11  4.21  1.87  3.20 -6.15  3.60 -0.84  0.66 
utt>    89                   uk_0090  406    0   120 106  38 77 4.661352e-11 -1.878708e+02 -7.627555e+04
INFO: cmn.c(183): CMN: 46.65  9.58  0.22  5.55 -2.89 -2.78  0.67  2.12  1.86 -8.55  3.14 -2.04  1.35 
utt>    90                   uk_0091 1428    0   384 319  71 142 6.569809e-11 -1.903803e+02 -2.718631e+05
INFO: cmn.c(183): CMN: 45.75  9.25 -1.23  4.57 -3.45 -1.90  2.11  0.90  2.49 -9.27  1.96 -0.96  1.03 
utt>    91                   uk_0092 1464    0   196 176  53 106 5.418938e-11 -1.910713e+02 -2.797285e+05
INFO: cmn.c(183): CMN: 44.21 10.00 -1.53  1.36 -3.59 -2.64  3.05 -2.17  1.45 -9.11  1.56 -2.18 -1.10 
utt>    92                   uk_0093  944    0   620 405  73 145 7.063356e-11 -1.895460e+02 -1.789314e+05
INFO: cmn.c(183): CMN: 43.75  7.20 -3.47  5.00 -3.18 -2.62  2.48  4.70  0.44 -8.85  3.88 -1.10  0.15 
ERROR: "backward.c", line 421: Failed to align audio to trancript: final state of the search is not reached
ERROR: "baum_welch.c", line 324: uk_0094 ignored
utt>    93                   uk_0094  502    0   604 266 
INFO: cmn.c(183): CMN: 43.83 10.83 -2.55  1.25 -6.14  4.35  2.14  0.15  2.60 -7.75  2.29 -1.64  0.83 
utt>    94                   uk_0095  551    0   324 247  55 110 6.100251e-11 -1.893131e+02 -1.043115e+05
INFO: cmn.c(183): CMN: 46.01  7.60 -3.64  1.29 -8.02  2.24  0.74 -0.99  6.19 -7.68  2.91 -2.38  0.03 
utt>    95                   uk_0096  659    0   172 155  47 95 5.345587e-11 -1.899647e+02 -1.251868e+05
INFO: cmn.c(183): CMN: 43.67  9.13 -1.96 -0.09 -6.98  1.25  2.78 -2.53  2.82 -8.25  2.55 -2.52  1.11 
utt>    96                   uk_0097  762    0   196 177  51 102 5.511314e-11 -1.902738e+02 -1.449887e+05
INFO: cmn.c(183): CMN: 45.95 12.40 -4.31  0.76 -7.52 -0.69  5.02 -1.24  1.98 -6.33  1.53 -0.73  0.02 
utt>    97                   uk_0098  578    0   248 207  53 106 5.831455e-11 -1.886819e+02 -1.090581e+05
INFO: cmn.c(183): CMN: 47.58  8.42 -1.87  4.33 -6.97 -0.87 -0.39  1.41  4.29 -6.69  3.77 -1.27  0.59 
utt>    98                   uk_0099  994    0   292 255  61 123 6.120039e-11 -1.891598e+02 -1.880248e+05
INFO: cmn.c(183): CMN: 44.97 10.21 -1.06  1.48 -3.71 -1.53  2.58  1.56  0.89 -7.55  1.62 -0.31 -0.04 
utt>    99                   uk_0100  534    0   232 194  51 102 5.846568e-11 -1.888258e+02 -1.008330e+05
INFO: cmn.c(183): CMN: 45.51  5.86  2.59  0.40 -3.37  1.05 -0.18 -0.67  5.38 -8.98  3.09 -0.96  0.79 
utt>   100                   uk_0101  850    0   320 270  62 124 6.270677e-11 -1.901904e+02 -1.616619e+05
INFO: cmn.c(183): CMN: 47.55  7.70 -0.63  1.99 -4.35 -0.06  0.02 -1.75  4.25 -7.51  3.57 -0.96  0.76 
utt>   101                   uk_0102  808    0   344 283  62 125 6.405854e-11 -1.899781e+02 -1.535023e+05
INFO: cmn.c(183): CMN: 47.68  7.36 -1.87  2.08 -2.74 -1.91  1.55 -3.55  4.45 -8.71  3.13 -0.96  0.59 
utt>   102                   uk_0103 1216    0   512 397  76 153 6.935164e-11 -1.896527e+02 -2.306177e+05
INFO: cmn.c(183): CMN: 47.77  7.92 -1.32  2.36 -3.48 -2.40 -0.19 -2.19  5.63 -8.85  3.45 -1.03  1.08 
utt>   103                   uk_0104 1275    0   560 424  79 158 7.048617e-11 -1.894465e+02 -2.415443e+05
INFO: cmn.c(183): CMN: 47.75  7.52 -1.36  2.13 -3.59 -2.00 -0.08 -2.85  5.45 -7.78  3.32 -1.09  0.55 
utt>   104                   uk_0105 1371    0   644 466  83 167 7.224580e-11 -1.905451e+02 -2.612374e+05
INFO: cmn.c(183): CMN: 43.40  3.14  0.27  6.56 -1.10 -2.47  3.52  1.76  1.02 -8.14  4.52 -2.95  0.31 
utt>   105                   uk_0106  489    0   176 152  46 92 5.427290e-11 -1.894273e+02 -9.262993e+04
INFO: cmn.c(183): CMN: 48.04  3.00  1.51  5.17 -3.78 -2.31  2.02  0.32  3.25 -9.76  4.27 -1.58  0.98 
utt>   106                   uk_0107  995    0   400 326  68 137 6.696783e-11 -1.896523e+02 -1.887040e+05
INFO: cmn.c(183): CMN: 48.34  6.76  0.34  5.09 -2.47 -3.54  1.77 -2.50  3.16 -9.48  3.78 -2.23  1.44 
utt>   107                   uk_0108 1248    0   512 399  77 154 6.943994e-11 -1.901527e+02 -2.373105e+05
INFO: cmn.c(183): CMN: 47.45  8.93 -0.10 -0.22 -5.04 -0.29  0.61  0.24  1.79 -6.18  2.03 -1.87  0.32 
utt>   108                   uk_0109  861    0   392 314  66 132 6.529990e-11 -1.914340e+02 -1.648247e+05
INFO: cmn.c(183): CMN: 44.53  6.47 -3.45 -0.24 -6.60 -1.87  3.67 -4.00  4.70 -5.57  1.38 -0.90  0.15 
utt>   109                   uk_0110  688    0   204 181  51 102 5.619414e-11 -1.885748e+02 -1.297395e+05
INFO: cmn.c(183): CMN: 45.55  8.83  0.27  2.96 -1.87 -2.33  1.52 -0.71  4.05 -9.00  2.42 -1.30  0.94 
utt>   110                   uk_0111 1473    0   388 321  71 143 6.503149e-11 -1.901029e+02 -2.800215e+05
INFO: cmn.c(183): CMN: 45.70  9.84 -0.26  2.37 -2.62 -1.63  2.71 -2.05  5.00 -10.19  2.04 -0.17  1.02 
utt>   111                   uk_0112 1386    0   220 196  56 112 5.643549e-11 -1.914030e+02 -2.652846e+05
INFO: cmn.c(183): CMN: 45.33  8.37  1.06 -0.14 -2.11 -4.10  3.02 -3.03  1.42 -9.94  1.77 -2.02 -0.31 
utt>   112                   uk_0113  911    0   456 350  69 138 6.808413e-11 -1.900776e+02 -1.731607e+05
INFO: cmn.c(183): CMN: 46.08  7.62 -1.27  2.19 -7.21  0.81  1.02 -1.82  4.20 -9.20  5.01 -2.19  0.62 
utt>   113                   uk_0114 1033    0   260 230  59 118 5.960137e-11 -1.890708e+02 -1.953102e+05
INFO: cmn.c(183): CMN: 44.84  7.07 -1.74  3.34 -3.36  0.13  2.97 -5.28  6.56 -9.72  2.10 -1.95  0.26 
utt>   114                   uk_0115  563    0   120 110  40 80 4.590696e-11 -1.890906e+02 -1.064580e+05
INFO: cmn.c(183): CMN: 47.57  9.31 -3.82  0.82 -5.32 -0.58  0.19 -3.38  5.55 -7.50  4.48 -1.00  1.37 
utt>   115                   uk_0116 1134    0   384 320  69 138 6.516377e-11 -1.900944e+02 -2.155670e+05
INFO: cmn.c(183): CMN: 44.78  3.12  0.57  3.11 -2.73 -1.35  0.83  1.76  2.14 -8.66  2.97 -1.03  1.09 
utt>   116                   uk_0117  773    0   196 177  51 102 5.506876e-11 -1.901338e+02 -1.469734e+05
INFO: cmn.c(183): CMN: 43.86  5.79 -4.34 -0.11 -8.53 -2.55  2.49  0.77  6.27 -7.50  3.52 -0.26  1.43 
ERROR: "backward.c", line 421: Failed to align audio to trancript: final state of the search is not reached
ERROR: "baum_welch.c", line 324: uk_0118 ignored
utt>   117                   uk_0118  390    0   620 222 
INFO: cmn.c(183): CMN: 46.51  9.53 -2.64  2.40 -6.79 -1.80 -0.02 -2.80  7.42 -8.35  3.55 -1.57  0.68 
utt>   118                   uk_0119  950    0   604 404  73 146 6.946879e-11 -1.891386e+02 -1.796817e+05
INFO: cmn.c(183): CMN: 44.70  9.15 -1.30 -0.07 -2.49 -2.26  1.87 -0.76  2.32 -8.12  1.67 -1.34 -0.07 
utt>   119                   uk_0120  531    0   324 244  54 109 6.087357e-11 -1.888447e+02 -1.002765e+05
INFO: cmn.c(183): CMN: 48.36  7.17 -1.98  2.26 -7.19 -0.52  3.66 -3.52  2.42 -8.58  3.73 -2.74  0.05 
utt>   120                   uk_0121  829    0   344 284  63 126 6.322546e-11 -1.901080e+02 -1.575995e+05
INFO: cmn.c(183): CMN: 49.28  6.57 -1.88  2.24 -5.14 -2.87  5.21 -3.63  1.54 -7.70  3.43 -2.33 -0.01 
utt>   121                   uk_0122 1214    0   512 397  76 153 6.981938e-11 -1.902277e+02 -2.309364e+05
INFO: cmn.c(183): CMN: 49.92  9.21 -3.10  3.21 -7.35 -2.41  2.39 -2.74  3.55 -8.57  2.86 -3.21  1.38 
utt>   122                   uk_0123 1220    0   560 421  78 157 7.121924e-11 -1.898953e+02 -2.316723e+05
INFO: cmn.c(183): CMN: 48.88 10.39 -3.08  1.97 -8.45 -1.52  3.19 -4.51  4.70 -7.72  2.60 -1.41  0.45 
utt>   123                   uk_0124 1291    0   644 460  82 164 7.220218e-11 -1.918036e+02 -2.476185e+05
INFO: cmn.c(183): CMN: 43.59  5.59 -1.32  5.24 -4.92 -3.22  6.33  1.71 -0.84 -7.87  4.13 -2.59  0.95 
utt>   124                   uk_0125  497    0   176 152  46 92 5.328118e-11 -1.888386e+02 -9.385276e+04
INFO: cmn.c(183): CMN: 50.31  2.64  2.27  4.22 -4.56 -3.12  2.20 -1.78  0.46 -8.96  3.99 -1.76 -0.94 
utt>   125                   uk_0126  914    0   400 322  67 134 6.518827e-11 -1.900874e+02 -1.737399e+05
INFO: cmn.c(183): CMN: 49.98  7.24  0.53  4.17 -3.88 -3.89  1.79 -0.55  0.28 -8.13  3.88 -2.54 -0.13 
utt>   126                   uk_0127 1226    0   512 398  76 153 6.891813e-11 -1.905579e+02 -2.336240e+05
INFO: cmn.c(183): CMN: 48.81  9.82 -1.28  0.18 -7.43 -1.79  1.85 -1.01 -0.20 -5.53  3.01 -1.70 -0.64 
utt>   127                   uk_0128  873    0   392 315  66 132 6.487705e-11 -1.904494e+02 -1.662623e+05
INFO: cmn.c(183): CMN: 46.75  7.86 -5.19  0.84 -7.72  1.31  3.10 -2.74  2.77 -5.52  0.64 -1.67  0.81 
utt>   128                   uk_0129  652    0   204 180  50 101 5.547967e-11 -1.883809e+02 -1.228243e+05
INFO: cmn.c(183): CMN: 46.64  7.42 -0.54  2.99 -6.27  0.19  4.36 -1.73  2.68 -6.71  2.37 -1.83  0.40 
utt>   129                   uk_0130  727    0   280 238  57 115 6.153252e-11 -1.902816e+02 -1.383348e+05
INFO: cmn.c(183): CMN: 42.84  7.11 -1.65  2.01 -4.66 -7.57  0.94  1.06 -0.17 -10.04  3.08 -0.60 -0.66 
utt>   130                   uk_0131  993    0   360 302  66 132 6.326005e-11 -1.892003e+02 -1.878759e+05
INFO: cmn.c(183): CMN: 44.38  7.83 -1.54  3.54 -4.30 -4.13  3.58 -4.72  1.01 -9.12  3.20 -1.66 -1.57 
utt>   131                   uk_0132  897    0   388 314  66 133 6.656629e-11 -1.908186e+02 -1.711643e+05
INFO: cmn.c(183): CMN: 42.84  6.03  1.40  4.18 -4.82 -1.39  2.94 -0.96 -0.41 -9.69  4.16 -2.95 -1.02 
utt>   132                   uk_0133  641    0   260 219  55 110 5.826301e-11 -1.898266e+02 -1.216788e+05
INFO: cmn.c(183): CMN: 46.01  6.01  0.56  6.54 -5.88 -1.71  1.54 -2.84  1.53 -11.12  3.76 -1.87 -0.90 
utt>   133                   uk_0134 1027    0   460 361  71 143 6.807786e-11 -1.915389e+02 -1.967104e+05
INFO: cmn.c(183): CMN: 39.57 10.06 -4.70  0.42 -8.37  0.31  5.41 -2.89 -0.24 -6.17  1.31 -0.62 -2.13 
utt>   134                   uk_0135  407    0   140 122  41 82 4.886145e-11 -1.884741e+02 -7.670897e+04
INFO: cmn.c(183): CMN: 45.20  5.61 -1.37  5.37 -3.99 -5.69  3.79 -1.09  1.66 -8.34  3.62 -0.70 -0.39 
utt>   135                   uk_0136  868    0   368 301  65 130 6.426624e-11 -1.901760e+02 -1.650728e+05
INFO: cmn.c(183): CMN: 43.85  8.62 -4.98  0.95 -10.52 -1.95  4.15 -2.66  1.23 -7.01  4.86 -1.33 -1.87 
utt>   136                   uk_0137  488    0   176 152  46 92 5.179145e-11 -1.889102e+02 -9.218817e+04
INFO: cmn.c(183): CMN: 41.83  4.45  1.83  4.65 -5.73 -2.23  4.14  1.60 -0.31 -10.07  3.58 -1.27 -0.68 
utt>   137                   uk_0138  611    0   228 196  52 104 5.899862e-11 -1.902456e+02 -1.162401e+05
INFO: cmn.c(183): CMN: 45.32 10.61 -3.04  2.49 -9.98 -1.68  2.69 -4.91  2.72 -8.78  4.24 -1.96 -1.16 
utt>   138                   uk_0139  792    0   320 267  61 122 6.255489e-11 -1.901042e+02 -1.505625e+05
INFO: cmn.c(183): CMN: 44.82 11.45 -1.51  2.89 -8.75 -2.30  3.33 -4.00  1.46 -8.56  5.56 -2.15 -0.99 
utt>   139                   uk_0140  693    0   260 222  56 112 5.861354e-11 -1.903109e+02 -1.318854e+05
INFO: cmn.c(183): CMN: 42.04  5.54 -0.13  7.62 -6.47 -4.41  4.42  1.31  0.95 -10.39  6.22 -3.21 -0.53 
utt>   140                   uk_0141  501    0   176 152  46 92 5.327225e-11 -1.899421e+02 -9.516097e+04
INFO: cmn.c(183): CMN: 46.45  3.08  1.97  6.05 -8.97 -4.60  3.58 -0.73  1.63 -10.53  5.06 -2.46 -1.22 
utt>   141                   uk_0142 1005    0   400 327  68 137 6.546734e-11 -1.899511e+02 -1.909008e+05
INFO: cmn.c(183): CMN: 45.48  8.86  0.55  8.22 -7.99 -4.60  2.63 -2.10  0.89 -11.40  4.77 -2.67 -0.56 
utt>   142                   uk_0143 1190    0   512 396  76 152 6.951570e-11 -1.910943e+02 -2.274022e+05
INFO: cmn.c(183): CMN: 45.34 11.15 -2.02  2.14 -10.40 -2.82  2.79 -0.96 -0.88 -8.02  4.82 -1.55 -1.17 
utt>   143                   uk_0144  873    0   392 315  66 132 6.487705e-11 -1.907901e+02 -1.665597e+05
INFO: cmn.c(183): CMN: 43.88  9.58 -3.66  1.19 -10.35 -2.22  2.12 -2.69  3.80 -8.79  3.58 -1.16 -1.19 
utt>   144                   uk_0145  662    0   204 180  51 102 5.601049e-11 -1.881791e+02 -1.245746e+05
INFO: cmn.c(183): CMN: 44.64  8.67 -1.03  5.31 -9.17 -2.20  4.30 -2.44  2.37 -9.49  4.81 -1.79 -0.92 
utt>   145                   uk_0146  728    0   280 238  57 115 6.103587e-11 -1.907624e+02 -1.388750e+05
INFO: cmn.c(183): CMN: 46.17  8.39 -2.04  4.60 -11.47 -2.82  1.02 -2.57  1.37 -8.97  5.06 -2.19 -1.62 
utt>   146                   uk_0147 1017    0   388 320  68 136 6.568547e-11 -1.894359e+02 -1.926563e+05
INFO: cmn.c(183): CMN: 42.71  8.12 -3.84  6.23 -8.36 -2.38  4.07 -3.56  1.98 -10.47  2.89 -1.77 -0.72 
utt>   147                   uk_0148  616    0   220 190  51 103 5.698436e-11 -1.878385e+02 -1.157085e+05
INFO: cmn.c(183): CMN: 46.27 10.32 -3.42  2.75 -10.77 -3.35  0.78 -3.28  2.19 -8.40  4.77 -1.05 -2.06 
utt>   148                   uk_0149 1072    0   456 361  72 144 6.798120e-11 -1.892100e+02 -2.028331e+05
INFO: cmn.c(183): CMN: 43.51  3.87  0.42  4.73 -6.43 -2.08  0.39 -0.00  0.17 -8.60  3.34 -1.13 -1.24 
utt>   149                   uk_0150  760    0   260 225  56 113 5.849861e-11 -1.892404e+02 -1.438227e+05
INFO: cmn.c(183): CMN: 45.42  8.45  2.64  3.07 -5.78 -6.17  6.31 -2.35  4.01 -10.65  3.05 -1.56 -1.47 
utt>   150                   uk_0151 1280    0   604 443  81 162 7.171297e-11 -1.912526e+02 -2.448034e+05
INFO: cmn.c(183): CMN: 43.60  8.24 -0.31  1.23 -6.47 -4.96  6.54 -4.23  1.29 -6.59  1.45 -0.62 -2.97 
utt>   151                   uk_0152  816    0   324 271  61 123 6.308646e-11 -1.895647e+02 -1.546848e+05
INFO: cmn.c(183): CMN: 41.63  6.70 -1.55  2.99 -4.50 -5.00  5.98  1.83  3.15 -7.35  3.01 -0.03 -2.05 
utt>   152                   uk_0153  490    0   172 149  45 91 5.318346e-11 -1.878687e+02 -9.205566e+04
INFO: cmn.c(183): CMN: 42.66  8.97  0.96 -0.47 -7.81  0.82  6.18 -2.54  4.12 -6.89  3.64 -2.15 -2.03 
utt>   153                   uk_0154  534    0   196 169  48 97 5.406076e-11 -1.891560e+02 -1.010093e+05
INFO: cmn.c(183): CMN: 43.93  3.72  0.28  0.27 -9.55 -3.06  4.94 -1.47  6.54 -7.08  3.76 -1.35 -0.85 
utt>   154                   uk_0155  633    0   248 211  54 108 5.866626e-11 -1.905225e+02 -1.206008e+05
INFO: cmn.c(183): CMN: 44.12  6.51  1.48 -2.11 -8.05 -2.17  4.69 -5.44  3.82 -8.86  4.16 -1.86 -0.56 
utt>   155                   uk_0156  728    0   292 246  58 117 6.021439e-11 -1.916309e+02 -1.395073e+05
INFO: cmn.c(183): CMN: 43.58  7.71 -0.82 -2.73 -10.44 -2.32  6.77 -2.21  2.75 -6.69  4.14 -1.45 -1.37 
utt>   156                   uk_0157  608    0   232 198  52 105 5.744368e-11 -1.885790e+02 -1.146560e+05
INFO: cmn.c(183): CMN: 48.09  9.05 -2.32  3.99 -6.94 -5.32  3.70 -6.51  6.91 -8.67  3.83 -1.00 -1.24 
utt>   157                   uk_0158  931    0   440 344  69 138 6.738995e-11 -1.892416e+02 -1.761839e+05
INFO: cmn.c(183): CMN: 44.42  5.08  0.88  1.08 -8.08 -2.67  2.64 -3.32  5.67 -7.13  5.98 -1.45 -0.57 
utt>   158                   uk_0159 1080    0   396 327  69 138 6.646406e-11 -1.889565e+02 -2.040730e+05
INFO: cmn.c(183): CMN: 42.25  6.94  0.02  4.84 -8.69 -3.78  4.66 -2.39  3.95 -7.73  3.99 -1.01 -0.28 
utt>   159                   uk_0160  507    0   196 167  48 96 5.509770e-11 -1.893674e+02 -9.600926e+04
INFO: cmn.c(183): CMN: 45.32  7.97 -3.32  3.21 -9.10 -0.75  2.81 -4.57  3.29 -7.54  4.34 -1.65 -0.92 
utt>   160                   uk_0161  786    0   320 267  61 122 6.220588e-11 -1.896582e+02 -1.490714e+05
INFO: cmn.c(183): CMN: 43.68 11.46 -2.01  3.68 -7.32 -0.40  2.82 -5.03  2.41 -8.20  4.94 -2.96 -0.87 
utt>   161                   uk_0162  703    0   260 223  56 112 5.852275e-11 -1.887487e+02 -1.326904e+05
INFO: cmn.c(183): CMN: 45.06  5.31  2.40  3.87 -4.71 -2.06  0.28 -2.52  0.85 -9.23  2.97 -2.35 -0.41 
utt>   162                   uk_0163  997    0   392 322  68 136 6.579490e-11 -1.895003e+02 -1.889318e+05
INFO: cmn.c(183): CMN: 44.28  9.69 -3.45  5.46 -9.05 -1.82  4.08 -2.10  2.05 -8.69  5.52 -2.30  0.36 
utt>   163                   uk_0164  547    0   220 186  50 101 5.692162e-11 -1.886046e+02 -1.031667e+05
INFO: cmn.c(183): CMN: 44.70  9.50 -2.27  3.81 -6.68 -0.83  1.34 -4.68  1.61 -8.92  4.12 -2.72 -0.51 
utt>   164                   uk_0165  610    0   248 209  53 107 5.755797e-11 -1.891615e+02 -1.153885e+05
INFO: cmn.c(183): CMN: 46.41  8.28  0.42  6.24 -4.21 -4.21  1.80 -3.24  1.14 -10.62  4.63 -2.00 -0.68 
utt>   165                   uk_0166 1122    0   504 389  75 150 6.861033e-11 -1.902395e+02 -2.134487e+05
INFO: cmn.c(183): CMN: 45.47  5.91  1.84  3.50 -6.40 -0.68 -0.76 -2.68  2.36 -11.91  5.97 -2.33  0.61 
utt>   166                   uk_0167  802    0   320 268  61 122 6.262660e-11 -1.904443e+02 -1.527363e+05
INFO: cmn.c(183): CMN: 46.03  9.10 -1.21  3.49 -8.60 -2.54  0.94 -3.19  1.42 -10.93  5.00 -2.79 -0.90 
utt>   167                   uk_0168  794    0   344 282  62 125 6.388521e-11 -1.901901e+02 -1.510110e+05
INFO: cmn.c(183): CMN: 46.03  9.59 -2.85  3.91 -5.78 -3.68  1.64 -4.88  1.01 -8.83  3.71 -1.21 -0.92 
utt>   168                   uk_0169 1184    0   512 396  76 152 6.924915e-11 -1.903516e+02 -2.253763e+05
INFO: cmn.c(183): CMN: 46.96  8.54 -2.16  5.88 -7.65 -3.30 -1.04 -2.99  1.84 -10.21  3.81 -2.18 -0.34 
utt>   169                   uk_0170 1191    0   560 419  78 156 7.050864e-11 -1.891209e+02 -2.252429e+05
INFO: cmn.c(183): CMN: 42.69  4.30  1.51  7.28 -9.99 -5.93  3.81 -1.11  5.52 -9.33  2.73 -3.89 -0.17 
utt>   170                   uk_0171  504    0   196 167  48 96 5.599640e-11 -1.902101e+02 -9.586589e+04
INFO: cmn.c(183): CMN: 46.38  3.45  4.64  2.89 -3.76 -10.54  0.87  2.76  4.68 -6.74  1.65 -1.88  0.37 
utt>   171                   uk_0172  595    0   260 216  54 108 5.838313e-11 -1.901976e+02 -1.131676e+05
INFO: cmn.c(183): CMN: 42.23  4.29  4.75  3.45 -6.04 -6.40  5.92  0.83  1.12 -8.74  3.45 -3.06 -0.32 
utt>   172                   uk_0173  532    0   200 171  48 97 5.418835e-11 -1.903495e+02 -1.012660e+05
INFO: cmn.c(183): CMN: 44.07  5.78  2.45  0.61 -5.96 -7.70  3.68 -0.90  4.98 -8.58  1.97 -2.13 -0.87 
utt>   173                   uk_0174  839    0   328 275  62 124 6.297944e-11 -1.908044e+02 -1.600849e+05
INFO: cmn.c(183): CMN: 45.31  5.33  0.54  3.62 -7.73 -6.02  2.69  0.81  3.30 -8.05  2.60 -2.75 -0.39 
utt>   174                   uk_0175  554    0   196 170  48 97 5.584867e-11 -1.895239e+02 -1.049963e+05
INFO: cmn.c(183): CMN: 47.87  6.57  4.69  2.51 -6.82 -7.13  1.02 -1.69  6.52 -9.29  2.75 -1.32 -0.80 
utt>   175                   uk_0176 1160    0   508 393  75 151 6.996170e-11 -1.916368e+02 -2.222987e+05
INFO: cmn.c(183): CMN: 46.59  5.23  4.93  2.94 -4.57 -7.94  3.88  0.02  4.39 -10.79  3.24 -2.70 -0.48 
utt>   176                   uk_0177  875    0   404 321  66 133 6.675303e-11 -1.919614e+02 -1.679662e+05
INFO: cmn.c(183): CMN: 45.12  5.92  3.28  2.30 -5.09 -6.61  3.31 -0.29  5.04 -9.19  4.37 -3.27 -0.76 
utt>   177                   uk_0178 1124    0   480 377  74 148 6.797848e-11 -1.921234e+02 -2.159467e+05
INFO: cmn.c(183): CMN: 45.38  7.48  1.27  1.73 -5.80 -7.69  1.33  0.42  4.20 -9.59  2.87 -2.12 -0.45 
utt>   178                   uk_0179  912    0   360 299  65 130 6.391682e-11 -1.900349e+02 -1.733119e+05
INFO: cmn.c(183): CMN: 44.64  7.95  1.90  1.10 -3.12 -8.20  4.98 -3.15  3.59 -7.91  2.36 -1.54 -0.93 
utt>   179                   uk_0180  843    0   388 310  65 131 6.606613e-11 -1.904924e+02 -1.605851e+05
INFO: cmn.c(183): CMN: 42.23 -1.56  2.92  8.44 -6.56 -3.19  2.91 -1.63 -4.13 -7.82  4.88 -1.79  0.93 
utt>   180                   uk_0181  980    0   392 321  68 136 6.470143e-11 -1.900633e+02 -1.862620e+05
INFO: cmn.c(183): CMN: 41.96  3.97 -2.11  6.45 -6.62 -5.30  4.97 -4.44  1.91 -9.87  5.91 -3.41  2.34 
utt>   181                   uk_0182  596    0   220 189  51 103 5.710572e-11 -1.902625e+02 -1.133965e+05
INFO: cmn.c(183): CMN: 43.57  3.80 -0.18  6.03 -6.34 -2.18  2.21 -4.62  1.08 -9.46  5.59 -3.47  1.88 
utt>   182                   uk_0183  626    0   248 210  54 108 5.870116e-11 -1.900829e+02 -1.189919e+05
INFO: cmn.c(183): CMN: 44.46  2.06  2.89 10.97 -4.92 -4.87  3.41 -3.01 -1.48 -8.64  4.43 -0.52  1.53 
utt>   183                   uk_0184 1136    0   504 389  75 150 6.884705e-11 -1.910016e+02 -2.169779e+05
INFO: cmn.c(183): CMN: 44.52  1.13  3.28  8.03 -5.33 -3.49  1.97 -2.61  0.24 -11.34  7.74 -2.84  1.76 
utt>   184                   uk_0185  824    0   320 269  61 123 6.235759e-11 -1.905119e+02 -1.569818e+05
INFO: cmn.c(183): CMN: 44.37  5.37  1.79  6.37 -7.85 -3.63  4.44 -4.27 -1.01 -9.13  7.46 -3.22  0.69 
utt>   185                   uk_0186  830    0   344 284  63 126 6.242227e-11 -1.915557e+02 -1.589912e+05
INFO: cmn.c(183): CMN: 45.46  5.71  0.72  6.91 -5.68 -6.68  4.87 -6.46 -0.35 -9.85  6.88 -1.72  0.16 
utt>   186                   uk_0187 1181    0   512 396  76 152 6.964447e-11 -1.914771e+02 -2.261344e+05
INFO: cmn.c(183): CMN: 45.31  5.47  0.77  7.71 -5.58 -5.95  4.12 -3.27  0.59 -9.55  6.04 -1.68  0.93 
utt>   187                   uk_0188 1212    0   560 420  78 156 7.042876e-11 -1.911709e+02 -2.316992e+05
INFO: cmn.c(183): CMN: 46.57  3.82 -0.72  6.53 -5.33 -7.76  3.89 -6.35  1.92 -10.96  7.19 -1.80  0.97 
utt>   188                   uk_0189 1341    0   644 464  83 166 7.187568e-11 -1.924360e+02 -2.580567e+05
INFO: cmn.c(183): CMN: 41.03  0.09  0.44 11.96 -4.49 -6.76  6.38 -3.12 -1.72 -9.82  5.30 -3.11  1.05 
utt>   189                   uk_0190  486    0   176 152  46 92 5.409649e-11 -1.893846e+02 -9.204091e+04
INFO: cmn.c(183): CMN: 45.17  1.63  9.03  2.36 -3.85 -7.80  4.46  3.00  2.68 -9.78  1.82 -3.01 -0.93 
utt>   190                   uk_0191  518    0   228 190  50 101 5.787584e-11 -1.914513e+02 -9.917176e+04
INFO: cmn.c(183): CMN: 45.23  7.33  1.74 -1.20 -8.02 -4.50  3.02 -1.06  6.03 -7.36  1.73 -2.42 -1.12 
utt>   191                   uk_0192  751    0   320 265  60 121 6.267832e-11 -1.905997e+02 -1.431403e+05
INFO: cmn.c(183): CMN: 42.64  9.74  1.77 -0.71 -5.53 -4.19  3.16 -1.08  4.22 -7.21  2.57 -3.40 -0.83 
utt>   192                   uk_0193  678    0   260 221  55 111 5.885770e-11 -1.900769e+02 -1.288721e+05
INFO: cmn.c(183): CMN: 45.65  3.26  6.94  1.35 -3.72 -5.66  2.08  0.44  3.87 -8.80  1.51 -2.62 -1.57 
utt>   193                   uk_0194  965    0   392 320  67 135 6.605465e-11 -1.906413e+02 -1.839689e+05
INFO: cmn.c(183): CMN: 44.75  6.64  1.94  0.29 -7.51 -7.12  5.45 -1.24  3.14 -9.33  1.85 -1.70 -0.51 
utt>   194                   uk_0195  541    0   220 186  50 101 5.661719e-11 -1.892924e+02 -1.024072e+05
INFO: cmn.c(183): CMN: 45.10  6.90  2.24  0.57 -6.59 -4.30  2.51 -2.33  4.77 -8.84  2.04 -2.10 -1.02 
utt>   195                   uk_0196  592    0   248 208  53 106 5.795342e-11 -1.893970e+02 -1.121230e+05
INFO: cmn.c(183): CMN: 47.73  6.40  6.18  3.52 -3.49 -8.10  3.99 -1.57  4.59 -9.67  3.06 -2.02 -0.91 
utt>   196                   uk_0197 1070    0   504 385  74 148 6.846925e-11 -1.916208e+02 -2.050342e+05
INFO: cmn.c(183): CMN: 47.00  4.14  6.77  1.06 -6.29 -4.72  0.37 -1.76  7.67 -11.30  3.11 -3.09 -1.14 
utt>   197                   uk_0198  771    0   320 266  61 121 6.349866e-11 -1.903297e+02 -1.467442e+05
INFO: cmn.c(183): CMN: 46.75  6.71  4.06  0.63 -6.41 -5.97  3.66 -1.68  5.24 -9.12  3.28 -2.44 -0.97 
utt>   198                   uk_0199  811    0   344 283  62 125 6.359008e-11 -1.898496e+02 -1.539680e+05
INFO: cmn.c(183): CMN: 48.28  7.67  3.00  1.06 -5.82 -8.58  2.84 -3.28  6.31 -9.37  2.01 -1.82 -1.14 
utt>   199                   uk_0200 1112    0   512 392  75 150 6.982275e-11 -1.912947e+02 -2.127197e+05
INFO: cmn.c(183): CMN: 44.35  4.53  7.93 -3.59 -2.34 -3.63 -4.36 -0.30 -1.04  2.07 -1.18 -0.37  1.51 
utt>   200                   uk_0201 1393    0   644 467  84 168 7.308557e-11 -1.922914e+02 -2.678620e+05
INFO: cmn.c(183): CMN: 36.70  4.83 10.61  1.24 -0.13 -0.24 -2.80 -3.14 -1.00  1.31 -2.46 -1.58 -0.87 
utt>   201                   uk_0202  564    0   176 155  47 94 5.401178e-11 -1.904699e+02 -1.074250e+05
INFO: cmn.c(183): CMN: 44.52  2.15 10.04 -0.57 -2.44 -3.97 -2.86 -1.73 -1.94  4.16 -1.97 -1.59  0.16 
utt>   202                   uk_0203 1023    0   400 328  69 137 6.664412e-11 -1.913966e+02 -1.957988e+05
INFO: cmn.c(183): CMN: 45.51  4.05 10.02 -1.65 -1.42 -0.46 -6.87 -5.33 -0.37  5.21 -2.05 -0.75 -0.07 
utt>   203                   uk_0204 1343    0   512 402  78 156 6.972851e-11 -1.921049e+02 -2.579969e+05
INFO: cmn.c(183): CMN: 46.08  6.00  7.46 -7.01 -1.91 -1.04 -7.00 -5.58  1.58  3.45 -2.07 -0.07 -0.35 
utt>   204                   uk_0205  932    0   392 319  67 134 6.544966e-11 -1.916392e+02 -1.786077e+05
INFO: cmn.c(183): CMN: 42.10  4.45  4.02 -5.66 -0.41 -1.48 -7.89 -5.22  1.94  6.37 -1.52 -1.04  1.04 
utt>   205                   uk_0206  751    0   204 183  51 103 5.590257e-11 -1.902937e+02 -1.429105e+05
INFO: cmn.c(183): CMN: 42.62  4.19  5.97 -6.38  1.23 -0.67 -7.99 -3.60  1.86  5.21 -1.30 -0.37 -0.09 
utt>   206                   uk_0207  906    0   280 244  60 119 6.137999e-11 -1.921302e+02 -1.740699e+05
INFO: cmn.c(183): CMN: 45.03  5.85  4.14 -4.03 -1.37 -1.18 -8.69 -3.27  0.53  5.62 -1.15 -1.69 -0.31 
utt>   207                   uk_0208 1078    0   388 322  69 137 6.465951e-11 -1.898534e+02 -2.046620e+05
INFO: cmn.c(183): CMN: 43.50  4.20  5.49 -3.99 -1.84 -2.00 -5.84 -4.88  1.04  0.07 -0.28 -0.24  0.52 
utt>   208                   uk_0209  642    0   220 191  52 104 5.811711e-11 -1.909136e+02 -1.225666e+05
INFO: cmn.c(183): CMN: 47.14  6.00  5.43 -6.57  1.12 -1.97 -11.94 -1.84  0.83  5.93 -2.17 -0.24  0.47 
utt>   209                   uk_0210 1152    0   456 365  73 146 6.805333e-11 -1.916854e+02 -2.208215e+05
INFO: cmn.c(183): CMN: 38.28 11.45 -2.67  6.33 -2.89 -3.46  3.03 -6.23  5.53 -9.22  5.18 -3.75 -1.06 
utt>   210                   uk_0211 1163    0   480 378  74 149 6.842584e-11 -1.904402e+02 -2.214819e+05
INFO: cmn.c(183): CMN: 41.09 10.94 -3.74  3.72 -3.56 -5.18  1.09 -3.65  3.87 -8.97  5.24 -2.74 -0.41 
utt>   211                   uk_0212  985    0   360 301  66 132 6.521059e-11 -1.891023e+02 -1.862658e+05
INFO: cmn.c(183): CMN: 39.67 10.59 -1.11  4.07 -0.79 -3.40  3.82 -7.44  4.41 -8.40  3.43 -2.93 -1.07 
utt>   212                   uk_0213  908    0   388 315  66 133 6.461510e-11 -1.907112e+02 -1.731658e+05
INFO: cmn.c(183): CMN: 36.85  8.62  2.09  4.44 -2.77 -1.90  5.79 -3.37  1.61 -9.95  4.35 -2.91 -0.97 
utt>   213                   uk_0214  623    0   260 218  54 109 5.981030e-11 -1.900431e+02 -1.183969e+05
INFO: cmn.c(183): CMN: 40.88  8.26  1.76  6.45 -2.85 -2.83  3.63 -5.67  3.20 -11.18  5.95 -4.51 -0.29 
utt>   214                   uk_0215 1001    0   460 359  71 142 6.767229e-11 -1.908383e+02 -1.910291e+05
INFO: cmn.c(183): CMN: 35.47 10.51 -1.83  0.98 -5.78  0.67  4.50 -3.40  0.48 -5.12  2.67 -3.08 -1.52 
utt>   215                   uk_0216  411    0   140 122  41 82 4.891810e-11 -1.893733e+02 -7.783243e+04
INFO: cmn.c(183): CMN: 40.80  8.49 -0.46  6.00 -2.39 -6.12  4.40 -3.51  1.76 -8.49  5.61 -4.83  0.68 
utt>   216                   uk_0217  834    0   368 299  64 128 6.448596e-11 -1.909375e+02 -1.592419e+05
INFO: cmn.c(183): CMN: 39.19  9.11 -4.44  1.56 -4.97 -2.45  3.40 -5.39  2.79 -7.92  6.38 -4.15 -0.86 
utt>   217                   uk_0218  487    0   176 152  46 92 5.367680e-11 -1.893380e+02 -9.220762e+04
INFO: cmn.c(183): CMN: 38.96  6.62  0.50  5.90 -2.33 -3.76  4.92 -0.45  2.12 -9.41  5.33 -3.40  0.09 
utt>   218                   uk_0219  595    0   228 195  52 104 5.844321e-11 -1.904038e+02 -1.132903e+05
INFO: cmn.c(183): CMN: 42.26 10.36 -3.87  5.84 -7.99  1.26  1.84 -5.00  2.53 -5.95  4.54 -2.87 -0.26 
utt>   219                   uk_0220  738    0   320 264  60 120 6.242579e-11 -1.897670e+02 -1.400481e+05
INFO: cmn.c(183): CMN: 48.23 -0.35  0.13  7.72  1.77 -3.08 -3.30 -3.76 -0.52  1.24  1.00 -0.21  0.16 
utt>   220                   uk_0221 1144    0   280 246  61 123 6.080022e-11 -1.886698e+02 -2.158383e+05
INFO: cmn.c(183): CMN: 46.91  0.93 -1.72  3.91 -0.00 -1.50 -2.51 -3.82 -1.70  1.65  1.86 -0.27 -0.38 
utt>   221                   uk_0222 1171    0   388 323  69 139 6.654286e-11 -1.885004e+02 -2.207340e+05
INFO: cmn.c(183): CMN: 48.99  0.44 -1.07  7.91  1.39 -3.48 -3.78 -4.93 -1.00  2.25  1.48 -1.88  0.78 
utt>   222                   uk_0223  545    0   220 186  50 101 5.463233e-11 -1.878078e+02 -1.023553e+05
INFO: cmn.c(183): CMN: 48.18  1.59 -5.29  4.26  1.45 -1.98 -3.24 -5.21  0.86  2.65 -0.28 -1.84  0.03 
utt>   223                   uk_0224  802    0   456 337  66 133 6.761760e-11 -1.870534e+02 -1.500168e+05
INFO: cmn.c(183): CMN: 47.47 -0.50 -1.75  5.97  1.97 -2.18 -2.46 -5.59  0.50  1.94  0.79 -1.42 -0.02 
utt>   224                   uk_0225  522    0   260 210  52 104 5.725376e-11 -1.875863e+02 -9.792006e+04
INFO: cmn.c(183): CMN: 48.97  0.69 -5.13  2.16  1.95 -2.39 -0.91 -4.29  0.64  2.54  0.71 -1.77  0.08 
utt>   225                   uk_0226  969    0   120 114  41 82 4.481517e-11 -1.880527e+02 -1.822231e+05
INFO: cmn.c(183): CMN: 48.22 -2.53 -0.44  5.31  0.40 -0.77 -2.09 -6.36 -2.30  1.21  1.36 -1.64  0.54 
utt>   226                   uk_0227  636    0   384 284  59 119 6.385249e-11 -1.887033e+02 -1.200153e+05
INFO: cmn.c(183): CMN: 43.51 -0.93 -7.92  3.23 -1.36 -0.07  0.33 -0.65 -0.25  3.66  3.12 -0.85 -0.49 
utt>   227                   uk_0228  420    0   196 161  46 92 5.277864e-11 -1.845054e+02 -7.749228e+04
INFO: cmn.c(183): CMN: 50.11 -2.16 -1.74  7.84 -0.86 -3.69 -4.09  0.79 -1.83  3.91  0.07 -1.23 -0.42 
ERROR: "backward.c", line 421: Failed to align audio to trancript: final state of the search is not reached
ERROR: "baum_welch.c", line 324: uk_0229 ignored
utt>   228                   uk_0229  773    0   620 361 
INFO: cmn.c(183): CMN: 46.32  0.77 -3.00  2.98 -1.91  1.69 -3.77  1.35 -0.53  2.60  0.69 -2.06 -0.17 
ERROR: "backward.c", line 421: Failed to align audio to trancript: final state of the search is not reached
ERROR: "baum_welch.c", line 324: uk_0230 ignored
utt>   229                   uk_0230  536    0   604 279 
INFO: cmn.c(183): CMN: 50.19  1.46 -1.87  3.50  2.34 -3.73 -4.69 -3.61 -0.35  2.84 -1.46 -0.53  0.50 
utt>   230                   uk_0231  454    0   220 180  48 96 5.787339e-11 -1.877329e+02 -8.523075e+04
INFO: cmn.c(183): CMN: 48.42  1.42 -3.71  2.28  2.69 -3.21 -3.25 -5.33  0.13  3.36  0.18 -1.12  0.76 
utt>   231                   uk_0232  497    0   248 201  51 102 5.877653e-11 -1.875777e+02 -9.322611e+04
INFO: cmn.c(183): CMN: 49.50  0.67 -2.25  4.27  2.03 -4.05 -3.74 -5.94  1.06  0.26  1.27  0.63 -0.52 
utt>   232                   uk_0233  991    0   504 378  72 145 6.848258e-11 -1.888263e+02 -1.871268e+05
INFO: cmn.c(183): CMN: 47.53 -1.31 -1.20  6.07  0.28 -5.39 -1.67 -4.36  0.38  0.82  1.72 -0.63 -0.40 
utt>   233                   uk_0234  675    0   320 259  59 118 6.140951e-11 -1.873252e+02 -1.264445e+05
INFO: cmn.c(183): CMN: 46.53  0.07 -2.18  5.80  0.84 -2.71 -3.03 -3.33  0.88  3.01  0.28 -1.16 -0.29 
utt>   234                   uk_0235  730    0   344 277  61 122 6.323427e-11 -1.876904e+02 -1.370140e+05
INFO: cmn.c(183): CMN: 48.80  1.18 -0.52  5.24 -0.27 -2.51 -7.06 -2.40 -1.48  2.27  2.36 -0.91 -0.58 
utt>   235                   uk_0236  924    0   512 374  71 142 6.863757e-11 -1.888100e+02 -1.744604e+05
INFO: cmn.c(183): CMN: 48.42  0.43 -1.93  5.68  0.67 -3.65 -1.61 -4.31 -0.69  1.58  1.60 -0.16 -0.05 
utt>   236                   uk_0237 1047    0   560 406  75 150 6.972732e-11 -1.879124e+02 -1.967443e+05
INFO: cmn.c(183): CMN: 48.29  0.10 -2.25  4.06  0.76 -2.60 -2.50 -3.59 -0.68  2.32  2.72 -0.89 -0.43 
utt>   237                   uk_0238 1107    0   644 439  78 156 7.072258e-11 -1.885342e+02 -2.087074e+05
INFO: cmn.c(183): CMN: 45.02 -3.09  1.33  9.10 -0.33 -1.24 -1.55 -3.93 -1.86  3.90  0.82 -1.97 -0.02 
utt>   238                   uk_0239  486    0   176 152  46 92 5.409649e-11 -1.870669e+02 -9.091453e+04
INFO: cmn.c(183): CMN: 48.91 -3.57  1.57  6.80  0.12 -1.58 -2.50 -5.47 -2.56  3.21  1.20 -1.11 -0.89 
utt>   239                   uk_0240  723    0   400 304  63 126 6.618340e-11 -1.891541e+02 -1.367584e+05
INFO: cmn.c(183): CMN: 47.59 -0.03 -1.11  4.61  0.18 -2.20 -5.21 -5.25  0.61  0.49  1.33 -2.31 -0.13 
utt>   240                   uk_0241  833    0   396 314  65 131 6.598425e-11 -1.881618e+02 -1.567388e+05
INFO: cmn.c(183): CMN: 46.57  1.14 -2.61  5.27  2.16 -0.62 -7.29 -1.15  0.50  0.64  2.33 -0.89  0.19 
utt>   241                   uk_0242  421    0   196 161  46 92 5.345466e-11 -1.877826e+02 -7.905649e+04
INFO: cmn.c(183): CMN: 47.08 -3.24  1.08  5.60 -0.10 -1.63 -3.12 -2.48  1.26 -1.07  1.65 -2.45  0.32 
utt>   242                   uk_0243  638    0   260 219  55 110 5.940311e-11 -1.875976e+02 -1.196872e+05
INFO: cmn.c(183): CMN: 45.40  1.19 -1.23  3.54  2.99 -0.91 -6.78 -7.37 -0.72 -0.55  1.84 -1.25  0.60 
utt>   243                   uk_0244  452    0   200 166  47 94 5.342169e-11 -1.883582e+02 -8.513792e+04
INFO: cmn.c(183): CMN: 45.25  0.02 -3.95  2.29  1.07 -0.85 -5.71 -3.91 -1.19  1.70  0.83 -1.07 -0.26 
utt>   244                   uk_0245  777    0   328 271  61 122 6.354493e-11 -1.873745e+02 -1.455900e+05
INFO: cmn.c(183): CMN: 44.00 -0.56 -3.56  4.29 -0.06 -4.50 -1.38 -4.00 -0.67  3.72 -2.23  0.27  0.08 
utt>   245                   uk_0246  590    0   196 171  49 98 5.596863e-11 -1.877141e+02 -1.107513e+05
INFO: cmn.c(183): CMN: 47.97 -0.38 -0.98  5.81  1.07 -4.02 -2.30 -5.62  0.79  1.71  0.63  0.73 -1.18 
utt>   246                   uk_0247  982    0   508 379  72 145 6.939385e-11 -1.886211e+02 -1.852259e+05
INFO: cmn.c(183): CMN: 46.19  0.58 -1.19  5.28  0.57 -3.51 -3.18 -7.53 -1.15  0.80  1.78 -0.22  0.05 
utt>   247                   uk_0248  792    0   404 314  65 130 6.631766e-11 -1.894196e+02 -1.500203e+05
INFO: cmn.c(183): CMN: 46.30 -0.46 -1.44  6.19  0.13 -3.48 -4.17 -4.37 -0.90  2.02  0.42 -2.00 -0.76 
utt>   248                   uk_0249  925    0   480 361  70 140 6.816473e-11 -1.878710e+02 -1.737807e+05
INFO: cmn.c(183): CMN: 47.18 -0.33 -3.61  5.20 -3.23 -0.47 -4.02  0.29 -4.69  4.02  2.05 -0.27 -0.17 
utt>   249                   uk_0250  833    0   360 294  64 128 6.555748e-11 -1.876035e+02 -1.562737e+05
INFO: cmn.c(183): CMN: 44.46  0.43  0.99  5.34  1.82 -2.62 -3.45 -5.29  0.81 -1.04  1.72 -2.14 -0.86 
utt>   250                   uk_0251 1264    0   220 197  56 112 5.635706e-11 -1.885501e+02 -2.383273e+05
INFO: cmn.c(183): CMN: 46.65  0.27  2.57  5.71 -1.44 -1.82 -6.90 -0.07 -0.85  0.82  0.08 -1.37 -0.36 
utt>   251                   uk_0252 1140    0   456 364  73 146 6.684912e-11 -1.896197e+02 -2.161665e+05
INFO: cmn.c(183): CMN: 46.08  1.38  1.36  1.33 -1.35 -5.73 -5.93  2.65 -3.19  4.82 -4.80 -1.12  0.12 
utt>   252                   uk_0253  790    0   260 227  57 114 5.946463e-11 -1.883622e+02 -1.488061e+05
INFO: cmn.c(183): CMN: 45.22  0.11  1.29  5.01 -1.48 -2.54 -4.02  1.95 -4.35  4.71 -1.16 -1.44 -1.10 
utt>   253                   uk_0254  399    0   120 106  38 77 4.608034e-11 -1.871432e+02 -7.467012e+04
INFO: cmn.c(183): CMN: 47.78  0.77 -2.03  0.64  3.38 -0.69 -7.00  0.50 -7.49  5.02 -1.48 -0.06 -0.02 
utt>   254                   uk_0255  470    0   384 250  50 100 5.811124e-11 -1.879922e+02 -8.835635e+04
INFO: cmn.c(183): CMN: 47.38  0.25 -2.75  4.67  0.29 -5.00 -4.48 -2.26  1.03  2.48  0.01 -0.38 -1.24 
utt>   255                   uk_0256  966    0   196 179  52 104 5.500821e-11 -1.882088e+02 -1.818097e+05
INFO: cmn.c(183): CMN: 46.42 -3.02  1.98  5.71  2.45 -3.62 -5.38 -4.59 -1.39  0.65 -1.93 -0.84 -0.07 
ERROR: "backward.c", line 421: Failed to align audio to trancript: final state of the search is not reached
ERROR: "baum_welch.c", line 324: uk_0257 ignored
utt>   256                   uk_0257  696    0   620 335 
INFO: cmn.c(183): CMN: 42.64 -1.23 -7.71  0.59  1.56 -1.71 -2.52 -1.18  1.95  0.82 -0.31 -2.46 -0.99 
ERROR: "backward.c", line 421: Failed to align audio to trancript: final state of the search is not reached
ERROR: "baum_welch.c", line 324: uk_0258 ignored
utt>   257                   uk_0258  405    0   604 228 
INFO: cmn.c(183): CMN: 46.58 -0.38 -2.91  4.85  2.15 -4.35 -3.10 -0.68  1.15 -1.83  1.28 -2.34 -1.01 
utt>   258                   uk_0259  834    0   324 272  62 124 6.310216e-11 -1.881323e+02 -1.569023e+05
INFO: cmn.c(183): CMN: 44.97  0.08  0.87  2.67  1.08 -1.87 -3.49 -3.29  1.97 -1.28  0.71 -3.45 -0.79 
utt>   259                   uk_0260  490    0   172 149  45 91 5.318346e-11 -1.882565e+02 -9.224571e+04
INFO: cmn.c(183): CMN: 45.38  4.39  3.11  2.73 -2.62  1.10  1.28 -1.06  2.17 -10.71  3.02 -1.73  1.72 
utt>   260                   uk_0261  972    0   392 321  67 135 6.688057e-11 -1.899619e+02 -1.846430e+05
INFO: cmn.c(183): CMN: 44.81  9.69 -1.13  3.95 -6.55 -0.75  3.94 -1.55  1.84 -10.63  3.29 -2.58  0.88 
utt>   261                   uk_0262  570    0   220 188  51 102 5.632983e-11 -1.890946e+02 -1.077839e+05
INFO: cmn.c(183): CMN: 45.19  8.33 -0.54  2.01 -4.10  1.40  1.27 -3.48  2.13 -9.17  2.03 -2.53  1.54 
utt>   262                   uk_0263  619    0   248 210  54 107 5.774845e-11 -1.893741e+02 -1.172226e+05
INFO: cmn.c(183): CMN: 46.69  6.85  2.25  6.21 -0.09 -2.21  3.15 -2.74  2.77 -10.62  2.30 -1.59  2.12 
utt>   263                   uk_0264 1161    0   504 391  75 151 6.948846e-11 -1.905611e+02 -2.212415e+05
INFO: cmn.c(183): CMN: 46.22  6.74  2.57  2.28 -2.79  1.35  1.35 -1.78  5.34 -11.81  3.12 -2.10  2.12 
utt>   264                   uk_0265  884    0   320 272  62 125 6.260042e-11 -1.896563e+02 -1.676562e+05
INFO: cmn.c(183): CMN: 46.24  7.71  0.83  2.66 -4.56 -0.64  2.25 -2.40  1.58 -10.25  2.96 -2.05  1.34 
utt>   265                   uk_0266  852    0   344 286  63 127 6.442947e-11 -1.905420e+02 -1.623418e+05
INFO: cmn.c(183): CMN: 47.60  8.23 -0.39  3.44 -2.68 -2.58  2.67 -4.07  3.88 -10.91  2.86 -1.28  1.14 
utt>   266                   uk_0267 1195    0   512 396  76 152 6.934205e-11 -1.904215e+02 -2.275537e+05
INFO: cmn.c(183): CMN: 48.38  8.47  0.47  3.01 -5.88 -2.31  0.87 -2.24  5.54 -10.43  2.83 -0.38  1.57 
utt>   267                   uk_0268 1214    0   560 420  78 157 7.036940e-11 -1.902804e+02 -2.310003e+05
INFO: cmn.c(183): CMN: 47.01  7.95  2.51  2.45 -5.82 -1.22  2.77 -3.70  5.04 -10.64  2.34 -0.76  1.21 
utt>   268                   uk_0269 1297    0   644 460  82 164 7.134027e-11 -1.916261e+02 -2.485390e+05
INFO: cmn.c(183): CMN: 44.41  4.67  1.26  7.64 -2.52 -3.59  5.89  0.58  1.32 -11.23  3.42 -1.61  1.17 
utt>   269                   uk_0270  460    0   176 150  45 91 5.355756e-11 -1.909617e+02 -8.784237e+04
INFO: cmn.c(183): CMN: 42.42 10.78 -2.62  3.53 -7.24 -0.57  3.72 -1.51 -1.14 -8.04  1.22 -1.07 -1.19 
utt>   270                   uk_0271  985    0   440 348  70 140 6.753137e-11 -1.890387e+02 -1.862031e+05
INFO: cmn.c(183): CMN: 41.12  8.91 -1.35  2.43 -7.79  0.30  5.03 -2.18 -0.28 -8.60  2.79 -1.75 -0.78 
utt>   271                   uk_0272 1012    0   396 325  68 137 6.617209e-11 -1.903888e+02 -1.926735e+05
INFO: cmn.c(183): CMN: 40.42  8.67 -1.26  4.31 -7.36 -0.73  5.51  0.52 -1.20 -9.54  3.08 -1.49 -0.92 
utt>   272                   uk_0273  505    0   196 167  48 96 5.569787e-11 -1.909157e+02 -9.641242e+04
INFO: cmn.c(183): CMN: 41.48  8.39  0.78  0.62 -3.15 -3.12  3.14  2.36 -0.54 -9.36  2.07 -2.35 -0.64 
utt>   273                   uk_0274  661    0   260 220  55 110 5.932629e-11 -1.896951e+02 -1.253884e+05
INFO: cmn.c(183): CMN: 39.46  8.09  0.50  3.40 -4.29 -1.38  7.90  0.67 -1.22 -10.87  3.11 -1.52 -0.67 
utt>   274                   uk_0275  564    0   200 173  49 98 5.469495e-11 -1.880784e+02 -1.060762e+05
INFO: cmn.c(183): CMN: 43.16  8.58 -1.39  0.07 -5.23 -2.25  4.01 -2.63  1.37 -9.00  0.99 -1.40 -0.25 
utt>   275                   uk_0276  831    0   328 275  62 124 6.292175e-11 -1.895987e+02 -1.575565e+05
INFO: cmn.c(183): CMN: 40.01  7.47 -1.68  1.90 -7.57 -1.87  5.78 -1.27 -0.06 -7.71  2.31 -2.91  0.00 
utt>   276                   uk_0277  603    0   196 172  49 99 5.507124e-11 -1.892500e+02 -1.141177e+05
INFO: cmn.c(183): CMN: 42.94 10.90 -0.95  1.96 -6.53  0.09  5.29 -3.87  2.59 -10.37  2.57 -2.52 -0.50 
utt>   277                   uk_0278 1197    0   508 395  76 152 6.878140e-11 -1.908048e+02 -2.283934e+05
INFO: cmn.c(183): CMN: 42.54  9.11  1.07  3.45 -4.15 -0.51  6.64 -1.71  2.13 -11.62  3.06 -2.36 -0.19 
utt>   278                   uk_0279  895    0   404 323  67 134 6.562566e-11 -1.923495e+02 -1.721528e+05
INFO: cmn.c(183): CMN: 42.47  9.83 -0.97  2.89 -6.60  0.44  6.12 -3.22  1.34 -11.18  3.09 -1.83 -0.64 
utt>   279                   uk_0280 1103    0   480 376  73 147 6.755425e-11 -1.914249e+02 -2.111416e+05
INFO: cmn.c(183): CMN: 39.18  5.34  1.50 -1.21  5.36 -3.74 -7.54 -7.36 -7.57 -3.48  0.58 -2.12  1.57 
utt>   280                   uk_0281  580    0   248 207  53 106 5.903876e-11 -1.948492e+02 -1.130125e+05
INFO: cmn.c(183): CMN: 42.83  4.35  7.45 -1.76  1.14 -4.31 -7.44 -1.07 -11.68 -7.44 -2.31 -0.65 -1.36 
utt>   281                   uk_0282 1243    0   504 394  76 153 6.933798e-11 -1.974267e+02 -2.454014e+05
INFO: cmn.c(183): CMN: 44.23  3.34  3.92 -2.65  5.69 -5.33 -8.13 -4.54 -8.33 -4.98 -1.85 -3.49 -0.73 
utt>   282                   uk_0283  809    0   320 268  61 123 6.291119e-11 -1.949602e+02 -1.577228e+05
INFO: cmn.c(183): CMN: 45.34  5.15  6.61 -4.52  2.91 -3.30 -4.84 -3.23 -13.33 -5.83 -3.27 -0.87 -1.36 
utt>   283                   uk_0284  725    0   344 276  61 122 6.379767e-11 -1.966018e+02 -1.425363e+05
INFO: cmn.c(183): CMN: 44.76  4.72  4.44 -2.97  1.71 -5.41 -4.72 -1.10 -12.22 -8.08 -2.97 -1.49 -1.26 
utt>   284                   uk_0285 1159    0   512 395  75 151 6.886765e-11 -1.961369e+02 -2.273227e+05
INFO: cmn.c(183): CMN: 45.52  5.76  3.51 -1.89  0.12 -5.24 -5.01 -1.03 -12.71 -8.06 -1.33 -1.89 -2.11 
utt>   285                   uk_0286 1241    0   560 422  78 157 6.993246e-11 -1.952582e+02 -2.423154e+05
INFO: cmn.c(183): CMN: 43.21  5.32  6.27 -3.26  2.10 -3.58 -7.36 -0.25 -10.56 -7.98 -2.18 -1.87 -1.48 
utt>   286                   uk_0287 1203    0   644 451  80 161 7.169944e-11 -1.961777e+02 -2.360018e+05
INFO: cmn.c(183): CMN: 38.05 -2.11  8.61  3.60  2.25 -4.91 -2.40 -0.75 -13.00 -5.74 -0.49  0.43 -0.63 
utt>   287                   uk_0288  574    0   176 155  47 94 5.345030e-11 -1.961030e+02 -1.125631e+05
INFO: cmn.c(183): CMN: 43.11  0.40  8.42 -1.20 -1.00 -3.02 -3.74 -0.38 -11.44 -6.90 -1.21 -1.87 -0.63 
utt>   288                   uk_0289  936    0   400 323  67 135 6.603885e-11 -1.969458e+02 -1.843413e+05
INFO: cmn.c(183): CMN: 45.84  4.56  6.03 -0.26  0.35 -4.52 -4.67 -4.35 -12.30 -7.06 -2.23 -2.24 -0.33 
utt>   289                   uk_0290 1094    0   512 390  74 149 6.912769e-11 -1.967010e+02 -2.151909e+05
overall> stats 231204 (-0) -1.902871e+02 -4.399514e+07
WARN: "accum.c", line 642: The following senones never occur in the input data
	3 4 5 9 10 11 21 22 23 24 
	25 26 57 58 59 120 121 122 123 124 
	125 
INFO: s3mixw_io.c(233): Wrote /home/lolo/ukr_model/bwaccumdir/ukr_model_buff_1/mixw_counts [138x4x256 array]
INFO: s3tmat_io.c(176): Wrote /home/lolo/ukr_model/bwaccumdir/ukr_model_buff_1/tmat_counts [46x3x4 array]
INFO: s3gau_io.c(485): Wrote /home/lolo/ukr_model/bwaccumdir/ukr_model_buff_1/gauden_counts with means with vars [1x4x256 vector arrays]
INFO: main.c(999): Counts saved to /home/lolo/ukr_model/bwaccumdir/ukr_model_buff_1
Fri Mar 25 02:55:22 2016
