        INFO: main.c(229): Compiled on Mar 21 2016 at 12:10:30
Current configuration:
[NAME]		[DEFLT]		[VALUE]
-2passvar	no		yes
-abeam		1e-100		1.000000e-90
-accumdir			/home/lolo/ukr_model/bwaccumdir/ukr_model_buff_1
-agc		none		none
-agcthresh	2.0		2.000000e+00
-bbeam		1e-100		1.000000e-10
-cb2mllrfn	.1cls.		.1cls.
-cepdir				/home/lolo/ukr_model/feat
-cepext		mfc		mfc
-ceplen		13		13
-ckptintv			0
-cmn		current		current
-cmninit	8.0		8.0
-ctlfn				/home/lolo/ukr_model/etc/ukr_model_train.fileids
-diagfull	no		no
-dictfn				/home/lolo/ukr_model/etc/ukr_model.dic
-example	no		no
-fdictfn			/home/lolo/ukr_model/etc/ukr_model.filler
-feat		1s_c_d_dd	s2_4x
-fullvar	no		no
-help		no		no
-hmmdir				
-latdir				
-latext				
-lda				
-ldadim		0		0
-lsnfn				/home/lolo/ukr_model/etc/ukr_model_train.transcription
-lw		11.5		1.150000e+01
-maxuttlen	0		0
-meanfn				/home/lolo/ukr_model/model_parameters/ukr_model.ci_semi/means
-meanreest	yes		yes
-mixwfn				/home/lolo/ukr_model/model_parameters/ukr_model.ci_semi/mixture_weights
-mixwreest	yes		yes
-mllrmat			
-mmie		no		no
-mmie_type	rand		rand
-moddeffn			/home/lolo/ukr_model/model_architecture/ukr_model.ci.mdef
-mwfloor	0.00001		1.000000e-08
-npart				1
-nskip				0
-outphsegdir			
-outputfullpath	no		no
-part				1
-pdumpdir			
-phsegdir			
-phsegext	phseg		phseg
-runlen		-1		-1
-sentdir			
-sentext	sent		sent
-spthresh	0.0		0.000000e+00
-svspec				
-timing		yes		no
-tmatfn				/home/lolo/ukr_model/model_parameters/ukr_model.ci_semi/transition_matrices
-tmatreest	yes		yes
-topn		4		256
-tpfloor	0.0001		1.000000e-04
-ts2cbfn			.semi.
-varfloor	0.00001		1.000000e-04
-varfn				/home/lolo/ukr_model/model_parameters/ukr_model.ci_semi/variances
-varnorm	no		no
-varreest	yes		yes
-viterbi	no		no

INFO: feat.c(715): Initializing feature stream to type: 's2_4x', ceplen=13, CMN='current', VARNORM='no', AGC='none'
INFO: cmn.c(143): mean[0]= 12.00, mean[1..12]= 0.0
INFO: main.c(318): Reading /home/lolo/ukr_model/model_architecture/ukr_model.ci.mdef
INFO: model_def_io.c(573): Model definition info:
INFO: model_def_io.c(574): 46 total models defined (46 base, 0 tri)
INFO: model_def_io.c(575): 184 total states
INFO: model_def_io.c(576): 138 total tied states
INFO: model_def_io.c(577): 138 total tied CI states
INFO: model_def_io.c(578): 46 total tied transition matrices
INFO: model_def_io.c(579): 4 max state/model
INFO: model_def_io.c(580): 4 min state/model
INFO: s3mixw_io.c(117): Read /home/lolo/ukr_model/model_parameters/ukr_model.ci_semi/mixture_weights [138x4x256 array]
INFO: mod_inv.c(408): Failed to norm for 21 mixw: 3 4 5 9 10 11 21 22 23 24 25 26 57 58 59 120 121 122 123 124 125
INFO: s3tmat_io.c(118): Read /home/lolo/ukr_model/model_parameters/ukr_model.ci_semi/transition_matrices [46x3x4 array]
INFO: mod_inv.c(301): inserting tprob floor 1.000000e-04 and renormalizing
INFO: s3gau_io.c(169): Read /home/lolo/ukr_model/model_parameters/ukr_model.ci_semi/means [1x4x256 array]
INFO: s3gau_io.c(169): Read /home/lolo/ukr_model/model_parameters/ukr_model.ci_semi/variances [1x4x256 array]
INFO: gauden.c(176): 1 total mgau
INFO: gauden.c(150): 4 feature streams (|0|=12 |1|=24 |2|=3 |3|=12 )
INFO: gauden.c(187): 256 total densities
INFO: gauden.c(90): min_var=1.000000e-04
INFO: gauden.c(165): compute 256 densities/frame
INFO: main.c(431): Will reestimate mixing weights.
INFO: main.c(433): Will reestimate means.
INFO: main.c(435): Will reestimate variances.
INFO: main.c(443): Will reestimate transition matrices
INFO: main.c(456): Reading main dictionary: /home/lolo/ukr_model/etc/ukr_model.dic
INFO: lexicon.c(221): 532 entries added from /home/lolo/ukr_model/etc/ukr_model.dic
INFO: main.c(466): Reading filler dictionary: /home/lolo/ukr_model/etc/ukr_model.filler
INFO: lexicon.c(221): 3 entries added from /home/lolo/ukr_model/etc/ukr_model.filler
INFO: corpus.c(1062): Will process all remaining utts starting at 0
INFO: main.c(665): Reestimation: Baum-Welch
INFO: cmn.c(183): CMN: 36.28  3.35  6.07 12.52  0.45 -2.01 -3.50  0.67 -4.27 -3.61  1.67 -1.61  1.28 
column defns
	<seq>
	<id>
	<n_frame_in>
	<n_frame_del>
	<n_state_shmm>
	<avg_states_alpha>
	<avg_states_beta>
	<avg_states_reest>
	<avg_posterior_prune>
	<frame_log_lik>
	<utt_log_lik>
	... timing info ... 
utt>     0                   uk_0001  731    0INFO: cvt2triphone.c(199): no multiphones defined, no conversion done
   388 65  3 7 9.087074e-12 -1.821092e+02 -1.331218e+05
INFO: cmn.c(183): CMN: 38.85  3.72  5.10  8.88 -0.49  0.55 -10.26 -2.85 -3.56  0.90  1.31  0.33  1.19 
utt>     1                   uk_0002  575    0   260 45  3 6 5.999140e-12 -1.813817e+02 -1.042945e+05
INFO: cmn.c(183): CMN: 39.27  2.56  3.33  8.97 -1.62 -1.12 -10.21 -0.59 -1.77 -2.43  4.22  1.03  1.26 
utt>     2                   uk_0003 1006    0   460 47  3 6 6.616823e-12 -1.834488e+02 -1.845495e+05
INFO: cmn.c(183): CMN: 37.54  5.90  1.07  3.33  0.21  1.82 -10.21 -4.09 -2.67  2.22  0.62  1.84  0.14 
utt>     3                   uk_0004  356    0   140 35  3 5 5.099655e-12 -1.799848e+02 -6.407459e+04
INFO: cmn.c(183): CMN: 39.07  4.79  4.67 10.50 -0.10  0.75 -12.59 -3.14 -3.50  1.60  0.97 -0.61 -0.12 
utt>     4                   uk_0005  750    0   368 44  3 7 6.374629e-12 -1.828531e+02 -1.371398e+05
INFO: cmn.c(183): CMN: 34.25  4.20  1.34  3.97 -1.65 -0.33 -11.43 -3.93  0.04 -0.07  1.06 -0.17 -0.30 
utt>     5                   uk_0006  510    0   176 32  2 5 5.291303e-12 -1.781458e+02 -9.085433e+04
INFO: cmn.c(183): CMN: 39.73  3.21  8.14 10.42 -2.77 -1.43 -9.32 -3.19 -2.45  0.69  1.42 -1.01  1.00 
utt>     6                   uk_0007  511    0   228 43  3 7 6.532233e-12 -1.812224e+02 -9.260465e+04
INFO: cmn.c(183): CMN: 41.62  7.37  1.66  8.48 -1.87  0.79 -14.61 -3.31  0.62 -0.19  1.63 -0.11  0.73 
utt>     7                   uk_0008  642    0   320 40  3 7 7.563615e-12 -1.835481e+02 -1.178379e+05
INFO: cmn.c(183): CMN: 37.59  4.88  3.82  7.81 -0.98  1.81 -9.57 -2.97 -2.89  0.12  1.03 -0.08  0.93 
utt>     8                   uk_0009  664    0   260 42  3 6 5.665044e-12 -1.823140e+02 -1.210565e+05
INFO: cmn.c(183): CMN: 41.55  2.28  4.78 11.53 -1.67  0.10 -11.45 -2.94 -3.63  0.01  1.80  0.50  1.26 
utt>     9                   uk_0010  810    0   392 40  3 6 5.453988e-12 -1.847308e+02 -1.496320e+05
INFO: cmn.c(183): CMN: 41.12  1.69  5.63  8.89  0.16 -0.63 -8.35 -4.69 -1.19  0.44  0.83 -0.59  1.58 
utt>    10                   uk_0011  750    0   368 44  3 7 6.665330e-12 -1.828558e+02 -1.371418e+05
INFO: cmn.c(183): CMN: 40.42  3.03  2.74  4.05  0.59 -1.14 -8.54 -6.67  1.65 -1.29  2.19 -0.74  0.41 
utt>    11                   uk_0012  378    0   176 38  4 8 6.748380e-12 -1.829165e+02 -6.914245e+04
INFO: cmn.c(183): CMN: 39.09  1.59  7.40  8.60 -1.46 -1.31 -6.87 -1.49 -2.21  0.91  2.37 -1.42  0.69 
utt>    12                   uk_0013  542    0   228 37  3 6 5.929742e-12 -1.819009e+02 -9.859029e+04
INFO: cmn.c(183): CMN: 41.02  4.65  1.65  6.46 -0.64 -2.32 -9.87 -3.03  2.70  0.29  1.77 -1.61  0.46 
utt>    13                   uk_0014  671    0   320 36  3 6 7.178899e-12 -1.828259e+02 -1.226762e+05
INFO: cmn.c(183): CMN: 41.44  7.44  3.61  7.84 -1.82  0.14 -11.12 -4.49  0.63 -0.25  1.77 -1.24  0.67 
utt>    14                   uk_0015  524    0   260 46  3 7 6.507438e-12 -1.832507e+02 -9.602336e+04
INFO: cmn.c(183): CMN: 42.89  3.00  6.90 10.71 -1.17 -2.98 -9.11 -1.42 -0.15  1.32  1.23 -1.09  0.50 
utt>    15                   uk_0016  720    0   392 43  3 7 7.249520e-12 -1.840285e+02 -1.325005e+05
INFO: cmn.c(183): CMN: 38.54  6.02  4.11  6.88 -3.28 -4.06 -10.06  0.06 -0.68 -0.04  0.36 -1.20  1.05 
utt>    16                   uk_0017  503    0   220 38  3 6 6.107942e-12 -1.805063e+02 -9.079469e+04
INFO: cmn.c(183): CMN: 41.58  5.87  4.10  7.43 -1.50 -3.02 -9.64 -2.16  0.20 -0.11  1.51 -2.93  1.34 
utt>    17                   uk_0018  458    0   248 44  3 7 6.433812e-12 -1.831998e+02 -8.390552e+04
INFO: cmn.c(183): CMN: 42.15  5.47  4.51 12.25 -4.23 -1.76 -9.58 -2.43 -2.17 -1.18  1.07 -2.69  1.21 
utt>    18                   uk_0019  952    0   504 55  4 8 7.281278e-12 -1.836789e+02 -1.748623e+05
INFO: cmn.c(183): CMN: 42.42  4.19  3.64 11.57 -5.16 -2.72 -9.89  0.37 -2.03 -2.91  1.11 -3.17  1.57 
utt>    19                   uk_0020  624    0   320 41  3 7 6.022088e-12 -1.844224e+02 -1.150796e+05
INFO: cmn.c(183): CMN: 43.49  3.63  5.10 11.35 -1.62 -1.58 -10.47 -2.33 -3.97 -2.16  0.68 -2.29  2.68 
utt>    20                   uk_0021  851    0   460 52  4 7 7.582287e-12 -1.869560e+02 -1.590995e+05
INFO: cmn.c(183): CMN: 37.56  8.26  1.99  4.30 -1.70  1.64 -8.57 -1.78 -0.24 -1.59  0.86 -1.35  2.28 
utt>    21                   uk_0022  346    0   140 31  3 5 4.164217e-12 -1.809754e+02 -6.261747e+04
INFO: cmn.c(183): CMN: 40.76  5.04  2.58 13.78 -3.87 -2.02 -8.97 -1.48 -1.46 -1.42  1.35 -1.82  1.48 
utt>    22                   uk_0023  662    0   368 44  3 7 6.985405e-12 -1.847695e+02 -1.223174e+05
INFO: cmn.c(183): CMN: 39.29  5.88 -0.15  7.10 -2.68 -2.48 -8.84 -2.76 -0.22 -1.83  0.65 -0.59  0.90 
utt>    23                   uk_0024  364    0   176 39  3 7 7.531915e-12 -1.840505e+02 -6.699439e+04
INFO: cmn.c(183): CMN: 40.41  2.58  6.02 13.53 -4.10 -2.34 -8.20 -0.45 -1.75 -1.28  0.80 -1.02  1.01 
utt>    24                   uk_0025  480    0   228 43  3 6 6.690327e-12 -1.836954e+02 -8.817379e+04
INFO: cmn.c(183): CMN: 38.96  7.23  1.52  9.21 -2.06 -1.80 -10.89 -0.14  1.78 -2.26 -0.06 -1.18  1.30 
utt>    25                   uk_0026  660    0   320 40  3 6 5.121222e-12 -1.823586e+02 -1.203567e+05
INFO: cmn.c(183): CMN: 36.12  4.22  4.64  6.91  0.36  2.62 -9.61 -0.69 -1.96  0.67  2.06  0.43  1.99 
utt>    26                   uk_0027  612    0   260 46  3 6 5.786339e-12 -1.830711e+02 -1.120395e+05
INFO: cmn.c(183): CMN: 39.57  0.85  4.95  9.39  0.01 -0.83 -11.30 -2.33 -0.77  0.08  2.95  0.14  2.17 
utt>    27                   uk_0028  778    0   392 42  3 7 6.379858e-12 -1.830678e+02 -1.424268e+05
INFO: cmn.c(183): CMN: 38.14  5.08  3.13  8.05 -1.09 -2.30 -10.28 -2.25 -1.09  0.24  2.99  0.01  1.52 
utt>    28                   uk_0029  443    0   220 42  3 7 7.210170e-12 -1.798333e+02 -7.966614e+04
INFO: cmn.c(183): CMN: 38.19  3.76  3.37  7.27 -0.07  1.69 -10.19 -4.09  0.11 -0.31  3.11 -0.46  2.21 
utt>    29                   uk_0030  508    0   248 44  3 7 6.917164e-12 -1.816576e+02 -9.228206e+04
INFO: cmn.c(183): CMN: 49.75  3.86  2.16 -0.16  6.03 -1.27 -3.72 -3.67 -5.05  2.05 -0.27 -0.10  2.53 
utt>    30                   uk_0031  506    0   196 55  4 8 7.491439e-12 -1.828782e+02 -9.253639e+04
INFO: cmn.c(183): CMN: 48.11  2.56  3.64  2.86  3.41 -2.10  1.76 -0.36 -4.31  3.98 -0.65 -1.32  0.58 
utt>    31                   uk_0032  575    0   248 52  4 7 9.165888e-12 -1.827256e+02 -1.050672e+05
INFO: cmn.c(183): CMN: 45.94  2.14  4.87  0.17  2.28 -1.81  1.36 -0.80 -4.13  5.61 -2.63 -0.28  0.61 
utt>    32                   uk_0033  749    0   292 57  4 8 7.383729e-12 -1.817290e+02 -1.361150e+05
INFO: cmn.c(183): CMN: 47.85  7.78  2.68 -0.61  5.89 -3.02  2.96  3.47 -3.23  3.44 -0.68 -1.76 -0.19 
utt>    33                   uk_0034  532    0   232 71  5 11 1.137387e-11 -1.811187e+02 -9.635515e+04
INFO: cmn.c(183): CMN: 47.75  4.15  6.18  3.11  2.67 -4.25 -0.56  0.17 -6.97  4.83 -0.85  0.19  2.49 
utt>    34                   uk_0035 1032    0   440 67  4 9 1.085340e-11 -1.838802e+02 -1.897644e+05
INFO: cmn.c(183): CMN: 48.73  3.09  4.52  2.95  3.42 -4.94 -0.58  0.43 -6.60  3.47 -0.44  0.44  2.21 
utt>    35                   uk_0036  889    0   396 63  4 9 9.949989e-12 -1.842019e+02 -1.637555e+05
INFO: cmn.c(183): CMN: 46.89  3.86  5.10  1.13  4.06  0.39  1.63  0.38 -3.30  2.59 -0.46 -0.55  1.13 
utt>    36                   uk_0037  507    0   196 52  4 8 9.302307e-12 -1.815216e+02 -9.203146e+04
INFO: cmn.c(183): CMN: 48.21 -1.49  7.69  0.85  2.33 -4.64  5.28  0.82 -5.45  1.90 -0.55 -1.59  0.93 
utt>    37                   uk_0038  716    0   260 64  4 8 9.010328e-12 -1.840768e+02 -1.317990e+05
INFO: cmn.c(183): CMN: 45.63  3.17  7.70  0.48  3.95 -2.04  0.70 -2.19 -5.18  0.05 -0.36  0.46  0.76 
utt>    38                   uk_0039  510    0   200 68  4 8 8.999335e-12 -1.802706e+02 -9.193800e+04
INFO: cmn.c(183): CMN: 48.60  0.68  2.14  1.48  1.60 -4.72 -1.53 -0.35 -6.80  3.18 -0.25 -0.84  2.92 
utt>    39                   uk_0040  780    0   328 63  4 8 9.422924e-12 -1.825023e+02 -1.423518e+05
INFO: cmn.c(183): CMN: 50.44  6.15  1.71  6.13 -4.02 -7.76  2.79 -2.45  4.57 -10.66  3.88 -4.65 -0.05 
utt>    40                   uk_0041 1190    0   512 46  3 7 6.988023e-12 -1.807849e+02 -2.151341e+05
INFO: cmn.c(183): CMN: 48.92  8.01 -0.23  1.98 -7.74 -4.04  2.76  0.25  3.51 -8.45  3.78 -2.88  0.30 
utt>    41                   uk_0042  894    0   392 42  3 7 6.910728e-12 -1.795183e+02 -1.604894e+05
INFO: cmn.c(183): CMN: 48.66  5.47 -3.40  0.86 -8.77 -3.47 -0.30 -1.78  5.10 -6.68  3.70 -2.46  0.12 
utt>    42                   uk_0043  640    0   204 38  3 6 5.528011e-12 -1.754490e+02 -1.122874e+05
INFO: cmn.c(183): CMN: 47.44  6.44 -1.39  3.61 -4.72 -5.30  4.27 -1.14  6.03 -7.15  2.56 -2.48  1.29 
utt>    43                   uk_0044  774    0   280 41  3 6 5.363941e-12 -1.784392e+02 -1.381119e+05
INFO: cmn.c(183): CMN: 48.48  8.80 -2.57  3.85 -8.91 -4.84  1.71 -2.87  4.33 -9.21  4.68 -2.94 -0.21 
utt>    44                   uk_0045 1010    0   388 40  3 6 5.794110e-12 -1.781970e+02 -1.799789e+05
INFO: cmn.c(183): CMN: 44.08  5.72 -2.54  1.70 -2.81 -4.19  3.55 -2.51  4.68 -5.64  0.36 -2.76 -0.72 
utt>    45                   uk_0046  593    0   220 38  3 6 5.349807e-12 -1.765165e+02 -1.046743e+05
INFO: cmn.c(183): CMN: 50.44  9.10 -3.43  1.64 -7.89 -4.65 -0.53 -3.22  8.65 -7.65  4.24 -1.92  0.69 
utt>    46                   uk_0047 1024    0   456 42  3 6 6.067773e-12 -1.795714e+02 -1.838811e+05
INFO: cmn.c(183): CMN: 48.37  3.69  1.08  3.98 -1.98 -5.10 -0.37 -0.07  5.51 -8.40  0.78 -2.21  0.33 
utt>    47                   uk_0048  678    0   260 35  3 6 6.480626e-12 -1.801637e+02 -1.221510e+05
INFO: cmn.c(183): CMN: 43.17  4.78 -3.85  1.15 -8.98 -2.98  3.70  0.30  7.49 -5.63  2.88 -1.51  0.57 
utt>    48                   uk_0049  366    0   120 36  3 6 5.190194e-12 -1.745156e+02 -6.387272e+04
INFO: cmn.c(183): CMN: 50.38  8.92 -3.14  3.65 -6.71 -5.64 -0.21 -4.02  8.74 -7.86  1.87 -1.83 -0.02 
utt>    49                   uk_0050  861    0   384 39  3 7 6.291695e-12 -1.782765e+02 -1.534960e+05
INFO: cmn.c(183): CMN: 46.83  8.21 -3.23 -2.93 -5.29 -2.84  2.76 -1.89  3.53 -6.08  3.41 -2.75 -1.16 
utt>    50                   uk_0051  759    0   320 36  3 6 5.676921e-12 -1.793329e+02 -1.361137e+05
INFO: cmn.c(183): CMN: 45.01 10.90 -2.94 -3.05 -2.15 -3.51  2.75 -2.16  3.97 -5.54  4.37 -2.73  0.25 
utt>    51                   uk_0052  693    0   260 37  3 6 5.858704e-12 -1.783507e+02 -1.235970e+05
INFO: cmn.c(183): CMN: 46.39  4.09  3.17 -2.67 -1.69 -3.44  0.29 -0.36  1.64 -8.04  3.10 -2.59 -0.01 
utt>    52                   uk_0053 1006    0   392 36  3 6 5.729362e-12 -1.792296e+02 -1.803050e+05
INFO: cmn.c(183): CMN: 45.35  7.83 -1.75 -1.88 -5.38 -4.65  2.78 -0.59  2.28 -7.68  3.76 -3.35 -0.86 
utt>    53                   uk_0054  554    0   220 37  3 6 6.649657e-12 -1.775985e+02 -9.838955e+04
INFO: cmn.c(183): CMN: 45.94  7.24 -0.39 -1.90 -3.64 -2.47  1.86 -2.09  2.09 -7.49  1.78 -2.64 -0.99 
utt>    54                   uk_0055  690    0   248 37  3 6 6.044312e-12 -1.768199e+02 -1.220057e+05
INFO: cmn.c(183): CMN: 48.62  6.85  1.85  0.26  0.12 -5.59  2.16 -1.97  2.37 -7.40  2.27 -1.34 -1.00 
utt>    55                   uk_0056 1196    0   504 49  3 7 7.529305e-12 -1.794616e+02 -2.146360e+05
INFO: cmn.c(183): CMN: 47.61  4.95  2.03 -1.24 -4.29 -1.61  0.81 -2.80  5.31 -8.83  3.69 -3.07 -0.46 
utt>    56                   uk_0057  773    0   320 40  3 7 6.696706e-12 -1.782279e+02 -1.377702e+05
INFO: cmn.c(183): CMN: 47.96  6.72 -0.13 -1.46 -4.43 -2.82  2.28 -1.98  2.91 -7.59  3.38 -2.57 -0.23 
utt>    57                   uk_0058  856    0   344 37  3 7 6.857394e-12 -1.772940e+02 -1.517636e+05
INFO: cmn.c(183): CMN: 49.81  7.54 -0.21 -2.02 -1.13 -5.07  2.29 -2.18  3.70 -7.49  3.46 -2.19  0.32 
utt>    58                   uk_0059 1205    0   512 40  3 6 6.165166e-12 -1.792827e+02 -2.160356e+05
INFO: cmn.c(183): CMN: 49.12  8.79 -2.02 -0.08 -3.86 -6.52 -0.62 -2.23  3.67 -7.15  2.86 -2.57 -0.23 
utt>    59                   uk_0060 1267    0   560 42  3 7 7.208923e-12 -1.780391e+02 -2.255755e+05
INFO: cmn.c(183): CMN: 43.33  7.17 -3.03  5.38 -9.88 -1.88  3.33 -2.03  2.09 -5.97  4.89 -0.40 -0.04 
utt>    60                   uk_0061  529    0   196 35  3 6 4.707097e-12 -1.777938e+02 -9.405291e+04
INFO: cmn.c(183): CMN: 45.52  3.86 -1.41  3.31 -2.72 -6.34 -3.02 -0.09  4.12 -5.85  3.44 -1.11  0.43 
utt>    61                   uk_0062  625    0   260 45  3 7 6.267376e-12 -1.782965e+02 -1.114353e+05
INFO: cmn.c(183): CMN: 44.02  5.80 -2.03  8.41 -6.11 -3.59  5.52 -1.20 -2.62 -8.50  3.75 -2.30 -2.48 
utt>    62                   uk_0063  499    0   200 45  4 8 6.574366e-12 -1.784105e+02 -8.902683e+04
INFO: cmn.c(183): CMN: 45.37  4.59 -4.16  2.18 -6.95 -4.19  0.73 -2.16  0.78 -4.83  3.33 -0.41 -0.91 
utt>    63                   uk_0064  870    0   328 41  3 6 5.430521e-12 -1.775768e+02 -1.544918e+05
INFO: cmn.c(183): CMN: 44.90  3.87 -4.46  4.09 -7.47 -2.52  2.33 -1.22 -2.25 -3.98  3.66 -0.45 -0.94 
utt>    64                   uk_0065  628    0   196 42  3 6 6.104215e-12 -1.753628e+02 -1.101278e+05
INFO: cmn.c(183): CMN: 46.00  7.98 -3.94  7.04 -5.12 -1.25  4.57 -6.75  3.14 -6.82  2.62 -2.48 -0.51 
utt>    65                   uk_0066 1171    0   508 45  3 7 7.600187e-12 -1.801386e+02 -2.109423e+05
INFO: cmn.c(183): CMN: 44.62  6.90 -2.11  5.57 -2.66 -0.46  4.65 -3.11  0.92 -6.23  1.06 -2.09 -0.23 
utt>    66                   uk_0067  936    0   404 45  3 7 6.505213e-12 -1.798115e+02 -1.683036e+05
INFO: cmn.c(183): CMN: 45.27  7.46 -4.22  6.38 -3.86 -0.43  6.64 -5.33  2.67 -5.20  0.76 -0.84 -0.97 
utt>    67                   uk_0068 1157    0   480 46  3 7 5.488508e-12 -1.793239e+02 -2.074778e+05
INFO: cmn.c(183): CMN: 46.11  6.68 -5.31  4.95 -4.89 -3.04  2.93 -3.93  2.87 -5.60  1.58 -0.98 -0.34 
utt>    68                   uk_0069  910    0   360 43  3 6 5.073805e-12 -1.769554e+02 -1.610295e+05
INFO: cmn.c(183): CMN: 44.99  6.86 -4.34  3.68 -0.92 -2.17  6.10 -4.74  0.13 -2.93 -0.56 -0.29 -1.29 
utt>    69                   uk_0070  879    0   388 54  3 7 6.089089e-12 -1.789838e+02 -1.573268e+05
INFO: cmn.c(183): CMN: 47.24  7.83  1.13  3.58 -3.62 -2.14  2.09 -0.55  2.84 -7.47  4.33 -3.23  1.68 
utt>    70                   uk_0071 1484    0   120 21  1 2 2.050572e-12 -1.825160e+02 -2.708537e+05
INFO: cmn.c(183): CMN: 47.90  6.91  0.25  2.91 -5.59 -2.13  2.43 -0.78  3.64 -8.75  4.58 -3.54  1.45 
utt>    71                   uk_0072 1434    0   384 101  3 6 5.852736e-12 -1.825331e+02 -2.617525e+05
INFO: cmn.c(183): CMN: 45.37  7.55 -0.77 -0.68 -5.01 -2.66  2.51 -3.23  1.59 -7.84  3.05 -2.63  0.38 
utt>    72                   uk_0073  935    0   196 65  2 5 4.585253e-12 -1.804800e+02 -1.687488e+05
INFO: cmn.c(183): CMN: 45.44  6.39 -1.53  4.60 -4.26 -4.09  3.24  4.18  0.41 -8.21  5.30 -1.98  1.49 
ERROR: "backward.c", line 421: Failed to align audio to trancript: final state of the search is not reached
ERROR: "baum_welch.c", line 324: uk_0074 ignored
utt>    73                   uk_0074  486    0   620 100 
INFO: cmn.c(183): CMN: 44.94  7.81 -0.19 -1.75 -5.87  3.33  2.14 -1.55  3.57 -6.40  4.07 -2.69  1.33 
ERROR: "backward.c", line 421: Failed to align audio to trancript: final state of the search is not reached
ERROR: "baum_welch.c", line 324: uk_0075 ignored
utt>    74                   uk_0075  548    0   604 103 
INFO: cmn.c(183): CMN: 46.35  4.66 -1.48  0.01 -8.18  1.42  0.14 -1.12  7.28 -6.61  3.79 -2.14  1.07 
utt>    75                   uk_0076  680    0   324 106  3 7 7.129928e-12 -1.805134e+02 -1.227491e+05
INFO: cmn.c(183): CMN: 45.26  7.85 -2.98 -3.09 -7.28 -0.41  0.95 -2.19  2.90 -5.54  2.55 -2.94  0.94 
utt>    76                   uk_0077  810    0   172 42  3 5 5.349781e-12 -1.812874e+02 -1.468428e+05
INFO: cmn.c(183): CMN: 40.95  5.65 -2.48  0.46 -9.91  0.40  2.48  1.93  4.47 -5.38  3.67 -2.61  1.14 
utt>    77                   uk_0078  378    0   196 72  3 7 6.145567e-12 -1.780209e+02 -6.729189e+04
INFO: cmn.c(183): CMN: 47.42  8.14 -1.74  3.24 -6.48 -1.55  0.43 -1.15  5.06 -7.12  5.05 -3.23  0.43 
utt>    78                   uk_0079  959    0   248 89  4 7 1.021884e-11 -1.803490e+02 -1.729547e+05
INFO: cmn.c(183): CMN: 44.80  8.17 -0.48  1.28 -4.51 -2.41  2.97 -0.28  3.19 -6.72  3.49 -1.70 -0.11 
utt>    79                   uk_0080  527    0   292 93  4 8 8.074527e-12 -1.791561e+02 -9.441525e+04
INFO: cmn.c(183): CMN: 49.95  3.42  1.01  5.11 -2.86 -1.92  1.45  0.80  2.03 -8.31  3.26 -2.13  1.54 
utt>    80                   uk_0081  962    0   400 41  3 7 6.858996e-12 -1.793472e+02 -1.725320e+05
INFO: cmn.c(183): CMN: 49.07  6.68  0.34  6.13 -4.88 -2.05  1.86 -0.48  1.31 -7.51  3.94 -2.78  0.84 
utt>    81                   uk_0082 1315    0   512 47  3 7 7.353906e-12 -1.808193e+02 -2.377774e+05
INFO: cmn.c(183): CMN: 47.63  9.44 -1.57  1.21 -5.66 -0.84  2.14 -0.44  0.67 -5.98  2.27 -2.17 -0.04 
utt>    82                   uk_0083  907    0   392 44  3 7 6.976806e-12 -1.809136e+02 -1.640887e+05
INFO: cmn.c(183): CMN: 45.93  5.84 -3.07 -0.16 -6.66 -0.10  0.32 -1.10  4.42 -4.46  2.74 -2.93  0.37 
utt>    83                   uk_0084  678    0   204 39  3 5 4.471463e-12 -1.762489e+02 -1.194968e+05
INFO: cmn.c(183): CMN: 47.08  6.52 -0.93  3.41 -5.29 -0.08  4.03 -1.14  3.32 -6.05  2.64 -2.23  0.66 
utt>    84                   uk_0085  752    0   280 40  3 6 6.440515e-12 -1.791025e+02 -1.346851e+05
INFO: cmn.c(183): CMN: 46.64  9.59 -3.53  2.25 -8.35 -0.50  0.79 -2.90  3.60 -6.91  3.47 -2.02 -0.27 
utt>    85                   uk_0086 1002    0   388 42  3 6 6.233586e-12 -1.782749e+02 -1.786314e+05
INFO: cmn.c(183): CMN: 44.71  6.79 -1.89  3.00 -4.60 -0.35  2.46 -1.98  3.12 -7.04  2.09 -3.03  1.01 
utt>    86                   uk_0087  571    0   220 38  3 6 6.215050e-12 -1.770990e+02 -1.011235e+05
INFO: cmn.c(183): CMN: 48.17  9.74 -2.80 -0.41 -5.67 -1.30 -1.35 -1.78  3.90 -5.98  3.98 -2.23  1.11 
utt>    87                   uk_0088 1081    0   456 40  3 6 5.611021e-12 -1.801958e+02 -1.947917e+05
INFO: cmn.c(183): CMN: 46.11  3.63  0.73  3.29 -3.03 -1.91  1.15 -0.03  2.50 -6.52  2.24 -0.38  0.23 
utt>    88                   uk_0089  746    0   260 33  3 6 5.191290e-12 -1.784545e+02 -1.331271e+05
INFO: cmn.c(183): CMN: 42.09  4.89 -2.59  0.55 -8.19 -0.11  4.21  1.87  3.20 -6.15  3.60 -0.84  0.66 
utt>    89                   uk_0090  406    0   120 37  2 5 5.390653e-12 -1.760005e+02 -7.145619e+04
INFO: cmn.c(183): CMN: 46.65  9.58  0.22  5.55 -2.89 -2.78  0.67  2.12  1.86 -8.55  3.14 -2.04  1.35 
utt>    90                   uk_0091 1428    0   384 62  3 5 4.997006e-12 -1.817243e+02 -2.595022e+05
INFO: cmn.c(183): CMN: 45.75  9.25 -1.23  4.57 -3.45 -1.90  2.11  0.90  2.49 -9.27  1.96 -0.96  1.03 
utt>    91                   uk_0092 1464    0   196 24  1 2 2.472818e-12 -1.892649e+02 -2.770838e+05
INFO: cmn.c(183): CMN: 44.21 10.00 -1.53  1.36 -3.59 -2.64  3.05 -2.17  1.45 -9.11  1.56 -2.18 -1.10 
ERROR: "backward.c", line 421: Failed to align audio to trancript: final state of the search is not reached
ERROR: "baum_welch.c", line 324: uk_0093 ignored
utt>    92                   uk_0093  944    0   620 97 
INFO: cmn.c(183): CMN: 43.75  7.20 -3.47  5.00 -3.18 -2.62  2.48  4.70  0.44 -8.85  3.88 -1.10  0.15 
ERROR: "backward.c", line 421: Failed to align audio to trancript: final state of the search is not reached
ERROR: "baum_welch.c", line 324: uk_0094 ignored
utt>    93                   uk_0094  502    0   604 85 
INFO: cmn.c(183): CMN: 43.83 10.83 -2.55  1.25 -6.14  4.35  2.14  0.15  2.60 -7.75  2.29 -1.64  0.83 
ERROR: "backward.c", line 421: Failed to align audio to trancript: final state of the search is not reached
ERROR: "baum_welch.c", line 324: uk_0095 ignored
utt>    94                   uk_0095  551    0   324 109 
INFO: cmn.c(183): CMN: 46.01  7.60 -3.64  1.29 -8.02  2.24  0.74 -0.99  6.19 -7.68  2.91 -2.38  0.03 
utt>    95                   uk_0096  659    0   172 72  3 6 8.521929e-12 -1.811045e+02 -1.193479e+05
INFO: cmn.c(183): CMN: 43.67  9.13 -1.96 -0.09 -6.98  1.25  2.78 -2.53  2.82 -8.25  2.55 -2.52  1.11 
utt>    96                   uk_0097  762    0   196 66  3 6 7.056404e-12 -1.808630e+02 -1.378176e+05
INFO: cmn.c(183): CMN: 45.95 12.40 -4.31  0.76 -7.52 -0.69  5.02 -1.24  1.98 -6.33  1.53 -0.73  0.02 
utt>    97                   uk_0098  578    0   248 82  3 6 8.588901e-12 -1.791551e+02 -1.035516e+05
INFO: cmn.c(183): CMN: 47.58  8.42 -1.87  4.33 -6.97 -0.87 -0.39  1.41  4.29 -6.69  3.77 -1.27  0.59 
utt>    98                   uk_0099  994    0   292 82  3 6 6.171193e-12 -1.795556e+02 -1.784782e+05
INFO: cmn.c(183): CMN: 44.97 10.21 -1.06  1.48 -3.71 -1.53  2.58  1.56  0.89 -7.55  1.62 -0.31 -0.04 
utt>    99                   uk_0100  534    0   232 92  3 7 6.729800e-12 -1.785171e+02 -9.532814e+04
INFO: cmn.c(183): CMN: 45.51  5.86  2.59  0.40 -3.37  1.05 -0.18 -0.67  5.38 -8.98  3.09 -0.96  0.79 
utt>   100                   uk_0101  850    0   320 39  3 7 6.006183e-12 -1.801401e+02 -1.531191e+05
INFO: cmn.c(183): CMN: 47.55  7.70 -0.63  1.99 -4.35 -0.06  0.02 -1.75  4.25 -7.51  3.57 -0.96  0.76 
utt>   101                   uk_0102  808    0   344 35  3 7 6.507776e-12 -1.781246e+02 -1.439247e+05
INFO: cmn.c(183): CMN: 47.68  7.36 -1.87  2.08 -2.74 -1.91  1.55 -3.55  4.45 -8.71  3.13 -0.96  0.59 
utt>   102                   uk_0103 1216    0   512 39  3 6 6.377295e-12 -1.782666e+02 -2.167721e+05
INFO: cmn.c(183): CMN: 47.77  7.92 -1.32  2.36 -3.48 -2.40 -0.19 -2.19  5.63 -8.85  3.45 -1.03  1.08 
utt>   103                   uk_0104 1275    0   560 40  3 7 6.294428e-12 -1.777970e+02 -2.266912e+05
INFO: cmn.c(183): CMN: 47.75  7.52 -1.36  2.13 -3.59 -2.00 -0.08 -2.85  5.45 -7.78  3.32 -1.09  0.55 
utt>   104                   uk_0105 1371    0   644 41  3 7 6.792663e-12 -1.798663e+02 -2.465967e+05
INFO: cmn.c(183): CMN: 43.40  3.14  0.27  6.56 -1.10 -2.47  3.52  1.76  1.02 -8.14  4.52 -2.95  0.31 
utt>   105                   uk_0106  489    0   176 38  3 6 6.575602e-12 -1.780710e+02 -8.707673e+04
INFO: cmn.c(183): CMN: 48.04  3.00  1.51  5.17 -3.78 -2.31  2.02  0.32  3.25 -9.76  4.27 -1.58  0.98 
utt>   106                   uk_0107  995    0   400 40  3 7 5.993198e-12 -1.785371e+02 -1.776444e+05
INFO: cmn.c(183): CMN: 48.34  6.76  0.34  5.09 -2.47 -3.54  1.77 -2.50  3.16 -9.48  3.78 -2.23  1.44 
utt>   107                   uk_0108 1248    0   512 46  3 7 6.110272e-12 -1.797066e+02 -2.242738e+05
INFO: cmn.c(183): CMN: 47.45  8.93 -0.10 -0.22 -5.04 -0.29  0.61  0.24  1.79 -6.18  2.03 -1.87  0.32 
utt>   108                   uk_0109  861    0   392 43  3 7 6.911907e-12 -1.809752e+02 -1.558196e+05
INFO: cmn.c(183): CMN: 44.53  6.47 -3.45 -0.24 -6.60 -1.87  3.67 -4.00  4.70 -5.57  1.38 -0.90  0.15 
utt>   109                   uk_0110  688    0   204 37  3 5 4.838359e-12 -1.764291e+02 -1.213832e+05
INFO: cmn.c(183): CMN: 45.55  8.83  0.27  2.96 -1.87 -2.33  1.52 -0.71  4.05 -9.00  2.42 -1.30  0.94 
utt>   110                   uk_0111 1473    0   388 69  3 6 6.924799e-12 -1.809224e+02 -2.664987e+05
INFO: cmn.c(183): CMN: 45.70  9.84 -0.26  2.37 -2.62 -1.63  2.71 -2.05  5.00 -10.19  2.04 -0.17  1.02 
utt>   111                   uk_0112 1386    0   220 29  2 3 3.623858e-12 -1.902044e+02 -2.636234e+05
INFO: cmn.c(183): CMN: 45.33  8.37  1.06 -0.14 -2.11 -4.10  3.02 -3.03  1.42 -9.94  1.77 -2.02 -0.31 
utt>   112                   uk_0113  911    0   456 137  4 8 8.765973e-12 -1.813424e+02 -1.652030e+05
INFO: cmn.c(183): CMN: 46.08  7.62 -1.27  2.19 -7.21  0.81  1.02 -1.82  4.20 -9.20  5.01 -2.19  0.62 
utt>   113                   uk_0114 1033    0   260 57  2 5 5.629679e-12 -1.787990e+02 -1.846993e+05
INFO: cmn.c(183): CMN: 44.84  7.07 -1.74  3.34 -3.36  0.13  2.97 -5.28  6.56 -9.72  2.10 -1.95  0.26 
utt>   114                   uk_0115  563    0   120 53  2 5 3.647343e-12 -1.791419e+02 -1.008569e+05
INFO: cmn.c(183): CMN: 47.57  9.31 -3.82  0.82 -5.32 -0.58  0.19 -3.38  5.55 -7.50  4.48 -1.00  1.37 
utt>   115                   uk_0116 1134    0   384 123  3 7 6.553879e-12 -1.812660e+02 -2.055556e+05
INFO: cmn.c(183): CMN: 44.78  3.12  0.57  3.11 -2.73 -1.35  0.83  1.76  2.14 -8.66  2.97 -1.03  1.09 
utt>   116                   uk_0117  773    0   196 78  3 6 8.384651e-12 -1.807023e+02 -1.396828e+05
INFO: cmn.c(183): CMN: 43.86  5.79 -4.34 -0.11 -8.53 -2.55  2.49  0.77  6.27 -7.50  3.52 -0.26  1.43 
ERROR: "backward.c", line 421: Failed to align audio to trancript: final state of the search is not reached
ERROR: "baum_welch.c", line 324: uk_0118 ignored
utt>   117                   uk_0118  390    0   620 78 
INFO: cmn.c(183): CMN: 46.51  9.53 -2.64  2.40 -6.79 -1.80 -0.02 -2.80  7.42 -8.35  3.55 -1.57  0.68 
ERROR: "backward.c", line 421: Failed to align audio to trancript: final state of the search is not reached
ERROR: "baum_welch.c", line 324: uk_0119 ignored
utt>   118                   uk_0119  950    0   604 109 
INFO: cmn.c(183): CMN: 44.70  9.15 -1.30 -0.07 -2.49 -2.26  1.87 -0.76  2.32 -8.12  1.67 -1.34 -0.07 
ERROR: "backward.c", line 421: Failed to align audio to trancript: final state of the search is not reached
ERROR: "baum_welch.c", line 324: uk_0120 ignored
utt>   119                   uk_0120  531    0   324 92 
INFO: cmn.c(183): CMN: 48.36  7.17 -1.98  2.26 -7.19 -0.52  3.66 -3.52  2.42 -8.58  3.73 -2.74  0.05 
utt>   120                   uk_0121  829    0   344 36  3 6 6.490684e-12 -1.782515e+02 -1.477705e+05
INFO: cmn.c(183): CMN: 49.28  6.57 -1.88  2.24 -5.14 -2.87  5.21 -3.63  1.54 -7.70  3.43 -2.33 -0.01 
utt>   121                   uk_0122 1214    0   512 40  3 6 6.712712e-12 -1.791495e+02 -2.174875e+05
INFO: cmn.c(183): CMN: 49.92  9.21 -3.10  3.21 -7.35 -2.41  2.39 -2.74  3.55 -8.57  2.86 -3.21  1.38 
utt>   122                   uk_0123 1220    0   560 42  3 7 6.457744e-12 -1.785701e+02 -2.178555e+05
INFO: cmn.c(183): CMN: 48.88 10.39 -3.08  1.97 -8.45 -1.52  3.19 -4.51  4.70 -7.72  2.60 -1.41  0.45 
utt>   123                   uk_0124 1291    0   644 42  3 7 6.332152e-12 -1.816027e+02 -2.344490e+05
INFO: cmn.c(183): CMN: 43.59  5.59 -1.32  5.24 -4.92 -3.22  6.33  1.71 -0.84 -7.87  4.13 -2.59  0.95 
utt>   124                   uk_0125  497    0   176 40  3 6 4.577877e-12 -1.773595e+02 -8.814766e+04
INFO: cmn.c(183): CMN: 50.31  2.64  2.27  4.22 -4.56 -3.12  2.20 -1.78  0.46 -8.96  3.99 -1.76 -0.94 
utt>   125                   uk_0126  914    0   400 42  3 7 6.000175e-12 -1.793107e+02 -1.638900e+05
INFO: cmn.c(183): CMN: 49.98  7.24  0.53  4.17 -3.88 -3.89  1.79 -0.55  0.28 -8.13  3.88 -2.54 -0.13 
utt>   126                   uk_0127 1226    0   512 46  3 7 5.224954e-12 -1.801639e+02 -2.208810e+05
INFO: cmn.c(183): CMN: 48.81  9.82 -1.28  0.18 -7.43 -1.79  1.85 -1.01 -0.20 -5.53  3.01 -1.70 -0.64 
utt>   127                   uk_0128  873    0   392 45  3 7 6.662882e-12 -1.797390e+02 -1.569122e+05
INFO: cmn.c(183): CMN: 46.75  7.86 -5.19  0.84 -7.72  1.31  3.10 -2.74  2.77 -5.52  0.64 -1.67  0.81 
utt>   128                   uk_0129  652    0   204 37  3 5 4.772052e-12 -1.762562e+02 -1.149191e+05
INFO: cmn.c(183): CMN: 46.64  7.42 -0.54  2.99 -6.27  0.19  4.36 -1.73  2.68 -6.71  2.37 -1.83  0.40 
utt>   129                   uk_0130  727    0   280 40  3 6 5.211626e-12 -1.787833e+02 -1.299755e+05
INFO: cmn.c(183): CMN: 42.84  7.11 -1.65  2.01 -4.66 -7.57  0.94  1.06 -0.17 -10.04  3.08 -0.60 -0.66 
utt>   130                   uk_0131  993    0   360 40  3 6 5.563614e-12 -1.779194e+02 -1.766739e+05
INFO: cmn.c(183): CMN: 44.38  7.83 -1.54  3.54 -4.30 -4.13  3.58 -4.72  1.01 -9.12  3.20 -1.66 -1.57 
utt>   131                   uk_0132  897    0   388 48  3 7 6.165431e-12 -1.803291e+02 -1.617552e+05
INFO: cmn.c(183): CMN: 42.84  6.03  1.40  4.18 -4.82 -1.39  2.94 -0.96 -0.41 -9.69  4.16 -2.95 -1.02 
utt>   132                   uk_0133  641    0   260 44  3 7 6.118485e-12 -1.786065e+02 -1.144868e+05
INFO: cmn.c(183): CMN: 46.01  6.01  0.56  6.54 -5.88 -1.71  1.54 -2.84  1.53 -11.12  3.76 -1.87 -0.90 
utt>   133                   uk_0134 1027    0   460 40  3 7 6.480530e-12 -1.813337e+02 -1.862297e+05
INFO: cmn.c(183): CMN: 39.57 10.06 -4.70  0.42 -8.37  0.31  5.41 -2.89 -0.24 -6.17  1.31 -0.62 -2.13 
utt>   134                   uk_0135  407    0   140 36  3 6 4.750542e-12 -1.770846e+02 -7.207343e+04
INFO: cmn.c(183): CMN: 45.20  5.61 -1.37  5.37 -3.99 -5.69  3.79 -1.09  1.66 -8.34  3.62 -0.70 -0.39 
utt>   135                   uk_0136  868    0   368 42  3 7 8.268817e-12 -1.794741e+02 -1.557835e+05
INFO: cmn.c(183): CMN: 43.85  8.62 -4.98  0.95 -10.52 -1.95  4.15 -2.66  1.23 -7.01  4.86 -1.33 -1.87 
utt>   136                   uk_0137  488    0   176 35  3 6 7.958578e-12 -1.776462e+02 -8.669136e+04
INFO: cmn.c(183): CMN: 41.83  4.45  1.83  4.65 -5.73 -2.23  4.14  1.60 -0.31 -10.07  3.58 -1.27 -0.68 
utt>   137                   uk_0138  611    0   228 38  3 7 5.978335e-12 -1.788929e+02 -1.093035e+05
INFO: cmn.c(183): CMN: 45.32 10.61 -3.04  2.49 -9.98 -1.68  2.69 -4.91  2.72 -8.78  4.24 -1.96 -1.16 
utt>   138                   uk_0139  792    0   320 40  3 6 5.961956e-12 -1.792840e+02 -1.419929e+05
INFO: cmn.c(183): CMN: 44.82 11.45 -1.51  2.89 -8.75 -2.30  3.33 -4.00  1.46 -8.56  5.56 -2.15 -0.99 
utt>   139                   uk_0140  693    0   260 38  3 6 5.800889e-12 -1.791501e+02 -1.241510e+05
INFO: cmn.c(183): CMN: 42.04  5.54 -0.13  7.62 -6.47 -4.41  4.42  1.31  0.95 -10.39  6.22 -3.21 -0.53 
utt>   140                   uk_0141  501    0   176 38  3 6 6.711233e-12 -1.786452e+02 -8.950123e+04
INFO: cmn.c(183): CMN: 46.45  3.08  1.97  6.05 -8.97 -4.60  3.58 -0.73  1.63 -10.53  5.06 -2.46 -1.22 
utt>   141                   uk_0142 1005    0   400 42  3 7 6.111271e-12 -1.791714e+02 -1.800673e+05
INFO: cmn.c(183): CMN: 45.48  8.86  0.55  8.22 -7.99 -4.60  2.63 -2.10  0.89 -11.40  4.77 -2.67 -0.56 
utt>   142                   uk_0143 1190    0   512 45  3 7 7.975738e-12 -1.808147e+02 -2.151695e+05
INFO: cmn.c(183): CMN: 45.34 11.15 -2.02  2.14 -10.40 -2.82  2.79 -0.96 -0.88 -8.02  4.82 -1.55 -1.17 
utt>   143                   uk_0144  873    0   392 43  3 7 8.343590e-12 -1.806341e+02 -1.576936e+05
INFO: cmn.c(183): CMN: 43.88  9.58 -3.66  1.19 -10.35 -2.22  2.12 -2.69  3.80 -8.79  3.58 -1.16 -1.19 
utt>   144                   uk_0145  662    0   204 40  3 6 5.258004e-12 -1.769927e+02 -1.171692e+05
INFO: cmn.c(183): CMN: 44.64  8.67 -1.03  5.31 -9.17 -2.20  4.30 -2.44  2.37 -9.49  4.81 -1.79 -0.92 
utt>   145                   uk_0146  728    0   280 41  3 6 6.792239e-12 -1.803010e+02 -1.312591e+05
INFO: cmn.c(183): CMN: 46.17  8.39 -2.04  4.60 -11.47 -2.82  1.02 -2.57  1.37 -8.97  5.06 -2.19 -1.62 
utt>   146                   uk_0147 1017    0   388 43  3 6 4.911567e-12 -1.784797e+02 -1.815138e+05
INFO: cmn.c(183): CMN: 42.71  8.12 -3.84  6.23 -8.36 -2.38  4.07 -3.56  1.98 -10.47  2.89 -1.77 -0.72 
utt>   147                   uk_0148  616    0   220 37  3 6 6.725179e-12 -1.754504e+02 -1.080774e+05
INFO: cmn.c(183): CMN: 46.27 10.32 -3.42  2.75 -10.77 -3.35  0.78 -3.28  2.19 -8.40  4.77 -1.05 -2.06 
utt>   148                   uk_0149 1072    0   456 44  3 7 5.798880e-12 -1.785163e+02 -1.913694e+05
INFO: cmn.c(183): CMN: 43.51  3.87  0.42  4.73 -6.43 -2.08  0.39 -0.00  0.17 -8.60  3.34 -1.13 -1.24 
utt>   149                   uk_0150  760    0   260 34  3 6 4.731484e-12 -1.775155e+02 -1.349118e+05
INFO: cmn.c(183): CMN: 45.42  8.45  2.64  3.07 -5.78 -6.17  6.31 -2.35  4.01 -10.65  3.05 -1.56 -1.47 
utt>   150                   uk_0151 1280    0   604 47  3 7 6.902984e-12 -1.816631e+02 -2.325288e+05
INFO: cmn.c(183): CMN: 43.60  8.24 -0.31  1.23 -6.47 -4.96  6.54 -4.23  1.29 -6.59  1.45 -0.62 -2.97 
utt>   151                   uk_0152  816    0   324 43  3 6 6.183547e-12 -1.787432e+02 -1.458545e+05
INFO: cmn.c(183): CMN: 41.63  6.70 -1.55  2.99 -4.50 -5.00  5.98  1.83  3.15 -7.35  3.01 -0.03 -2.05 
utt>   152                   uk_0153  490    0   172 40  3 6 5.181466e-12 -1.759195e+02 -8.620054e+04
INFO: cmn.c(183): CMN: 42.66  8.97  0.96 -0.47 -7.81  0.82  6.18 -2.54  4.12 -6.89  3.64 -2.15 -2.03 
utt>   153                   uk_0154  534    0   196 40  3 6 5.691684e-12 -1.779841e+02 -9.504350e+04
INFO: cmn.c(183): CMN: 43.93  3.72  0.28  0.27 -9.55 -3.06  4.94 -1.47  6.54 -7.08  3.76 -1.35 -0.85 
utt>   154                   uk_0155  633    0   248 36  3 5 6.127956e-12 -1.792182e+02 -1.134451e+05
INFO: cmn.c(183): CMN: 44.12  6.51  1.48 -2.11 -8.05 -2.17  4.69 -5.44  3.82 -8.86  4.16 -1.86 -0.56 
utt>   155                   uk_0156  728    0   292 42  3 6 5.826399e-12 -1.816355e+02 -1.322306e+05
INFO: cmn.c(183): CMN: 43.58  7.71 -0.82 -2.73 -10.44 -2.32  6.77 -2.21  2.75 -6.69  4.14 -1.45 -1.37 
utt>   156                   uk_0157  608    0   232 37  3 6 5.296659e-12 -1.761356e+02 -1.070905e+05
INFO: cmn.c(183): CMN: 48.09  9.05 -2.32  3.99 -6.94 -5.32  3.70 -6.51  6.91 -8.67  3.83 -1.00 -1.24 
utt>   157                   uk_0158  931    0   440 48  3 7 5.616385e-12 -1.783731e+02 -1.660653e+05
INFO: cmn.c(183): CMN: 44.42  5.08  0.88  1.08 -8.08 -2.67  2.64 -3.32  5.67 -7.13  5.98 -1.45 -0.57 
utt>   158                   uk_0159 1080    0   396 39  3 6 6.280198e-12 -1.773814e+02 -1.915719e+05
INFO: cmn.c(183): CMN: 42.25  6.94  0.02  4.84 -8.69 -3.78  4.66 -2.39  3.95 -7.73  3.99 -1.01 -0.28 
utt>   159                   uk_0160  507    0   196 33  3 6 4.485105e-12 -1.769916e+02 -8.973472e+04
INFO: cmn.c(183): CMN: 45.32  7.97 -3.32  3.21 -9.10 -0.75  2.81 -4.57  3.29 -7.54  4.34 -1.65 -0.92 
utt>   160                   uk_0161  786    0   320 38  3 6 5.952166e-12 -1.781909e+02 -1.400581e+05
INFO: cmn.c(183): CMN: 43.68 11.46 -2.01  3.68 -7.32 -0.40  2.82 -5.03  2.41 -8.20  4.94 -2.96 -0.87 
utt>   161                   uk_0162  703    0   260 40  3 6 6.129091e-12 -1.774600e+02 -1.247544e+05
INFO: cmn.c(183): CMN: 45.06  5.31  2.40  3.87 -4.71 -2.06  0.28 -2.52  0.85 -9.23  2.97 -2.35 -0.41 
utt>   162                   uk_0163  997    0   392 39  3 6 5.516554e-12 -1.783328e+02 -1.777978e+05
INFO: cmn.c(183): CMN: 44.28  9.69 -3.45  5.46 -9.05 -1.82  4.08 -2.10  2.05 -8.69  5.52 -2.30  0.36 
utt>   163                   uk_0164  547    0   220 43  4 8 8.194297e-12 -1.769641e+02 -9.679937e+04
INFO: cmn.c(183): CMN: 44.70  9.50 -2.27  3.81 -6.68 -0.83  1.34 -4.68  1.61 -8.92  4.12 -2.72 -0.51 
utt>   164                   uk_0165  610    0   248 39  3 6 7.402921e-12 -1.775973e+02 -1.083343e+05
INFO: cmn.c(183): CMN: 46.41  8.28  0.42  6.24 -4.21 -4.21  1.80 -3.24  1.14 -10.62  4.63 -2.00 -0.68 
utt>   165                   uk_0166 1122    0   504 49  3 7 8.277903e-12 -1.800204e+02 -2.019829e+05
INFO: cmn.c(183): CMN: 45.47  5.91  1.84  3.50 -6.40 -0.68 -0.76 -2.68  2.36 -11.91  5.97 -2.33  0.61 
utt>   166                   uk_0167  802    0   320 40  3 7 6.934998e-12 -1.797792e+02 -1.441829e+05
INFO: cmn.c(183): CMN: 46.03  9.10 -1.21  3.49 -8.60 -2.54  0.94 -3.19  1.42 -10.93  5.00 -2.79 -0.90 
utt>   167                   uk_0168  794    0   344 36  3 7 6.344104e-12 -1.784232e+02 -1.416680e+05
INFO: cmn.c(183): CMN: 46.03  9.59 -2.85  3.91 -5.78 -3.68  1.64 -4.88  1.01 -8.83  3.71 -1.21 -0.92 
utt>   168                   uk_0169 1184    0   512 40  3 6 6.740423e-12 -1.793425e+02 -2.123415e+05
INFO: cmn.c(183): CMN: 46.96  8.54 -2.16  5.88 -7.65 -3.30 -1.04 -2.99  1.84 -10.21  3.81 -2.18 -0.34 
utt>   169                   uk_0170 1191    0   560 43  3 7 6.802960e-12 -1.780461e+02 -2.120529e+05
INFO: cmn.c(183): CMN: 42.69  4.30  1.51  7.28 -9.99 -5.93  3.81 -1.11  5.52 -9.33  2.73 -3.89 -0.17 
utt>   170                   uk_0171  504    0   196 35  3 6 5.954670e-12 -1.788061e+02 -9.011829e+04
INFO: cmn.c(183): CMN: 46.38  3.45  4.64  2.89 -3.76 -10.54  0.87  2.76  4.68 -6.74  1.65 -1.88  0.37 
utt>   171                   uk_0172  595    0   260 41  3 7 7.228232e-12 -1.792676e+02 -1.066642e+05
INFO: cmn.c(183): CMN: 42.23  4.29  4.75  3.45 -6.04 -6.40  5.92  0.83  1.12 -8.74  3.45 -3.06 -0.32 
utt>   172                   uk_0173  532    0   200 45  3 7 7.490165e-12 -1.800936e+02 -9.580978e+04
INFO: cmn.c(183): CMN: 44.07  5.78  2.45  0.61 -5.96 -7.70  3.68 -0.90  4.98 -8.58  1.97 -2.13 -0.87 
utt>   173                   uk_0174  839    0   328 38  3 6 5.986562e-12 -1.802825e+02 -1.512570e+05
INFO: cmn.c(183): CMN: 45.31  5.33  0.54  3.62 -7.73 -6.02  2.69  0.81  3.30 -8.05  2.60 -2.75 -0.39 
utt>   174                   uk_0175  554    0   196 43  3 6 5.767010e-12 -1.788314e+02 -9.907259e+04
INFO: cmn.c(183): CMN: 47.87  6.57  4.69  2.51 -6.82 -7.13  1.02 -1.69  6.52 -9.29  2.75 -1.32 -0.80 
utt>   175                   uk_0176 1160    0   508 41  3 7 6.831721e-12 -1.817944e+02 -2.108816e+05
INFO: cmn.c(183): CMN: 46.59  5.23  4.93  2.94 -4.57 -7.94  3.88  0.02  4.39 -10.79  3.24 -2.70 -0.48 
utt>   176                   uk_0177  875    0   404 41  3 7 7.234881e-12 -1.818928e+02 -1.591562e+05
INFO: cmn.c(183): CMN: 45.12  5.92  3.28  2.30 -5.09 -6.61  3.31 -0.29  5.04 -9.19  4.37 -3.27 -0.76 
utt>   177                   uk_0178 1124    0   480 45  3 7 7.597652e-12 -1.821356e+02 -2.047204e+05
INFO: cmn.c(183): CMN: 45.38  7.48  1.27  1.73 -5.80 -7.69  1.33  0.42  4.20 -9.59  2.87 -2.12 -0.45 
utt>   178                   uk_0179  912    0   360 40  3 6 6.655601e-12 -1.791235e+02 -1.633606e+05
INFO: cmn.c(183): CMN: 44.64  7.95  1.90  1.10 -3.12 -8.20  4.98 -3.15  3.59 -7.91  2.36 -1.54 -0.93 
utt>   179                   uk_0180  843    0   388 47  3 6 7.123843e-12 -1.801683e+02 -1.518819e+05
INFO: cmn.c(183): CMN: 42.23 -1.56  2.92  8.44 -6.56 -3.19  2.91 -1.63 -4.13 -7.82  4.88 -1.79  0.93 
utt>   180                   uk_0181  980    0   392 38  3 6 6.096797e-12 -1.794657e+02 -1.758764e+05
INFO: cmn.c(183): CMN: 41.96  3.97 -2.11  6.45 -6.62 -5.30  4.97 -4.44  1.91 -9.87  5.91 -3.41  2.34 
utt>   181                   uk_0182  596    0   220 40  3 7 5.690295e-12 -1.794234e+02 -1.069363e+05
INFO: cmn.c(183): CMN: 43.57  3.80 -0.18  6.03 -6.34 -2.18  2.21 -4.62  1.08 -9.46  5.59 -3.47  1.88 
utt>   182                   uk_0183  626    0   248 39  3 7 6.395186e-12 -1.788674e+02 -1.119710e+05
INFO: cmn.c(183): CMN: 44.46  2.06  2.89 10.97 -4.92 -4.87  3.41 -3.01 -1.48 -8.64  4.43 -0.52  1.53 
utt>   183                   uk_0184 1136    0   504 49  3 7 7.309213e-12 -1.816466e+02 -2.063506e+05
INFO: cmn.c(183): CMN: 44.52  1.13  3.28  8.03 -5.33 -3.49  1.97 -2.61  0.24 -11.34  7.74 -2.84  1.76 
utt>   184                   uk_0185  824    0   320 40  3 7 6.546008e-12 -1.799750e+02 -1.482994e+05
INFO: cmn.c(183): CMN: 44.37  5.37  1.79  6.37 -7.85 -3.63  4.44 -4.27 -1.01 -9.13  7.46 -3.22  0.69 
utt>   185                   uk_0186  830    0   344 39  3 7 7.790256e-12 -1.819151e+02 -1.509895e+05
INFO: cmn.c(183): CMN: 45.46  5.71  0.72  6.91 -5.68 -6.68  4.87 -6.46 -0.35 -9.85  6.88 -1.72  0.16 
utt>   186                   uk_0187 1181    0   512 42  3 7 6.827327e-12 -1.818940e+02 -2.148168e+05
INFO: cmn.c(183): CMN: 45.31  5.47  0.77  7.71 -5.58 -5.95  4.12 -3.27  0.59 -9.55  6.04 -1.68  0.93 
utt>   187                   uk_0188 1212    0   560 44  3 7 8.081770e-12 -1.813071e+02 -2.197442e+05
INFO: cmn.c(183): CMN: 46.57  3.82 -0.72  6.53 -5.33 -7.76  3.89 -6.35  1.92 -10.96  7.19 -1.80  0.97 
utt>   188                   uk_0189 1341    0   644 42  3 7 6.548015e-12 -1.830064e+02 -2.454115e+05
INFO: cmn.c(183): CMN: 41.03  0.09  0.44 11.96 -4.49 -6.76  6.38 -3.12 -1.72 -9.82  5.30 -3.11  1.05 
utt>   189                   uk_0190  486    0   176 44  3 6 6.869260e-12 -1.787315e+02 -8.686351e+04
INFO: cmn.c(183): CMN: 45.17  1.63  9.03  2.36 -3.85 -7.80  4.46  3.00  2.68 -9.78  1.82 -3.01 -0.93 
utt>   190                   uk_0191  518    0   228 39  3 7 6.626556e-12 -1.813778e+02 -9.395370e+04
INFO: cmn.c(183): CMN: 45.23  7.33  1.74 -1.20 -8.02 -4.50  3.02 -1.06  6.03 -7.36  1.73 -2.42 -1.12 
utt>   191                   uk_0192  751    0   320 43  3 7 5.855007e-12 -1.799917e+02 -1.351737e+05
INFO: cmn.c(183): CMN: 42.64  9.74  1.77 -0.71 -5.53 -4.19  3.16 -1.08  4.22 -7.21  2.57 -3.40 -0.83 
utt>   192                   uk_0193  678    0   260 37  3 6 5.356548e-12 -1.790152e+02 -1.213723e+05
INFO: cmn.c(183): CMN: 45.65  3.26  6.94  1.35 -3.72 -5.66  2.08  0.44  3.87 -8.80  1.51 -2.62 -1.57 
utt>   193                   uk_0194  965    0   392 36  3 6 6.572903e-12 -1.797789e+02 -1.734866e+05
INFO: cmn.c(183): CMN: 44.75  6.64  1.94  0.29 -7.51 -7.12  5.45 -1.24  3.14 -9.33  1.85 -1.70 -0.51 
utt>   194                   uk_0195  541    0   220 38  3 6 7.375994e-12 -1.774184e+02 -9.598334e+04
INFO: cmn.c(183): CMN: 45.10  6.90  2.24  0.57 -6.59 -4.30  2.51 -2.33  4.77 -8.84  2.04 -2.10 -1.02 
utt>   195                   uk_0196  592    0   248 37  3 6 6.757009e-12 -1.779829e+02 -1.053659e+05
INFO: cmn.c(183): CMN: 47.73  6.40  6.18  3.52 -3.49 -8.10  3.99 -1.57  4.59 -9.67  3.06 -2.02 -0.91 
utt>   196                   uk_0197 1070    0   504 47  4 8 6.996964e-12 -1.820693e+02 -1.948141e+05
INFO: cmn.c(183): CMN: 47.00  4.14  6.77  1.06 -6.29 -4.72  0.37 -1.76  7.67 -11.30  3.11 -3.09 -1.14 
utt>   197                   uk_0198  771    0   320 37  3 7 6.158533e-12 -1.791655e+02 -1.381366e+05
INFO: cmn.c(183): CMN: 46.75  6.71  4.06  0.63 -6.41 -5.97  3.66 -1.68  5.24 -9.12  3.28 -2.44 -0.97 
utt>   198                   uk_0199  811    0   344 36  3 6 7.009177e-12 -1.779878e+02 -1.443481e+05
INFO: cmn.c(183): CMN: 48.28  7.67  3.00  1.06 -5.82 -8.58  2.84 -3.28  6.31 -9.37  2.01 -1.82 -1.14 
utt>   199                   uk_0200 1112    0   512 40  3 6 6.555442e-12 -1.808841e+02 -2.011432e+05
INFO: cmn.c(183): CMN: 44.35  4.53  7.93 -3.59 -2.34 -3.63 -4.36 -0.30 -1.04  2.07 -1.18 -0.37  1.51 
utt>   200                   uk_0201 1393    0   644 70  4 9 9.709744e-12 -1.858714e+02 -2.589189e+05
INFO: cmn.c(183): CMN: 36.70  4.83 10.61  1.24 -0.13 -0.24 -2.80 -3.14 -1.00  1.31 -2.46 -1.58 -0.87 
utt>   201                   uk_0202  564    0   176 55  3 7 9.493398e-12 -1.823444e+02 -1.028422e+05
INFO: cmn.c(183): CMN: 44.52  2.15 10.04 -0.57 -2.44 -3.97 -2.86 -1.73 -1.94  4.16 -1.97 -1.59  0.16 
utt>   202                   uk_0203 1023    0   400 66  3 7 6.878659e-12 -1.841311e+02 -1.883662e+05
INFO: cmn.c(183): CMN: 45.51  4.05 10.02 -1.65 -1.42 -0.46 -6.87 -5.33 -0.37  5.21 -2.05 -0.75 -0.07 
utt>   203                   uk_0204 1343    0   512 76  4 8 7.873290e-12 -1.854596e+02 -2.490723e+05
INFO: cmn.c(183): CMN: 46.08  6.00  7.46 -7.01 -1.91 -1.04 -7.00 -5.58  1.58  3.45 -2.07 -0.07 -0.35 
utt>   204                   uk_0205  932    0   392 65  4 8 7.785443e-12 -1.850884e+02 -1.725023e+05
INFO: cmn.c(183): CMN: 42.10  4.45  4.02 -5.66 -0.41 -1.48 -7.89 -5.22  1.94  6.37 -1.52 -1.04  1.04 
utt>   205                   uk_0206  751    0   204 47  3 6 5.712805e-12 -1.824350e+02 -1.370087e+05
INFO: cmn.c(183): CMN: 42.62  4.19  5.97 -6.38  1.23 -0.67 -7.99 -3.60  1.86  5.21 -1.30 -0.37 -0.09 
utt>   206                   uk_0207  906    0   280 54  3 7 7.537862e-12 -1.853612e+02 -1.679372e+05
INFO: cmn.c(183): CMN: 45.03  5.85  4.14 -4.03 -1.37 -1.18 -8.69 -3.27  0.53  5.62 -1.15 -1.69 -0.31 
utt>   207                   uk_0208 1078    0   388 61  3 7 7.080237e-12 -1.817525e+02 -1.959291e+05
INFO: cmn.c(183): CMN: 43.50  4.20  5.49 -3.99 -1.84 -2.00 -5.84 -4.88  1.04  0.07 -0.28 -0.24  0.52 
utt>   208                   uk_0209  642    0   220 62  3 7 8.867626e-12 -1.836229e+02 -1.178859e+05
INFO: cmn.c(183): CMN: 47.14  6.00  5.43 -6.57  1.12 -1.97 -11.94 -1.84  0.83  5.93 -2.17 -0.24  0.47 
utt>   209                   uk_0210 1152    0   456 66  3 7 7.037875e-12 -1.847794e+02 -2.128659e+05
INFO: cmn.c(183): CMN: 38.28 11.45 -2.67  6.33 -2.89 -3.46  3.03 -6.23  5.53 -9.22  5.18 -3.75 -1.06 
utt>   210                   uk_0211 1163    0   480 44  3 7 6.621749e-12 -1.803076e+02 -2.096978e+05
INFO: cmn.c(183): CMN: 41.09 10.94 -3.74  3.72 -3.56 -5.18  1.09 -3.65  3.87 -8.97  5.24 -2.74 -0.41 
utt>   211                   uk_0212  985    0   360 39  3 6 5.388965e-12 -1.776852e+02 -1.750199e+05
INFO: cmn.c(183): CMN: 39.67 10.59 -1.11  4.07 -0.79 -3.40  3.82 -7.44  4.41 -8.40  3.43 -2.93 -1.07 
utt>   212                   uk_0213  908    0   388 47  3 7 7.315862e-12 -1.805071e+02 -1.639004e+05
INFO: cmn.c(183): CMN: 36.85  8.62  2.09  4.44 -2.77 -1.90  5.79 -3.37  1.61 -9.95  4.35 -2.91 -0.97 
utt>   213                   uk_0214  623    0   260 41  3 7 5.668846e-12 -1.790523e+02 -1.115496e+05
INFO: cmn.c(183): CMN: 40.88  8.26  1.76  6.45 -2.85 -2.83  3.63 -5.67  3.20 -11.18  5.95 -4.51 -0.29 
utt>   214                   uk_0215 1001    0   460 41  3 7 6.096728e-12 -1.800754e+02 -1.802555e+05
INFO: cmn.c(183): CMN: 35.47 10.51 -1.83  0.98 -5.78  0.67  4.50 -3.40  0.48 -5.12  2.67 -3.08 -1.52 
utt>   215                   uk_0216  411    0   140 34  3 6 6.982168e-12 -1.780511e+02 -7.317901e+04
INFO: cmn.c(183): CMN: 40.80  8.49 -0.46  6.00 -2.39 -6.12  4.40 -3.51  1.76 -8.49  5.61 -4.83  0.68 
utt>   216                   uk_0217  834    0   368 41  3 6 7.089687e-12 -1.808838e+02 -1.508571e+05
INFO: cmn.c(183): CMN: 39.19  9.11 -4.44  1.56 -4.97 -2.45  3.40 -5.39  2.79 -7.92  6.38 -4.15 -0.86 
utt>   217                   uk_0218  487    0   176 32  3 6 4.868044e-12 -1.775070e+02 -8.644592e+04
INFO: cmn.c(183): CMN: 38.96  6.62  0.50  5.90 -2.33 -3.76  4.92 -0.45  2.12 -9.41  5.33 -3.40  0.09 
utt>   218                   uk_0219  595    0   228 41  3 7 6.764264e-12 -1.797456e+02 -1.069486e+05
INFO: cmn.c(183): CMN: 42.26 10.36 -3.87  5.84 -7.99  1.26  1.84 -5.00  2.53 -5.95  4.54 -2.87 -0.26 
utt>   219                   uk_0220  738    0   320 36  3 6 6.187214e-12 -1.786253e+02 -1.318255e+05
INFO: cmn.c(183): CMN: 48.23 -0.35  0.13  7.72  1.77 -3.08 -3.30 -3.76 -0.52  1.24  1.00 -0.21  0.16 
utt>   220                   uk_0221 1144    0   280 83  4 8 1.087887e-11 -1.801433e+02 -2.060839e+05
INFO: cmn.c(183): CMN: 46.91  0.93 -1.72  3.91 -0.00 -1.50 -2.51 -3.82 -1.70  1.65  1.86 -0.27 -0.38 
utt>   221                   uk_0222 1171    0   388 155  3 7 9.496217e-12 -1.804398e+02 -2.112950e+05
INFO: cmn.c(183): CMN: 48.99  0.44 -1.07  7.91  1.39 -3.48 -3.78 -4.93 -1.00  2.25  1.48 -1.88  0.78 
utt>   222                   uk_0223  545    0   220 95  4 8 8.510342e-12 -1.791730e+02 -9.764928e+04
INFO: cmn.c(183): CMN: 48.18  1.59 -5.29  4.26  1.45 -1.98 -3.24 -5.21  0.86  2.65 -0.28 -1.84  0.03 
ERROR: "backward.c", line 421: Failed to align audio to trancript: final state of the search is not reached
ERROR: "baum_welch.c", line 324: uk_0224 ignored
utt>   223                   uk_0224  802    0   456 108 
INFO: cmn.c(183): CMN: 47.47 -0.50 -1.75  5.97  1.97 -2.18 -2.46 -5.59  0.50  1.94  0.79 -1.42 -0.02 
utt>   224                   uk_0225  522    0   260 88  4 7 8.701459e-12 -1.783119e+02 -9.307883e+04
INFO: cmn.c(183): CMN: 48.97  0.69 -5.13  2.16  1.95 -2.39 -0.91 -4.29  0.64  2.54  0.71 -1.77  0.08 
utt>   225                   uk_0226  969    0   120 37  2 4 4.469775e-12 -1.797042e+02 -1.741334e+05
INFO: cmn.c(183): CMN: 48.22 -2.53 -0.44  5.31  0.40 -0.77 -2.09 -6.36 -2.30  1.21  1.36 -1.64  0.54 
utt>   226                   uk_0227  636    0   384 140  4 9 7.899760e-12 -1.801556e+02 -1.145790e+05
INFO: cmn.c(183): CMN: 43.51 -0.93 -7.92  3.23 -1.36 -0.07  0.33 -0.65 -0.25  3.66  3.12 -0.85 -0.49 
utt>   227                   uk_0228  420    0   196 91  4 9 9.809664e-12 -1.739817e+02 -7.307233e+04
INFO: cmn.c(183): CMN: 50.11 -2.16 -1.74  7.84 -0.86 -3.69 -4.09  0.79 -1.83  3.91  0.07 -1.23 -0.42 
ERROR: "backward.c", line 421: Failed to align audio to trancript: final state of the search is not reached
ERROR: "baum_welch.c", line 324: uk_0229 ignored
utt>   228                   uk_0229  773    0   620 162 
INFO: cmn.c(183): CMN: 46.32  0.77 -3.00  2.98 -1.91  1.69 -3.77  1.35 -0.53  2.60  0.69 -2.06 -0.17 
ERROR: "backward.c", line 421: Failed to align audio to trancript: final state of the search is not reached
ERROR: "baum_welch.c", line 324: uk_0230 ignored
utt>   229                   uk_0230  536    0   604 90 
INFO: cmn.c(183): CMN: 50.19  1.46 -1.87  3.50  2.34 -3.73 -4.69 -3.61 -0.35  2.84 -1.46 -0.53  0.50 
utt>   230                   uk_0231  454    0   220 57  4 8 9.980707e-12 -1.781582e+02 -8.088383e+04
INFO: cmn.c(183): CMN: 48.42  1.42 -3.71  2.28  2.69 -3.21 -3.25 -5.33  0.13  3.36  0.18 -1.12  0.76 
utt>   231                   uk_0232  497    0   248 62  4 8 6.526041e-12 -1.777210e+02 -8.832735e+04
INFO: cmn.c(183): CMN: 49.50  0.67 -2.25  4.27  2.03 -4.05 -3.74 -5.94  1.06  0.26  1.27  0.63 -0.52 
utt>   232                   uk_0233  991    0   504 87  4 8 9.648503e-12 -1.798432e+02 -1.782246e+05
INFO: cmn.c(183): CMN: 47.53 -1.31 -1.20  6.07  0.28 -5.39 -1.67 -4.36  0.38  0.82  1.72 -0.63 -0.40 
utt>   233                   uk_0234  675    0   320 61  4 8 9.166056e-12 -1.771165e+02 -1.195536e+05
INFO: cmn.c(183): CMN: 46.53  0.07 -2.18  5.80  0.84 -2.71 -3.03 -3.33  0.88  3.01  0.28 -1.16 -0.29 
utt>   234                   uk_0235  730    0   344 58  4 8 7.502334e-12 -1.777729e+02 -1.297742e+05
INFO: cmn.c(183): CMN: 48.80  1.18 -0.52  5.24 -0.27 -2.51 -7.06 -2.40 -1.48  2.27  2.36 -0.91 -0.58 
utt>   235                   uk_0236  924    0   512 77  4 9 8.137996e-12 -1.800141e+02 -1.663330e+05
INFO: cmn.c(183): CMN: 48.42  0.43 -1.93  5.68  0.67 -3.65 -1.61 -4.31 -0.69  1.58  1.60 -0.16 -0.05 
utt>   236                   uk_0237 1047    0   560 71  4 8 9.500862e-12 -1.782481e+02 -1.866258e+05
INFO: cmn.c(183): CMN: 48.29  0.10 -2.25  4.06  0.76 -2.60 -2.50 -3.59 -0.68  2.32  2.72 -0.89 -0.43 
utt>   237                   uk_0238 1107    0   644 77  4 9 8.928536e-12 -1.795912e+02 -1.988075e+05
INFO: cmn.c(183): CMN: 45.02 -3.09  1.33  9.10 -0.33 -1.24 -1.55 -3.93 -1.86  3.90  0.82 -1.97 -0.02 
utt>   238                   uk_0239  486    0   176 67  3 6 7.501239e-12 -1.765426e+02 -8.579971e+04
INFO: cmn.c(183): CMN: 48.91 -3.57  1.57  6.80  0.12 -1.58 -2.50 -5.47 -2.56  3.21  1.20 -1.11 -0.89 
utt>   239                   uk_0240  723    0   400 76  4 8 7.742964e-12 -1.799222e+02 -1.300838e+05
INFO: cmn.c(183): CMN: 47.59 -0.03 -1.11  4.61  0.18 -2.20 -5.21 -5.25  0.61  0.49  1.33 -2.31 -0.13 
utt>   240                   uk_0241  833    0   396 61  4 7 7.019872e-12 -1.784145e+02 -1.486193e+05
INFO: cmn.c(183): CMN: 46.57  1.14 -2.61  5.27  2.16 -0.62 -7.29 -1.15  0.50  0.64  2.33 -0.89  0.19 
utt>   241                   uk_0242  421    0   196 57  4 8 8.069398e-12 -1.778470e+02 -7.487358e+04
INFO: cmn.c(183): CMN: 47.08 -3.24  1.08  5.60 -0.10 -1.63 -3.12 -2.48  1.26 -1.07  1.65 -2.45  0.32 
utt>   242                   uk_0243  638    0   260 70  4 8 7.514420e-12 -1.776149e+02 -1.133183e+05
INFO: cmn.c(183): CMN: 45.40  1.19 -1.23  3.54  2.99 -0.91 -6.78 -7.37 -0.72 -0.55  1.84 -1.25  0.60 
utt>   243                   uk_0244  452    0   200 60  4 8 8.920467e-12 -1.786732e+02 -8.076028e+04
INFO: cmn.c(183): CMN: 45.25  0.02 -3.95  2.29  1.07 -0.85 -5.71 -3.91 -1.19  1.70  0.83 -1.07 -0.26 
utt>   244                   uk_0245  777    0   328 62  3 7 6.626050e-12 -1.773119e+02 -1.377713e+05
INFO: cmn.c(183): CMN: 44.00 -0.56 -3.56  4.29 -0.06 -4.50 -1.38 -4.00 -0.67  3.72 -2.23  0.27  0.08 
utt>   245                   uk_0246  590    0   196 61  3 6 6.371867e-12 -1.782826e+02 -1.051868e+05
INFO: cmn.c(183): CMN: 47.97 -0.38 -0.98  5.81  1.07 -4.02 -2.30 -5.62  0.79  1.71  0.63  0.73 -1.18 
utt>   246                   uk_0247  982    0   508 74  4 8 7.366790e-12 -1.797132e+02 -1.764784e+05
INFO: cmn.c(183): CMN: 46.19  0.58 -1.19  5.28  0.57 -3.51 -3.18 -7.53 -1.15  0.80  1.78 -0.22  0.05 
utt>   247                   uk_0248  792    0   404 62  4 8 8.709541e-12 -1.795638e+02 -1.422145e+05
INFO: cmn.c(183): CMN: 46.30 -0.46 -1.44  6.19  0.13 -3.48 -4.17 -4.37 -0.90  2.02  0.42 -2.00 -0.76 
utt>   248                   uk_0249  925    0   480 92  5 11 1.082669e-11 -1.787899e+02 -1.653806e+05
INFO: cmn.c(183): CMN: 47.18 -0.33 -3.61  5.20 -3.23 -0.47 -4.02  0.29 -4.69  4.02  2.05 -0.27 -0.17 
utt>   249                   uk_0250  833    0   360 69  4 8 7.802996e-12 -1.782939e+02 -1.485188e+05
INFO: cmn.c(183): CMN: 44.46  0.43  0.99  5.34  1.82 -2.62 -3.45 -5.29  0.81 -1.04  1.72 -2.14 -0.86 
utt>   250                   uk_0251 1264    0   220 84  3 5 7.228294e-12 -1.797461e+02 -2.271991e+05
INFO: cmn.c(183): CMN: 46.65  0.27  2.57  5.71 -1.44 -1.82 -6.90 -0.07 -0.85  0.82  0.08 -1.37 -0.36 
utt>   251                   uk_0252 1140    0   456 106  4 9 1.068763e-11 -1.822200e+02 -2.077308e+05
INFO: cmn.c(183): CMN: 46.08  1.38  1.36  1.33 -1.35 -5.73 -5.93  2.65 -3.19  4.82 -4.80 -1.12  0.12 
utt>   252                   uk_0253  790    0   260 70  3 7 8.111424e-12 -1.802705e+02 -1.424137e+05
INFO: cmn.c(183): CMN: 45.22  0.11  1.29  5.01 -1.48 -2.54 -4.02  1.95 -4.35  4.71 -1.16 -1.44 -1.10 
utt>   253                   uk_0254  399    0   120 67  4 7 8.232528e-12 -1.780283e+02 -7.103327e+04
INFO: cmn.c(183): CMN: 47.78  0.77 -2.03  0.64  3.38 -0.69 -7.00  0.50 -7.49  5.02 -1.48 -0.06 -0.02 
ERROR: "backward.c", line 421: Failed to align audio to trancript: final state of the search is not reached
ERROR: "baum_welch.c", line 324: uk_0255 ignored
utt>   254                   uk_0255  470    0   384 122 
INFO: cmn.c(183): CMN: 47.38  0.25 -2.75  4.67  0.29 -5.00 -4.48 -2.26  1.03  2.48  0.01 -0.38 -1.24 
utt>   255                   uk_0256  966    0   196 76  3 5 5.701563e-12 -1.792961e+02 -1.732000e+05
INFO: cmn.c(183): CMN: 46.42 -3.02  1.98  5.71  2.45 -3.62 -5.38 -4.59 -1.39  0.65 -1.93 -0.84 -0.07 
ERROR: "backward.c", line 421: Failed to align audio to trancript: final state of the search is not reached
ERROR: "baum_welch.c", line 324: uk_0257 ignored
utt>   256                   uk_0257  696    0   620 119 
INFO: cmn.c(183): CMN: 42.64 -1.23 -7.71  0.59  1.56 -1.71 -2.52 -1.18  1.95  0.82 -0.31 -2.46 -0.99 
ERROR: "backward.c", line 421: Failed to align audio to trancript: final state of the search is not reached
ERROR: "baum_welch.c", line 324: uk_0258 ignored
utt>   257                   uk_0258  405    0   604 94 
INFO: cmn.c(183): CMN: 46.58 -0.38 -2.91  4.85  2.15 -4.35 -3.10 -0.68  1.15 -1.83  1.28 -2.34 -1.01 
utt>   258                   uk_0259  834    0   324 108  4 8 9.526049e-12 -1.791884e+02 -1.494431e+05
INFO: cmn.c(183): CMN: 44.97  0.08  0.87  2.67  1.08 -1.87 -3.49 -3.29  1.97 -1.28  0.71 -3.45 -0.79 
utt>   259                   uk_0260  490    0   172 75  4 9 1.402693e-11 -1.794973e+02 -8.795368e+04
INFO: cmn.c(183): CMN: 45.38  4.39  3.11  2.73 -2.62  1.10  1.28 -1.06  2.17 -10.71  3.02 -1.73  1.72 
utt>   260                   uk_0261  972    0   392 36  3 6 5.804007e-12 -1.786842e+02 -1.736811e+05
INFO: cmn.c(183): CMN: 44.81  9.69 -1.13  3.95 -6.55 -0.75  3.94 -1.55  1.84 -10.63  3.29 -2.58  0.88 
utt>   261                   uk_0262  570    0   220 38  3 6 7.368960e-12 -1.774952e+02 -1.011723e+05
INFO: cmn.c(183): CMN: 45.19  8.33 -0.54  2.01 -4.10  1.40  1.27 -3.48  2.13 -9.17  2.03 -2.53  1.54 
utt>   262                   uk_0263  619    0   248 37  3 6 6.114465e-12 -1.778041e+02 -1.100607e+05
INFO: cmn.c(183): CMN: 46.69  6.85  2.25  6.21 -0.09 -2.21  3.15 -2.74  2.77 -10.62  2.30 -1.59  2.12 
utt>   263                   uk_0264 1161    0   504 45  3 7 7.838561e-12 -1.803524e+02 -2.093891e+05
INFO: cmn.c(183): CMN: 46.22  6.74  2.57  2.28 -2.79  1.35  1.35 -1.78  5.34 -11.81  3.12 -2.10  2.12 
utt>   264                   uk_0265  884    0   320 38  3 7 6.302566e-12 -1.785197e+02 -1.578114e+05
INFO: cmn.c(183): CMN: 46.24  7.71  0.83  2.66 -4.56 -0.64  2.25 -2.40  1.58 -10.25  2.96 -2.05  1.34 
utt>   265                   uk_0266  852    0   344 35  3 6 5.944685e-12 -1.789911e+02 -1.525004e+05
INFO: cmn.c(183): CMN: 47.60  8.23 -0.39  3.44 -2.68 -2.58  2.67 -4.07  3.88 -10.91  2.86 -1.28  1.14 
utt>   266                   uk_0267 1195    0   512 40  3 6 6.336829e-12 -1.796192e+02 -2.146450e+05
INFO: cmn.c(183): CMN: 48.38  8.47  0.47  3.01 -5.88 -2.31  0.87 -2.24  5.54 -10.43  2.83 -0.38  1.57 
utt>   267                   uk_0268 1214    0   560 41  3 7 7.050036e-12 -1.793041e+02 -2.176752e+05
INFO: cmn.c(183): CMN: 47.01  7.95  2.51  2.45 -5.82 -1.22  2.77 -3.70  5.04 -10.64  2.34 -0.76  1.21 
utt>   268                   uk_0269 1297    0   644 41  3 7 7.590799e-12 -1.815669e+02 -2.354923e+05
INFO: cmn.c(183): CMN: 44.41  4.67  1.26  7.64 -2.52 -3.59  5.89  0.58  1.32 -11.23  3.42 -1.61  1.17 
utt>   269                   uk_0270  460    0   176 40  3 6 6.551365e-12 -1.799868e+02 -8.279394e+04
INFO: cmn.c(183): CMN: 42.42 10.78 -2.62  3.53 -7.24 -0.57  3.72 -1.51 -1.14 -8.04  1.22 -1.07 -1.19 
utt>   270                   uk_0271  985    0   440 46  3 7 6.399972e-12 -1.775800e+02 -1.749163e+05
INFO: cmn.c(183): CMN: 41.12  8.91 -1.35  2.43 -7.79  0.30  5.03 -2.18 -0.28 -8.60  2.79 -1.75 -0.78 
utt>   271                   uk_0272 1012    0   396 37  3 6 5.322624e-12 -1.794147e+02 -1.815677e+05
INFO: cmn.c(183): CMN: 40.42  8.67 -1.26  4.31 -7.36 -0.73  5.51  0.52 -1.20 -9.54  3.08 -1.49 -0.92 
utt>   272                   uk_0273  505    0   196 31  3 6 4.815289e-12 -1.790424e+02 -9.041643e+04
INFO: cmn.c(183): CMN: 41.48  8.39  0.78  0.62 -3.15 -3.12  3.14  2.36 -0.54 -9.36  2.07 -2.35 -0.64 
utt>   273                   uk_0274  661    0   260 40  3 6 5.425530e-12 -1.787159e+02 -1.181312e+05
INFO: cmn.c(183): CMN: 39.46  8.09  0.50  3.40 -4.29 -1.38  7.90  0.67 -1.22 -10.87  3.11 -1.52 -0.67 
utt>   274                   uk_0275  564    0   200 41  3 7 7.018069e-12 -1.764718e+02 -9.953012e+04
INFO: cmn.c(183): CMN: 43.16  8.58 -1.39  0.07 -5.23 -2.25  4.01 -2.63  1.37 -9.00  0.99 -1.40 -0.25 
utt>   275                   uk_0276  831    0   328 38  3 6 5.730294e-12 -1.780316e+02 -1.479443e+05
INFO: cmn.c(183): CMN: 40.01  7.47 -1.68  1.90 -7.57 -1.87  5.78 -1.27 -0.06 -7.71  2.31 -2.91  0.00 
utt>   276                   uk_0277  603    0   196 38  2 5 3.997197e-12 -1.786413e+02 -1.077207e+05
INFO: cmn.c(183): CMN: 42.94 10.90 -0.95  1.96 -6.53  0.09  5.29 -3.87  2.59 -10.37  2.57 -2.52 -0.50 
utt>   277                   uk_0278 1197    0   508 40  3 6 5.280580e-12 -1.803863e+02 -2.159224e+05
INFO: cmn.c(183): CMN: 42.54  9.11  1.07  3.45 -4.15 -0.51  6.64 -1.71  2.13 -11.62  3.06 -2.36 -0.19 
utt>   278                   uk_0279  895    0   404 39  3 6 7.035931e-12 -1.824320e+02 -1.632766e+05
INFO: cmn.c(183): CMN: 42.47  9.83 -0.97  2.89 -6.60  0.44  6.12 -3.22  1.34 -11.18  3.09 -1.83 -0.64 
utt>   279                   uk_0280 1103    0   480 43  3 6 6.018260e-12 -1.812115e+02 -1.998763e+05
INFO: cmn.c(183): CMN: 39.18  5.34  1.50 -1.21  5.36 -3.74 -7.54 -7.36 -7.57 -3.48  0.58 -2.12  1.57 
utt>   280                   uk_0281  580    0   248 46  3 6 7.280804e-12 -1.890354e+02 -1.096405e+05
INFO: cmn.c(183): CMN: 42.83  4.35  7.45 -1.76  1.14 -4.31 -7.44 -1.07 -11.68 -7.44 -2.31 -0.65 -1.36 
utt>   281                   uk_0282 1243    0   504 64  3 7 7.233489e-12 -1.931589e+02 -2.400965e+05
INFO: cmn.c(183): CMN: 44.23  3.34  3.92 -2.65  5.69 -5.33 -8.13 -4.54 -8.33 -4.98 -1.85 -3.49 -0.73 
utt>   282                   uk_0283  809    0   320 50  3 7 6.843617e-12 -1.901656e+02 -1.538440e+05
INFO: cmn.c(183): CMN: 45.34  5.15  6.61 -4.52  2.91 -3.30 -4.84 -3.23 -13.33 -5.83 -3.27 -0.87 -1.36 
utt>   283                   uk_0284  725    0   344 47  3 7 6.919459e-12 -1.918256e+02 -1.390736e+05
INFO: cmn.c(183): CMN: 44.76  4.72  4.44 -2.97  1.71 -5.41 -4.72 -1.10 -12.22 -8.08 -2.97 -1.49 -1.26 
utt>   284                   uk_0285 1159    0   512 51  3 7 5.853125e-12 -1.911808e+02 -2.215785e+05
INFO: cmn.c(183): CMN: 45.52  5.76  3.51 -1.89  0.12 -5.24 -5.01 -1.03 -12.71 -8.06 -1.33 -1.89 -2.11 
utt>   285                   uk_0286 1241    0   560 52  3 6 5.421449e-12 -1.899468e+02 -2.357240e+05
INFO: cmn.c(183): CMN: 43.21  5.32  6.27 -3.26  2.10 -3.58 -7.36 -0.25 -10.56 -7.98 -2.18 -1.87 -1.48 
utt>   286                   uk_0287 1203    0   644 56  3 7 7.192205e-12 -1.912354e+02 -2.300562e+05
INFO: cmn.c(183): CMN: 38.05 -2.11  8.61  3.60  2.25 -4.91 -2.40 -0.75 -13.00 -5.74 -0.49  0.43 -0.63 
utt>   287                   uk_0288  574    0   176 45  3 6 5.610875e-12 -1.917107e+02 -1.100420e+05
INFO: cmn.c(183): CMN: 43.11  0.40  8.42 -1.20 -1.00 -3.02 -3.74 -0.38 -11.44 -6.90 -1.21 -1.87 -0.63 
utt>   288                   uk_0289  936    0   400 54  3 7 7.831628e-12 -1.926297e+02 -1.803014e+05
INFO: cmn.c(183): CMN: 45.84  4.56  6.03 -0.26  0.35 -4.52 -4.67 -4.35 -12.30 -7.06 -2.23 -2.24 -0.33 
utt>   289                   uk_0290 1094    0   512 68  4 8 8.475640e-12 -1.918230e+02 -2.098544e+05
overall> stats 226956 (-0) -1.805985e+02 -4.098790e+07
WARN: "accum.c", line 642: The following senones never occur in the input data
	3 4 5 9 10 11 21 22 23 24 
	25 26 57 58 59 120 121 122 123 124 
	125 
INFO: s3mixw_io.c(233): Wrote /home/lolo/ukr_model/bwaccumdir/ukr_model_buff_1/mixw_counts [138x4x256 array]
INFO: s3tmat_io.c(176): Wrote /home/lolo/ukr_model/bwaccumdir/ukr_model_buff_1/tmat_counts [46x3x4 array]
INFO: s3gau_io.c(485): Wrote /home/lolo/ukr_model/bwaccumdir/ukr_model_buff_1/gauden_counts with means with vars (2pass) [1x4x256 vector arrays]
INFO: main.c(999): Counts saved to /home/lolo/ukr_model/bwaccumdir/ukr_model_buff_1
Fri Mar 25 03:23:28 2016
