Current configuration:
[NAME]		[DEFLT]	[VALUE]
-example	no	no
-help		no	no
-mixwfn			/home/lolo/ukr_model/model_parameters/ukr_model.ci_semi_flatinitial/mixture_weights
-moddeffn		/home/lolo/ukr_model/model_architecture/ukr_model.ci.mdef
-ndensity	256	256
-nstream	4	4
-tmatfn			/home/lolo/ukr_model/model_parameters/ukr_model.ci_semi_flatinitial/transition_matrices
-topo			/home/lolo/ukr_model/model_architecture/ukr_model.topology

INFO: model_def_io.c(573): Model definition info:
INFO: model_def_io.c(574): 46 total models defined (46 base, 0 tri)
INFO: model_def_io.c(575): 184 total states
INFO: model_def_io.c(576): 138 total tied states
INFO: model_def_io.c(577): 138 total tied CI states
INFO: model_def_io.c(578): 46 total tied transition matrices
INFO: model_def_io.c(579): 4 max state/model
INFO: model_def_io.c(580): 4 min state/model
INFO: s3tmat_io.c(176): Wrote /home/lolo/ukr_model/model_parameters/ukr_model.ci_semi_flatinitial/transition_matrices [46x3x4 array]
INFO: s3mixw_io.c(233): Wrote /home/lolo/ukr_model/model_parameters/ukr_model.ci_semi_flatinitial/mixture_weights [138x4x256 array]
main.c(83): Reading model definition file /home/lolo/ukr_model/model_architecture/ukr_model.ci.mdef
main.c(90): 46 models defined
Fri Mar 25 02:42:40 2016
