        INFO: main.c(229): Compiled on Mar 21 2016 at 12:10:30
Current configuration:
[NAME]		[DEFLT]		[VALUE]
-2passvar	no		yes
-abeam		1e-100		1.000000e-90
-accumdir			/home/lolo/ukr_model/bwaccumdir/ukr_model_buff_1
-agc		none		none
-agcthresh	2.0		2.000000e+00
-bbeam		1e-100		1.000000e-10
-cb2mllrfn	.1cls.		.1cls.
-cepdir				/home/lolo/ukr_model/feat
-cepext		mfc		mfc
-ceplen		13		13
-ckptintv			0
-cmn		current		current
-cmninit	8.0		8.0
-ctlfn				/home/lolo/ukr_model/etc/ukr_model_train.fileids
-diagfull	no		no
-dictfn				/home/lolo/ukr_model/etc/ukr_model.dic
-example	no		no
-fdictfn			/home/lolo/ukr_model/etc/ukr_model.filler
-feat		1s_c_d_dd	s2_4x
-fullvar	no		no
-help		no		no
-hmmdir				
-latdir				
-latext				
-lda				
-ldadim		0		0
-lsnfn				/home/lolo/ukr_model/etc/ukr_model_train.transcription
-lw		11.5		1.150000e+01
-maxuttlen	0		0
-meanfn				/home/lolo/ukr_model/model_parameters/ukr_model.ci_semi/means
-meanreest	yes		yes
-mixwfn				/home/lolo/ukr_model/model_parameters/ukr_model.ci_semi/mixture_weights
-mixwreest	yes		yes
-mllrmat			
-mmie		no		no
-mmie_type	rand		rand
-moddeffn			/home/lolo/ukr_model/model_architecture/ukr_model.ci.mdef
-mwfloor	0.00001		1.000000e-08
-npart				1
-nskip				0
-outphsegdir			
-outputfullpath	no		no
-part				1
-pdumpdir			
-phsegdir			
-phsegext	phseg		phseg
-runlen		-1		-1
-sentdir			
-sentext	sent		sent
-spthresh	0.0		0.000000e+00
-svspec				
-timing		yes		no
-tmatfn				/home/lolo/ukr_model/model_parameters/ukr_model.ci_semi/transition_matrices
-tmatreest	yes		yes
-topn		4		256
-tpfloor	0.0001		1.000000e-04
-ts2cbfn			.semi.
-varfloor	0.00001		1.000000e-04
-varfn				/home/lolo/ukr_model/model_parameters/ukr_model.ci_semi/variances
-varnorm	no		no
-varreest	yes		yes
-viterbi	no		no

INFO: feat.c(715): Initializing feature stream to type: 's2_4x', ceplen=13, CMN='current', VARNORM='no', AGC='none'
INFO: cmn.c(143): mean[0]= 12.00, mean[1..12]= 0.0
INFO: main.c(318): Reading /home/lolo/ukr_model/model_architecture/ukr_model.ci.mdef
INFO: model_def_io.c(573): Model definition info:
INFO: model_def_io.c(574): 46 total models defined (46 base, 0 tri)
INFO: model_def_io.c(575): 184 total states
INFO: model_def_io.c(576): 138 total tied states
INFO: model_def_io.c(577): 138 total tied CI states
INFO: model_def_io.c(578): 46 total tied transition matrices
INFO: model_def_io.c(579): 4 max state/model
INFO: model_def_io.c(580): 4 min state/model
INFO: s3mixw_io.c(117): Read /home/lolo/ukr_model/model_parameters/ukr_model.ci_semi/mixture_weights [138x4x256 array]
INFO: mod_inv.c(408): Failed to norm for 21 mixw: 3 4 5 9 10 11 21 22 23 24 25 26 57 58 59 120 121 122 123 124 125
INFO: s3tmat_io.c(118): Read /home/lolo/ukr_model/model_parameters/ukr_model.ci_semi/transition_matrices [46x3x4 array]
INFO: mod_inv.c(301): inserting tprob floor 1.000000e-04 and renormalizing
INFO: s3gau_io.c(169): Read /home/lolo/ukr_model/model_parameters/ukr_model.ci_semi/means [1x4x256 array]
INFO: s3gau_io.c(169): Read /home/lolo/ukr_model/model_parameters/ukr_model.ci_semi/variances [1x4x256 array]
INFO: gauden.c(176): 1 total mgau
INFO: gauden.c(150): 4 feature streams (|0|=12 |1|=24 |2|=3 |3|=12 )
INFO: gauden.c(187): 256 total densities
INFO: gauden.c(90): min_var=1.000000e-04
INFO: gauden.c(165): compute 256 densities/frame
INFO: main.c(431): Will reestimate mixing weights.
INFO: main.c(433): Will reestimate means.
INFO: main.c(435): Will reestimate variances.
INFO: main.c(443): Will reestimate transition matrices
INFO: main.c(456): Reading main dictionary: /home/lolo/ukr_model/etc/ukr_model.dic
INFO: lexicon.c(221): 532 entries added from /home/lolo/ukr_model/etc/ukr_model.dic
INFO: main.c(466): Reading filler dictionary: /home/lolo/ukr_model/etc/ukr_model.filler
INFO: lexicon.c(221): 3 entries added from /home/lolo/ukr_model/etc/ukr_model.filler
INFO: corpus.c(1062): Will process all remaining utts starting at 0
INFO: main.c(665): Reestimation: Baum-Welch
INFO: cmn.c(183): CMN: 36.28  3.35  6.07 12.52  0.45 -2.01 -3.50  0.67 -4.27 -3.61  1.67 -1.61  1.28 
column defns
	<seq>
	<id>
	<n_frame_in>
	<n_frame_del>
	<n_state_shmm>
	<avg_states_alpha>
	<avg_states_beta>
	<avg_states_reest>
	<avg_posterior_prune>
	<frame_log_lik>
	<utt_log_lik>
	... timing info ... 
utt>     0                   uk_0001  731    0INFO: cvt2triphone.c(199): no multiphones defined, no conversion done
   388 232  16 31 3.164364e-11 -1.841781e+02 -1.346342e+05
INFO: cmn.c(183): CMN: 38.85  3.72  5.10  8.88 -0.49  0.55 -10.26 -2.85 -3.56  0.90  1.31  0.33  1.19 
utt>     1                   uk_0002  575    0   260 146  9 18 2.222546e-11 -1.836879e+02 -1.056205e+05
INFO: cmn.c(183): CMN: 39.27  2.56  3.33  8.97 -1.62 -1.12 -10.21 -0.59 -1.77 -2.43  4.22  1.03  1.26 
utt>     2                   uk_0003 1006    0   460 165  9 19 2.244963e-11 -1.856719e+02 -1.867859e+05
INFO: cmn.c(183): CMN: 37.54  5.90  1.07  3.33  0.21  1.82 -10.21 -4.09 -2.67  2.22  0.62  1.84  0.14 
utt>     3                   uk_0004  356    0   140 95  7 14 1.426966e-11 -1.823674e+02 -6.492280e+04
INFO: cmn.c(183): CMN: 39.07  4.79  4.67 10.50 -0.10  0.75 -12.59 -3.14 -3.50  1.60  0.97 -0.61 -0.12 
utt>     4                   uk_0005  750    0   368 151  10 20 2.338236e-11 -1.853765e+02 -1.390324e+05
INFO: cmn.c(183): CMN: 34.25  4.20  1.34  3.97 -1.65 -0.33 -11.43 -3.93  0.04 -0.07  1.06 -0.17 -0.30 
utt>     5                   uk_0006  510    0   176 79  7 14 1.278402e-11 -1.801811e+02 -9.189235e+04
INFO: cmn.c(183): CMN: 39.73  3.21  8.14 10.42 -2.77 -1.43 -9.32 -3.19 -2.45  0.69  1.42 -1.01  1.00 
utt>     6                   uk_0007  511    0   228 115  9 19 2.054423e-11 -1.836783e+02 -9.385961e+04
INFO: cmn.c(183): CMN: 41.62  7.37  1.66  8.48 -1.87  0.79 -14.61 -3.31  0.62 -0.19  1.63 -0.11  0.73 
utt>     7                   uk_0008  642    0   320 143  9 18 2.416362e-11 -1.862979e+02 -1.196033e+05
INFO: cmn.c(183): CMN: 37.59  4.88  3.82  7.81 -0.98  1.81 -9.57 -2.97 -2.89  0.12  1.03 -0.08  0.93 
utt>     8                   uk_0009  664    0   260 114  9 19 2.024407e-11 -1.845561e+02 -1.225452e+05
INFO: cmn.c(183): CMN: 41.55  2.28  4.78 11.53 -1.67  0.10 -11.45 -2.94 -3.63  0.01  1.80  0.50  1.26 
utt>     9                   uk_0010  810    0   392 166  11 23 2.227557e-11 -1.874197e+02 -1.518099e+05
INFO: cmn.c(183): CMN: 41.12  1.69  5.63  8.89  0.16 -0.63 -8.35 -4.69 -1.19  0.44  0.83 -0.59  1.58 
utt>    10                   uk_0011  750    0   368 149  9 18 2.434094e-11 -1.850465e+02 -1.387849e+05
INFO: cmn.c(183): CMN: 40.42  3.03  2.74  4.05  0.59 -1.14 -8.54 -6.67  1.65 -1.29  2.19 -0.74  0.41 
utt>    11                   uk_0012  378    0   176 93  8 17 2.209973e-11 -1.849944e+02 -6.992789e+04
INFO: cmn.c(183): CMN: 39.09  1.59  7.40  8.60 -1.46 -1.31 -6.87 -1.49 -2.21  0.91  2.37 -1.42  0.69 
utt>    12                   uk_0013  542    0   228 99  8 17 2.044541e-11 -1.843563e+02 -9.992112e+04
INFO: cmn.c(183): CMN: 41.02  4.65  1.65  6.46 -0.64 -2.32 -9.87 -3.03  2.70  0.29  1.77 -1.61  0.46 
utt>    13                   uk_0014  671    0   320 130  8 16 2.049063e-11 -1.853239e+02 -1.243524e+05
INFO: cmn.c(183): CMN: 41.44  7.44  3.61  7.84 -1.82  0.14 -11.12 -4.49  0.63 -0.25  1.77 -1.24  0.67 
utt>    14                   uk_0015  524    0   260 112  11 22 2.601309e-11 -1.853912e+02 -9.714498e+04
INFO: cmn.c(183): CMN: 42.89  3.00  6.90 10.71 -1.17 -2.98 -9.11 -1.42 -0.15  1.32  1.23 -1.09  0.50 
utt>    15                   uk_0016  720    0   392 179  10 21 2.530697e-11 -1.867574e+02 -1.344653e+05
INFO: cmn.c(183): CMN: 38.54  6.02  4.11  6.88 -3.28 -4.06 -10.06  0.06 -0.68 -0.04  0.36 -1.20  1.05 
utt>    16                   uk_0017  503    0   220 116  10 20 2.161270e-11 -1.830384e+02 -9.206834e+04
INFO: cmn.c(183): CMN: 41.58  5.87  4.10  7.43 -1.50 -3.02 -9.64 -2.16  0.20 -0.11  1.51 -2.93  1.34 
utt>    17                   uk_0018  458    0   248 141  10 21 2.354671e-11 -1.858790e+02 -8.513257e+04
INFO: cmn.c(183): CMN: 42.15  5.47  4.51 12.25 -4.23 -1.76 -9.58 -2.43 -2.17 -1.18  1.07 -2.69  1.21 
utt>    18                   uk_0019  952    0   504 202  11 23 2.536308e-11 -1.860366e+02 -1.771068e+05
INFO: cmn.c(183): CMN: 42.42  4.19  3.64 11.57 -5.16 -2.72 -9.89  0.37 -2.03 -2.91  1.11 -3.17  1.57 
utt>    19                   uk_0020  624    0   320 147  9 19 2.209321e-11 -1.869404e+02 -1.166508e+05
INFO: cmn.c(183): CMN: 43.49  3.63  5.10 11.35 -1.62 -1.58 -10.47 -2.33 -3.97 -2.16  0.68 -2.29  2.68 
utt>    20                   uk_0021  851    0   460 190  11 22 2.747690e-11 -1.891379e+02 -1.609564e+05
INFO: cmn.c(183): CMN: 37.56  8.26  1.99  4.30 -1.70  1.64 -8.57 -1.78 -0.24 -1.59  0.86 -1.35  2.28 
utt>    21                   uk_0022  346    0   140 86  6 13 1.280090e-11 -1.831796e+02 -6.338016e+04
INFO: cmn.c(183): CMN: 40.76  5.04  2.58 13.78 -3.87 -2.02 -8.97 -1.48 -1.46 -1.42  1.35 -1.82  1.48 
utt>    22                   uk_0023  662    0   368 160  10 20 2.431579e-11 -1.871574e+02 -1.238982e+05
INFO: cmn.c(183): CMN: 39.29  5.88 -0.15  7.10 -2.68 -2.48 -8.84 -2.76 -0.22 -1.83  0.65 -0.59  0.90 
utt>    23                   uk_0024  364    0   176 92  8 17 2.129016e-11 -1.860619e+02 -6.772653e+04
INFO: cmn.c(183): CMN: 40.41  2.58  6.02 13.53 -4.10 -2.34 -8.20 -0.45 -1.75 -1.28  0.80 -1.02  1.01 
utt>    24                   uk_0025  480    0   228 125  9 18 1.668512e-11 -1.858834e+02 -8.922405e+04
INFO: cmn.c(183): CMN: 38.96  7.23  1.52  9.21 -2.06 -1.80 -10.89 -0.14  1.78 -2.26 -0.06 -1.18  1.30 
utt>    25                   uk_0026  660    0   320 136  9 17 1.886219e-11 -1.848525e+02 -1.220026e+05
INFO: cmn.c(183): CMN: 36.12  4.22  4.64  6.91  0.36  2.62 -9.61 -0.69 -1.96  0.67  2.06  0.43  1.99 
utt>    26                   uk_0027  612    0   260 117  10 20 1.978419e-11 -1.850644e+02 -1.132594e+05
INFO: cmn.c(183): CMN: 39.57  0.85  4.95  9.39  0.01 -0.83 -11.30 -2.33 -0.77  0.08  2.95  0.14  2.17 
utt>    27                   uk_0028  778    0   392 170  10 20 2.149210e-11 -1.856717e+02 -1.444526e+05
INFO: cmn.c(183): CMN: 38.14  5.08  3.13  8.05 -1.09 -2.30 -10.28 -2.25 -1.09  0.24  2.99  0.01  1.52 
utt>    28                   uk_0029  443    0   220 127  12 24 2.576318e-11 -1.824750e+02 -8.083644e+04
INFO: cmn.c(183): CMN: 38.19  3.76  3.37  7.27 -0.07  1.69 -10.19 -4.09  0.11 -0.31  3.11 -0.46  2.21 
utt>    29                   uk_0030  508    0   248 140  10 21 2.517130e-11 -1.841581e+02 -9.355231e+04
INFO: cmn.c(183): CMN: 49.75  3.86  2.16 -0.16  6.03 -1.27 -3.72 -3.67 -5.05  2.05 -0.27 -0.10  2.53 
utt>    30                   uk_0031  506    0   196 133  14 28 3.552074e-11 -1.843787e+02 -9.329563e+04
INFO: cmn.c(183): CMN: 48.11  2.56  3.64  2.86  3.41 -2.10  1.76 -0.36 -4.31  3.98 -0.65 -1.32  0.58 
utt>    31                   uk_0032  575    0   248 166  13 27 3.002470e-11 -1.846422e+02 -1.061693e+05
INFO: cmn.c(183): CMN: 45.94  2.14  4.87  0.17  2.28 -1.81  1.36 -0.80 -4.13  5.61 -2.63 -0.28  0.61 
utt>    32                   uk_0033  749    0   292 163  11 22 2.479563e-11 -1.832154e+02 -1.372283e+05
INFO: cmn.c(183): CMN: 47.85  7.78  2.68 -0.61  5.89 -3.02  2.96  3.47 -3.23  3.44 -0.68 -1.76 -0.19 
utt>    33                   uk_0034  532    0   232 153  13 27 3.092737e-11 -1.821728e+02 -9.691595e+04
INFO: cmn.c(183): CMN: 47.75  4.15  6.18  3.11  2.67 -4.25 -0.56  0.17 -6.97  4.83 -0.85  0.19  2.49 
utt>    34                   uk_0035 1032    0   440 224  16 32 3.473693e-11 -1.853673e+02 -1.912990e+05
INFO: cmn.c(183): CMN: 48.73  3.09  4.52  2.95  3.42 -4.94 -0.58  0.43 -6.60  3.47 -0.44  0.44  2.21 
utt>    35                   uk_0036  889    0   396 224  14 28 3.040973e-11 -1.858644e+02 -1.652335e+05
INFO: cmn.c(183): CMN: 46.89  3.86  5.10  1.13  4.06  0.39  1.63  0.38 -3.30  2.59 -0.46 -0.55  1.13 
utt>    36                   uk_0037  507    0   196 139  12 23 2.663066e-11 -1.830300e+02 -9.279623e+04
INFO: cmn.c(183): CMN: 48.21 -1.49  7.69  0.85  2.33 -4.64  5.28  0.82 -5.45  1.90 -0.55 -1.59  0.93 
utt>    37                   uk_0038  716    0   260 180  17 35 3.021617e-11 -1.851507e+02 -1.325679e+05
INFO: cmn.c(183): CMN: 45.63  3.17  7.70  0.48  3.95 -2.04  0.70 -2.19 -5.18  0.05 -0.36  0.46  0.76 
utt>    38                   uk_0039  510    0   200 145  14 29 2.800652e-11 -1.815977e+02 -9.261484e+04
INFO: cmn.c(183): CMN: 48.60  0.68  2.14  1.48  1.60 -4.72 -1.53 -0.35 -6.80  3.18 -0.25 -0.84  2.92 
utt>    39                   uk_0040  780    0   328 185  14 29 3.002278e-11 -1.840469e+02 -1.435566e+05
INFO: cmn.c(183): CMN: 50.44  6.15  1.71  6.13 -4.02 -7.76  2.79 -2.45  4.57 -10.66  3.88 -4.65 -0.05 
utt>    40                   uk_0041 1190    0   512 148  10 21 2.588722e-11 -1.836640e+02 -2.185601e+05
INFO: cmn.c(183): CMN: 48.92  8.01 -0.23  1.98 -7.74 -4.04  2.76  0.25  3.51 -8.45  3.78 -2.88  0.30 
utt>    41                   uk_0042  894    0   392 127  9 19 2.020955e-11 -1.823843e+02 -1.630515e+05
INFO: cmn.c(183): CMN: 48.66  5.47 -3.40  0.86 -8.77 -3.47 -0.30 -1.78  5.10 -6.68  3.70 -2.46  0.12 
utt>    42                   uk_0043  640    0   204 96  11 23 2.057740e-11 -1.786673e+02 -1.143470e+05
INFO: cmn.c(183): CMN: 47.44  6.44 -1.39  3.61 -4.72 -5.30  4.27 -1.14  6.03 -7.15  2.56 -2.48  1.29 
utt>    43                   uk_0044  774    0   280 119  8 17 2.058292e-11 -1.813843e+02 -1.403915e+05
INFO: cmn.c(183): CMN: 48.48  8.80 -2.57  3.85 -8.91 -4.84  1.71 -2.87  4.33 -9.21  4.68 -2.94 -0.21 
utt>    44                   uk_0045 1010    0   388 132  9 19 2.116850e-11 -1.812838e+02 -1.830967e+05
INFO: cmn.c(183): CMN: 44.08  5.72 -2.54  1.70 -2.81 -4.19  3.55 -2.51  4.68 -5.64  0.36 -2.76 -0.72 
utt>    45                   uk_0046  593    0   220 110  8 17 1.687538e-11 -1.793250e+02 -1.063397e+05
INFO: cmn.c(183): CMN: 50.44  9.10 -3.43  1.64 -7.89 -4.65 -0.53 -3.22  8.65 -7.65  4.24 -1.92  0.69 
utt>    46                   uk_0047 1024    0   456 144  10 20 2.373716e-11 -1.825486e+02 -1.869297e+05
INFO: cmn.c(183): CMN: 48.37  3.69  1.08  3.98 -1.98 -5.10 -0.37 -0.07  5.51 -8.40  0.78 -2.21  0.33 
utt>    47                   uk_0048  678    0   260 98  8 16 1.758795e-11 -1.832360e+02 -1.242340e+05
INFO: cmn.c(183): CMN: 43.17  4.78 -3.85  1.15 -8.98 -2.98  3.70  0.30  7.49 -5.63  2.88 -1.51  0.57 
utt>    48                   uk_0049  366    0   120 77  8 16 1.749606e-11 -1.774525e+02 -6.494760e+04
INFO: cmn.c(183): CMN: 50.38  8.92 -3.14  3.65 -6.71 -5.64 -0.21 -4.02  8.74 -7.86  1.87 -1.83 -0.02 
utt>    49                   uk_0050  861    0   384 117  8 17 2.036492e-11 -1.813841e+02 -1.561717e+05
INFO: cmn.c(183): CMN: 46.83  8.21 -3.23 -2.93 -5.29 -2.84  2.76 -1.89  3.53 -6.08  3.41 -2.75 -1.16 
utt>    50                   uk_0051  759    0   320 116  8 16 1.825943e-11 -1.823957e+02 -1.384384e+05
INFO: cmn.c(183): CMN: 45.01 10.90 -2.94 -3.05 -2.15 -3.51  2.75 -2.16  3.97 -5.54  4.37 -2.73  0.25 
utt>    51                   uk_0052  693    0   260 104  9 17 1.903701e-11 -1.814180e+02 -1.257227e+05
INFO: cmn.c(183): CMN: 46.39  4.09  3.17 -2.67 -1.69 -3.44  0.29 -0.36  1.64 -8.04  3.10 -2.59 -0.01 
utt>    52                   uk_0053 1006    0   392 120  9 19 2.008494e-11 -1.822813e+02 -1.833750e+05
INFO: cmn.c(183): CMN: 45.35  7.83 -1.75 -1.88 -5.38 -4.65  2.78 -0.59  2.28 -7.68  3.76 -3.35 -0.86 
utt>    53                   uk_0054  554    0   220 112  9 19 1.983321e-11 -1.806628e+02 -1.000872e+05
INFO: cmn.c(183): CMN: 45.94  7.24 -0.39 -1.90 -3.64 -2.47  1.86 -2.09  2.09 -7.49  1.78 -2.64 -0.99 
utt>    54                   uk_0055  690    0   248 105  8 16 1.846217e-11 -1.796454e+02 -1.239554e+05
INFO: cmn.c(183): CMN: 48.62  6.85  1.85  0.26  0.12 -5.59  2.16 -1.97  2.37 -7.40  2.27 -1.34 -1.00 
utt>    55                   uk_0056 1196    0   504 173  11 22 2.762467e-11 -1.821245e+02 -2.178209e+05
INFO: cmn.c(183): CMN: 47.61  4.95  2.03 -1.24 -4.29 -1.61  0.81 -2.80  5.31 -8.83  3.69 -3.07 -0.46 
utt>    56                   uk_0057  773    0   320 110  8 16 2.041244e-11 -1.811737e+02 -1.400473e+05
INFO: cmn.c(183): CMN: 47.96  6.72 -0.13 -1.46 -4.43 -2.82  2.28 -1.98  2.91 -7.59  3.38 -2.57 -0.23 
utt>    57                   uk_0058  856    0   344 101  8 17 1.737623e-11 -1.803338e+02 -1.543657e+05
INFO: cmn.c(183): CMN: 49.81  7.54 -0.21 -2.02 -1.13 -5.07  2.29 -2.18  3.70 -7.49  3.46 -2.19  0.32 
utt>    58                   uk_0059 1205    0   512 132  9 19 2.138310e-11 -1.824686e+02 -2.198747e+05
INFO: cmn.c(183): CMN: 49.12  8.79 -2.02 -0.08 -3.86 -6.52 -0.62 -2.23  3.67 -7.15  2.86 -2.57 -0.23 
utt>    59                   uk_0060 1267    0   560 142  10 20 2.352862e-11 -1.812699e+02 -2.296689e+05
INFO: cmn.c(183): CMN: 43.33  7.17 -3.03  5.38 -9.88 -1.88  3.33 -2.03  2.09 -5.97  4.89 -0.40 -0.04 
utt>    60                   uk_0061  529    0   196 102  7 14 1.508731e-11 -1.807285e+02 -9.560537e+04
INFO: cmn.c(183): CMN: 45.52  3.86 -1.41  3.31 -2.72 -6.34 -3.02 -0.09  4.12 -5.85  3.44 -1.11  0.43 
utt>    61                   uk_0062  625    0   260 142  10 20 2.217402e-11 -1.805538e+02 -1.128461e+05
INFO: cmn.c(183): CMN: 44.02  5.80 -2.03  8.41 -6.11 -3.59  5.52 -1.20 -2.62 -8.50  3.75 -2.30 -2.48 
utt>    62                   uk_0063  499    0   200 115  9 19 2.395255e-11 -1.809995e+02 -9.031876e+04
INFO: cmn.c(183): CMN: 45.37  4.59 -4.16  2.18 -6.95 -4.19  0.73 -2.16  0.78 -4.83  3.33 -0.41 -0.91 
utt>    63                   uk_0064  870    0   328 116  9 19 2.132672e-11 -1.804046e+02 -1.569520e+05
INFO: cmn.c(183): CMN: 44.90  3.87 -4.46  4.09 -7.47 -2.52  2.33 -1.22 -2.25 -3.98  3.66 -0.45 -0.94 
utt>    64                   uk_0065  628    0   196 101  9 18 1.878055e-11 -1.779512e+02 -1.117533e+05
INFO: cmn.c(183): CMN: 46.00  7.98 -3.94  7.04 -5.12 -1.25  4.57 -6.75  3.14 -6.82  2.62 -2.48 -0.51 
utt>    65                   uk_0066 1171    0   508 158  10 19 2.658959e-11 -1.826739e+02 -2.139111e+05
INFO: cmn.c(183): CMN: 44.62  6.90 -2.11  5.57 -2.66 -0.46  4.65 -3.11  0.92 -6.23  1.06 -2.09 -0.23 
utt>    66                   uk_0067  936    0   404 132  9 18 2.062555e-11 -1.825193e+02 -1.708381e+05
INFO: cmn.c(183): CMN: 45.27  7.46 -4.22  6.38 -3.86 -0.43  6.64 -5.33  2.67 -5.20  0.76 -0.84 -0.97 
utt>    67                   uk_0068 1157    0   480 154  10 21 2.318371e-11 -1.820720e+02 -2.106573e+05
INFO: cmn.c(183): CMN: 46.11  6.68 -5.31  4.95 -4.89 -3.04  2.93 -3.93  2.87 -5.60  1.58 -0.98 -0.34 
utt>    68                   uk_0069  910    0   360 146  10 19 2.327144e-11 -1.800048e+02 -1.638044e+05
INFO: cmn.c(183): CMN: 44.99  6.86 -4.34  3.68 -0.92 -2.17  6.10 -4.74  0.13 -2.93 -0.56 -0.29 -1.29 
utt>    69                   uk_0070  879    0   388 192  13 26 3.093194e-11 -1.815550e+02 -1.595869e+05
INFO: cmn.c(183): CMN: 47.24  7.83  1.13  3.58 -3.62 -2.14  2.09 -0.55  2.84 -7.47  4.33 -3.23  1.68 
utt>    70                   uk_0071 1484    0   120 30  4 7 6.417956e-12 -1.864721e+02 -2.767247e+05
INFO: cmn.c(183): CMN: 47.90  6.91  0.25  2.91 -5.59 -2.13  2.43 -0.78  3.64 -8.75  4.58 -3.54  1.45 
utt>    71                   uk_0072 1434    0   384 204  20 41 4.438777e-11 -1.843381e+02 -2.643408e+05
INFO: cmn.c(183): CMN: 45.37  7.55 -0.77 -0.68 -5.01 -2.66  2.51 -3.23  1.59 -7.84  3.05 -2.63  0.38 
utt>    72                   uk_0073  935    0   196 111  15 30 4.119020e-11 -1.819591e+02 -1.701317e+05
INFO: cmn.c(183): CMN: 45.44  6.39 -1.53  4.60 -4.26 -4.09  3.24  4.18  0.41 -8.21  5.30 -1.98  1.49 
ERROR: "backward.c", line 421: Failed to align audio to trancript: final state of the search is not reached
ERROR: "baum_welch.c", line 324: uk_0074 ignored
utt>    73                   uk_0074  486    0   620 198 
INFO: cmn.c(183): CMN: 44.94  7.81 -0.19 -1.75 -5.87  3.33  2.14 -1.55  3.57 -6.40  4.07 -2.69  1.33 
ERROR: "backward.c", line 421: Failed to align audio to trancript: final state of the search is not reached
ERROR: "baum_welch.c", line 324: uk_0075 ignored
utt>    74                   uk_0075  548    0   604 188 
INFO: cmn.c(183): CMN: 46.35  4.66 -1.48  0.01 -8.18  1.42  0.14 -1.12  7.28 -6.61  3.79 -2.14  1.07 
utt>    75                   uk_0076  680    0   324 194  30 61 6.250162e-11 -1.820651e+02 -1.238043e+05
INFO: cmn.c(183): CMN: 45.26  7.85 -2.98 -3.09 -7.28 -0.41  0.95 -2.19  2.90 -5.54  2.55 -2.94  0.94 
utt>    76                   uk_0077  810    0   172 76  10 20 1.973810e-11 -1.828217e+02 -1.480855e+05
INFO: cmn.c(183): CMN: 40.95  5.65 -2.48  0.46 -9.91  0.40  2.48  1.93  4.47 -5.38  3.67 -2.61  1.14 
utt>    77                   uk_0078  378    0   196 120  15 30 3.482571e-11 -1.792901e+02 -6.777165e+04
INFO: cmn.c(183): CMN: 47.42  8.14 -1.74  3.24 -6.48 -1.55  0.43 -1.15  5.06 -7.12  5.05 -3.23  0.43 
utt>    78                   uk_0079  959    0   248 140  13 27 2.900598e-11 -1.820416e+02 -1.745779e+05
INFO: cmn.c(183): CMN: 44.80  8.17 -0.48  1.28 -4.51 -2.41  2.97 -0.28  3.19 -6.72  3.49 -1.70 -0.11 
utt>    79                   uk_0080  527    0   292 174  16 32 3.801720e-11 -1.806228e+02 -9.518824e+04
INFO: cmn.c(183): CMN: 49.95  3.42  1.01  5.11 -2.86 -1.92  1.45  0.80  2.03 -8.31  3.26 -2.13  1.54 
utt>    80                   uk_0081  962    0   400 125  9 18 1.741325e-11 -1.821158e+02 -1.751954e+05
INFO: cmn.c(183): CMN: 49.07  6.68  0.34  6.13 -4.88 -2.05  1.86 -0.48  1.31 -7.51  3.94 -2.78  0.84 
utt>    81                   uk_0082 1315    0   512 157  10 20 2.276428e-11 -1.836045e+02 -2.414399e+05
INFO: cmn.c(183): CMN: 47.63  9.44 -1.57  1.21 -5.66 -0.84  2.14 -0.44  0.67 -5.98  2.27 -2.17 -0.04 
utt>    82                   uk_0083  907    0   392 131  9 19 1.962683e-11 -1.836786e+02 -1.665965e+05
INFO: cmn.c(183): CMN: 45.93  5.84 -3.07 -0.16 -6.66 -0.10  0.32 -1.10  4.42 -4.46  2.74 -2.93  0.37 
utt>    83                   uk_0084  678    0   204 94  9 18 1.723691e-11 -1.791034e+02 -1.214321e+05
INFO: cmn.c(183): CMN: 47.08  6.52 -0.93  3.41 -5.29 -0.08  4.03 -1.14  3.32 -6.05  2.64 -2.23  0.66 
utt>    84                   uk_0085  752    0   280 122  9 17 1.873544e-11 -1.821602e+02 -1.369845e+05
INFO: cmn.c(183): CMN: 46.64  9.59 -3.53  2.25 -8.35 -0.50  0.79 -2.90  3.60 -6.91  3.47 -2.02 -0.27 
utt>    85                   uk_0086 1002    0   388 136  10 19 2.812590e-11 -1.812288e+02 -1.815913e+05
INFO: cmn.c(183): CMN: 44.71  6.79 -1.89  3.00 -4.60 -0.35  2.46 -1.98  3.12 -7.04  2.09 -3.03  1.01 
utt>    86                   uk_0087  571    0   220 109  8 17 1.613938e-11 -1.800435e+02 -1.028049e+05
INFO: cmn.c(183): CMN: 48.17  9.74 -2.80 -0.41 -5.67 -1.30 -1.35 -1.78  3.90 -5.98  3.98 -2.23  1.11 
utt>    87                   uk_0088 1081    0   456 148  10 20 2.293020e-11 -1.833337e+02 -1.981837e+05
INFO: cmn.c(183): CMN: 46.11  3.63  0.73  3.29 -3.03 -1.91  1.15 -0.03  2.50 -6.52  2.24 -0.38  0.23 
utt>    88                   uk_0089  746    0   260 99  8 16 1.755830e-11 -1.816184e+02 -1.354873e+05
INFO: cmn.c(183): CMN: 42.09  4.89 -2.59  0.55 -8.19 -0.11  4.21  1.87  3.20 -6.15  3.60 -0.84  0.66 
utt>    89                   uk_0090  406    0   120 77  8 16 1.914419e-11 -1.784372e+02 -7.244551e+04
INFO: cmn.c(183): CMN: 46.65  9.58  0.22  5.55 -2.89 -2.78  0.67  2.12  1.86 -8.55  3.14 -2.04  1.35 
utt>    90                   uk_0091 1428    0   384 164  12 25 2.526077e-11 -1.835106e+02 -2.620532e+05
INFO: cmn.c(183): CMN: 45.75  9.25 -1.23  4.57 -3.45 -1.90  2.11  0.90  2.49 -9.27  1.96 -0.96  1.03 
utt>    91                   uk_0092 1464    0   196 47  5 10 1.222717e-11 -1.873487e+02 -2.742785e+05
INFO: cmn.c(183): CMN: 44.21 10.00 -1.53  1.36 -3.59 -2.64  3.05 -2.17  1.45 -9.11  1.56 -2.18 -1.10 
utt>    92                   uk_0093  944    0   620 280  17 34 3.744509e-11 -1.816899e+02 -1.715152e+05
INFO: cmn.c(183): CMN: 43.75  7.20 -3.47  5.00 -3.18 -2.62  2.48  4.70  0.44 -8.85  3.88 -1.10  0.15 
ERROR: "backward.c", line 421: Failed to align audio to trancript: final state of the search is not reached
ERROR: "baum_welch.c", line 324: uk_0094 ignored
utt>    93                   uk_0094  502    0   604 171 
INFO: cmn.c(183): CMN: 43.83 10.83 -2.55  1.25 -6.14  4.35  2.14  0.15  2.60 -7.75  2.29 -1.64  0.83 
utt>    94                   uk_0095  551    0   324 171  26 53 4.867327e-11 -1.814925e+02 -1.000023e+05
INFO: cmn.c(183): CMN: 46.01  7.60 -3.64  1.29 -8.02  2.24  0.74 -0.99  6.19 -7.68  2.91 -2.38  0.03 
utt>    95                   uk_0096  659    0   172 125  18 36 3.474017e-11 -1.824933e+02 -1.202631e+05
INFO: cmn.c(183): CMN: 43.67  9.13 -1.96 -0.09 -6.98  1.25  2.78 -2.53  2.82 -8.25  2.55 -2.52  1.11 
utt>    96                   uk_0097  762    0   196 123  14 27 4.791920e-11 -1.826486e+02 -1.391783e+05
INFO: cmn.c(183): CMN: 45.95 12.40 -4.31  0.76 -7.52 -0.69  5.02 -1.24  1.98 -6.33  1.53 -0.73  0.02 
utt>    97                   uk_0098  578    0   248 163  24 48 5.923986e-11 -1.806826e+02 -1.044345e+05
INFO: cmn.c(183): CMN: 47.58  8.42 -1.87  4.33 -6.97 -0.87 -0.39  1.41  4.29 -6.69  3.77 -1.27  0.59 
utt>    98                   uk_0099  994    0   292 172  10 20 2.391335e-11 -1.813782e+02 -1.802899e+05
INFO: cmn.c(183): CMN: 44.97 10.21 -1.06  1.48 -3.71 -1.53  2.58  1.56  0.89 -7.55  1.62 -0.31 -0.04 
utt>    99                   uk_0100  534    0   232 152  14 28 3.610855e-11 -1.801949e+02 -9.622410e+04
INFO: cmn.c(183): CMN: 45.51  5.86  2.59  0.40 -3.37  1.05 -0.18 -0.67  5.38 -8.98  3.09 -0.96  0.79 
utt>   100                   uk_0101  850    0   320 120  8 17 1.957587e-11 -1.829420e+02 -1.555007e+05
INFO: cmn.c(183): CMN: 47.55  7.70 -0.63  1.99 -4.35 -0.06  0.02 -1.75  4.25 -7.51  3.57 -0.96  0.76 
utt>   101                   uk_0102  808    0   344 98  8 17 1.939887e-11 -1.812457e+02 -1.464465e+05
INFO: cmn.c(183): CMN: 47.68  7.36 -1.87  2.08 -2.74 -1.91  1.55 -3.55  4.45 -8.71  3.13 -0.96  0.59 
utt>   102                   uk_0103 1216    0   512 133  10 20 2.250022e-11 -1.816648e+02 -2.209044e+05
INFO: cmn.c(183): CMN: 47.77  7.92 -1.32  2.36 -3.48 -2.40 -0.19 -2.19  5.63 -8.85  3.45 -1.03  1.08 
utt>   103                   uk_0104 1275    0   560 131  9 19 2.123495e-11 -1.811658e+02 -2.309864e+05
INFO: cmn.c(183): CMN: 47.75  7.52 -1.36  2.13 -3.59 -2.00 -0.08 -2.85  5.45 -7.78  3.32 -1.09  0.55 
utt>   104                   uk_0105 1371    0   644 134  9 19 2.076110e-11 -1.829233e+02 -2.507878e+05
INFO: cmn.c(183): CMN: 43.40  3.14  0.27  6.56 -1.10 -2.47  3.52  1.76  1.02 -8.14  4.52 -2.95  0.31 
utt>   105                   uk_0106  489    0   176 101  8 16 1.629099e-11 -1.808174e+02 -8.841970e+04
INFO: cmn.c(183): CMN: 48.04  3.00  1.51  5.17 -3.78 -2.31  2.02  0.32  3.25 -9.76  4.27 -1.58  0.98 
utt>   106                   uk_0107  995    0   400 123  8 16 1.825539e-11 -1.814973e+02 -1.805898e+05
INFO: cmn.c(183): CMN: 48.34  6.76  0.34  5.09 -2.47 -3.54  1.77 -2.50  3.16 -9.48  3.78 -2.23  1.44 
utt>   107                   uk_0108 1248    0   512 160  11 23 2.397092e-11 -1.826260e+02 -2.279172e+05
INFO: cmn.c(183): CMN: 47.45  8.93 -0.10 -0.22 -5.04 -0.29  0.61  0.24  1.79 -6.18  2.03 -1.87  0.32 
utt>   108                   uk_0109  861    0   392 129  9 19 1.862395e-11 -1.837068e+02 -1.581715e+05
INFO: cmn.c(183): CMN: 44.53  6.47 -3.45 -0.24 -6.60 -1.87  3.67 -4.00  4.70 -5.57  1.38 -0.90  0.15 
utt>   109                   uk_0110  688    0   204 93  10 21 1.722008e-11 -1.792980e+02 -1.233571e+05
INFO: cmn.c(183): CMN: 45.55  8.83  0.27  2.96 -1.87 -2.33  1.52 -0.71  4.05 -9.00  2.42 -1.30  0.94 
utt>   110                   uk_0111 1473    0   388 165  11 23 2.703405e-11 -1.828751e+02 -2.693750e+05
INFO: cmn.c(183): CMN: 45.70  9.84 -0.26  2.37 -2.62 -1.63  2.71 -2.05  5.00 -10.19  2.04 -0.17  1.02 
utt>   111                   uk_0112 1386    0   220 53  5 11 1.141224e-11 -1.881073e+02 -2.607167e+05
INFO: cmn.c(183): CMN: 45.33  8.37  1.06 -0.14 -2.11 -4.10  3.02 -3.03  1.42 -9.94  1.77 -2.02 -0.31 
utt>   112                   uk_0113  911    0   456 232  21 41 4.106801e-11 -1.828118e+02 -1.665416e+05
INFO: cmn.c(183): CMN: 46.08  7.62 -1.27  2.19 -7.21  0.81  1.02 -1.82  4.20 -9.20  5.01 -2.19  0.62 
utt>   113                   uk_0114 1033    0   260 141  10 21 2.021944e-11 -1.808927e+02 -1.868621e+05
INFO: cmn.c(183): CMN: 44.84  7.07 -1.74  3.34 -3.36  0.13  2.97 -5.28  6.56 -9.72  2.10 -1.95  0.26 
utt>   114                   uk_0115  563    0   120 88  12 24 2.199120e-11 -1.809220e+02 -1.018591e+05
INFO: cmn.c(183): CMN: 47.57  9.31 -3.82  0.82 -5.32 -0.58  0.19 -3.38  5.55 -7.50  4.48 -1.00  1.37 
utt>   115                   uk_0116 1134    0   384 242  14 28 3.066024e-11 -1.829324e+02 -2.074453e+05
INFO: cmn.c(183): CMN: 44.78  3.12  0.57  3.11 -2.73 -1.35  0.83  1.76  2.14 -8.66  2.97 -1.03  1.09 
utt>   116                   uk_0117  773    0   196 125  10 20 2.351160e-11 -1.824511e+02 -1.410347e+05
INFO: cmn.c(183): CMN: 43.86  5.79 -4.34 -0.11 -8.53 -2.55  2.49  0.77  6.27 -7.50  3.52 -0.26  1.43 
ERROR: "backward.c", line 421: Failed to align audio to trancript: final state of the search is not reached
ERROR: "baum_welch.c", line 324: uk_0118 ignored
utt>   117                   uk_0118  390    0   620 173 
INFO: cmn.c(183): CMN: 46.51  9.53 -2.64  2.40 -6.79 -1.80 -0.02 -2.80  7.42 -8.35  3.55 -1.57  0.68 
utt>   118                   uk_0119  950    0   604 316  21 42 6.579603e-11 -1.814422e+02 -1.723701e+05
INFO: cmn.c(183): CMN: 44.70  9.15 -1.30 -0.07 -2.49 -2.26  1.87 -0.76  2.32 -8.12  1.67 -1.34 -0.07 
utt>   119                   uk_0120  531    0   324 170  12 23 3.135165e-11 -1.803680e+02 -9.577539e+04
INFO: cmn.c(183): CMN: 48.36  7.17 -1.98  2.26 -7.19 -0.52  3.66 -3.52  2.42 -8.58  3.73 -2.74  0.05 
utt>   120                   uk_0121  829    0   344 105  8 17 1.845039e-11 -1.814504e+02 -1.504224e+05
INFO: cmn.c(183): CMN: 49.28  6.57 -1.88  2.24 -5.14 -2.87  5.21 -3.63  1.54 -7.70  3.43 -2.33 -0.01 
utt>   121                   uk_0122 1214    0   512 135  9 19 2.007019e-11 -1.822558e+02 -2.212585e+05
INFO: cmn.c(183): CMN: 49.92  9.21 -3.10  3.21 -7.35 -2.41  2.39 -2.74  3.55 -8.57  2.86 -3.21  1.38 
utt>   122                   uk_0123 1220    0   560 139  10 20 1.970834e-11 -1.817282e+02 -2.217084e+05
INFO: cmn.c(183): CMN: 48.88 10.39 -3.08  1.97 -8.45 -1.52  3.19 -4.51  4.70 -7.72  2.60 -1.41  0.45 
utt>   123                   uk_0124 1291    0   644 133  9 19 2.084192e-11 -1.844893e+02 -2.381757e+05
INFO: cmn.c(183): CMN: 43.59  5.59 -1.32  5.24 -4.92 -3.22  6.33  1.71 -0.84 -7.87  4.13 -2.59  0.95 
utt>   124                   uk_0125  497    0   176 107  9 18 1.798622e-11 -1.800547e+02 -8.948719e+04
INFO: cmn.c(183): CMN: 50.31  2.64  2.27  4.22 -4.56 -3.12  2.20 -1.78  0.46 -8.96  3.99 -1.76 -0.94 
utt>   125                   uk_0126  914    0   400 120  9 18 1.662757e-11 -1.819482e+02 -1.663006e+05
INFO: cmn.c(183): CMN: 49.98  7.24  0.53  4.17 -3.88 -3.89  1.79 -0.55  0.28 -8.13  3.88 -2.54 -0.13 
utt>   126                   uk_0127 1226    0   512 152  11 22 2.437601e-11 -1.830101e+02 -2.243704e+05
INFO: cmn.c(183): CMN: 48.81  9.82 -1.28  0.18 -7.43 -1.79  1.85 -1.01 -0.20 -5.53  3.01 -1.70 -0.64 
utt>   127                   uk_0128  873    0   392 135  9 19 2.092973e-11 -1.825261e+02 -1.593453e+05
INFO: cmn.c(183): CMN: 46.75  7.86 -5.19  0.84 -7.72  1.31  3.10 -2.74  2.77 -5.52  0.64 -1.67  0.81 
utt>   128                   uk_0129  652    0   204 95  9 19 2.183146e-11 -1.792010e+02 -1.168391e+05
INFO: cmn.c(183): CMN: 46.64  7.42 -0.54  2.99 -6.27  0.19  4.36 -1.73  2.68 -6.71  2.37 -1.83  0.40 
utt>   129                   uk_0130  727    0   280 119  8 17 1.751516e-11 -1.818443e+02 -1.322008e+05
INFO: cmn.c(183): CMN: 42.84  7.11 -1.65  2.01 -4.66 -7.57  0.94  1.06 -0.17 -10.04  3.08 -0.60 -0.66 
utt>   130                   uk_0131  993    0   360 130  9 18 2.015131e-11 -1.810351e+02 -1.797678e+05
INFO: cmn.c(183): CMN: 44.38  7.83 -1.54  3.54 -4.30 -4.13  3.58 -4.72  1.01 -9.12  3.20 -1.66 -1.57 
utt>   131                   uk_0132  897    0   388 178  11 23 2.767724e-11 -1.832002e+02 -1.643306e+05
INFO: cmn.c(183): CMN: 42.84  6.03  1.40  4.18 -4.82 -1.39  2.94 -0.96 -0.41 -9.69  4.16 -2.95 -1.02 
utt>   132                   uk_0133  641    0   260 125  8 17 1.763310e-11 -1.812286e+02 -1.161675e+05
INFO: cmn.c(183): CMN: 46.01  6.01  0.56  6.54 -5.88 -1.71  1.54 -2.84  1.53 -11.12  3.76 -1.87 -0.90 
utt>   133                   uk_0134 1027    0   460 126  9 17 2.064605e-11 -1.841008e+02 -1.890715e+05
INFO: cmn.c(183): CMN: 39.57 10.06 -4.70  0.42 -8.37  0.31  5.41 -2.89 -0.24 -6.17  1.31 -0.62 -2.13 
utt>   134                   uk_0135  407    0   140 84  7 14 1.399567e-11 -1.793489e+02 -7.299499e+04
INFO: cmn.c(183): CMN: 45.20  5.61 -1.37  5.37 -3.99 -5.69  3.79 -1.09  1.66 -8.34  3.62 -0.70 -0.39 
utt>   135                   uk_0136  868    0   368 122  9 19 1.831379e-11 -1.822764e+02 -1.582159e+05
INFO: cmn.c(183): CMN: 43.85  8.62 -4.98  0.95 -10.52 -1.95  4.15 -2.66  1.23 -7.01  4.86 -1.33 -1.87 
utt>   136                   uk_0137  488    0   176 85  7 15 1.643936e-11 -1.804503e+02 -8.805974e+04
INFO: cmn.c(183): CMN: 41.83  4.45  1.83  4.65 -5.73 -2.23  4.14  1.60 -0.31 -10.07  3.58 -1.27 -0.68 
utt>   137                   uk_0138  611    0   228 95  8 17 1.668676e-11 -1.815698e+02 -1.109391e+05
INFO: cmn.c(183): CMN: 45.32 10.61 -3.04  2.49 -9.98 -1.68  2.69 -4.91  2.72 -8.78  4.24 -1.96 -1.16 
utt>   138                   uk_0139  792    0   320 123  8 17 1.867593e-11 -1.822374e+02 -1.443320e+05
INFO: cmn.c(183): CMN: 44.82 11.45 -1.51  2.89 -8.75 -2.30  3.33 -4.00  1.46 -8.56  5.56 -2.15 -0.99 
utt>   139                   uk_0140  693    0   260 103  9 18 1.911793e-11 -1.822694e+02 -1.263127e+05
INFO: cmn.c(183): CMN: 42.04  5.54 -0.13  7.62 -6.47 -4.41  4.42  1.31  0.95 -10.39  6.22 -3.21 -0.53 
utt>   140                   uk_0141  501    0   176 104  8 16 1.695100e-11 -1.814345e+02 -9.089868e+04
INFO: cmn.c(183): CMN: 46.45  3.08  1.97  6.05 -8.97 -4.60  3.58 -0.73  1.63 -10.53  5.06 -2.46 -1.22 
utt>   141                   uk_0142 1005    0   400 122  8 16 1.867591e-11 -1.818146e+02 -1.827236e+05
INFO: cmn.c(183): CMN: 45.48  8.86  0.55  8.22 -7.99 -4.60  2.63 -2.10  0.89 -11.40  4.77 -2.67 -0.56 
utt>   142                   uk_0143 1190    0   512 138  9 18 2.035030e-11 -1.836162e+02 -2.185033e+05
INFO: cmn.c(183): CMN: 45.34 11.15 -2.02  2.14 -10.40 -2.82  2.79 -0.96 -0.88 -8.02  4.82 -1.55 -1.17 
utt>   143                   uk_0144  873    0   392 139  10 20 2.156480e-11 -1.833372e+02 -1.600534e+05
INFO: cmn.c(183): CMN: 43.88  9.58 -3.66  1.19 -10.35 -2.22  2.12 -2.69  3.80 -8.79  3.58 -1.16 -1.19 
utt>   144                   uk_0145  662    0   204 102  9 18 2.531869e-11 -1.794674e+02 -1.188074e+05
INFO: cmn.c(183): CMN: 44.64  8.67 -1.03  5.31 -9.17 -2.20  4.30 -2.44  2.37 -9.49  4.81 -1.79 -0.92 
utt>   145                   uk_0146  728    0   280 122  8 16 1.738838e-11 -1.830743e+02 -1.332781e+05
INFO: cmn.c(183): CMN: 46.17  8.39 -2.04  4.60 -11.47 -2.82  1.02 -2.57  1.37 -8.97  5.06 -2.19 -1.62 
utt>   146                   uk_0147 1017    0   388 145  10 20 2.340871e-11 -1.814017e+02 -1.844855e+05
INFO: cmn.c(183): CMN: 42.71  8.12 -3.84  6.23 -8.36 -2.38  4.07 -3.56  1.98 -10.47  2.89 -1.77 -0.72 
utt>   147                   uk_0148  616    0   220 109  8 17 1.754879e-11 -1.784451e+02 -1.099222e+05
INFO: cmn.c(183): CMN: 46.27 10.32 -3.42  2.75 -10.77 -3.35  0.78 -3.28  2.19 -8.40  4.77 -1.05 -2.06 
utt>   148                   uk_0149 1072    0   456 152  9 18 2.328924e-11 -1.813967e+02 -1.944573e+05
INFO: cmn.c(183): CMN: 43.51  3.87  0.42  4.73 -6.43 -2.08  0.39 -0.00  0.17 -8.60  3.34 -1.13 -1.24 
utt>   149                   uk_0150  760    0   260 97  7 15 1.607081e-11 -1.804876e+02 -1.371706e+05
INFO: cmn.c(183): CMN: 45.42  8.45  2.64  3.07 -5.78 -6.17  6.31 -2.35  4.01 -10.65  3.05 -1.56 -1.47 
utt>   150                   uk_0151 1280    0   604 165  10 20 2.432220e-11 -1.842907e+02 -2.358921e+05
INFO: cmn.c(183): CMN: 43.60  8.24 -0.31  1.23 -6.47 -4.96  6.54 -4.23  1.29 -6.59  1.45 -0.62 -2.97 
utt>   151                   uk_0152  816    0   324 120  10 19 2.309998e-11 -1.814384e+02 -1.480537e+05
INFO: cmn.c(183): CMN: 41.63  6.70 -1.55  2.99 -4.50 -5.00  5.98  1.83  3.15 -7.35  3.01 -0.03 -2.05 
utt>   152                   uk_0153  490    0   172 100  9 19 2.835410e-11 -1.785469e+02 -8.748799e+04
INFO: cmn.c(183): CMN: 42.66  8.97  0.96 -0.47 -7.81  0.82  6.18 -2.54  4.12 -6.89  3.64 -2.15 -2.03 
utt>   153                   uk_0154  534    0   196 110  9 18 2.758619e-11 -1.806036e+02 -9.644231e+04
INFO: cmn.c(183): CMN: 43.93  3.72  0.28  0.27 -9.55 -3.06  4.94 -1.47  6.54 -7.08  3.76 -1.35 -0.85 
utt>   154                   uk_0155  633    0   248 98  7 14 1.675035e-11 -1.819386e+02 -1.151672e+05
INFO: cmn.c(183): CMN: 44.12  6.51  1.48 -2.11 -8.05 -2.17  4.69 -5.44  3.82 -8.86  4.16 -1.86 -0.56 
utt>   155                   uk_0156  728    0   292 117  8 17 2.051587e-11 -1.840838e+02 -1.340130e+05
INFO: cmn.c(183): CMN: 43.58  7.71 -0.82 -2.73 -10.44 -2.32  6.77 -2.21  2.75 -6.69  4.14 -1.45 -1.37 
utt>   156                   uk_0157  608    0   232 99  8 16 1.880543e-11 -1.789565e+02 -1.088055e+05
INFO: cmn.c(183): CMN: 48.09  9.05 -2.32  3.99 -6.94 -5.32  3.70 -6.51  6.91 -8.67  3.83 -1.00 -1.24 
utt>   157                   uk_0158  931    0   440 166  11 23 2.331298e-11 -1.813543e+02 -1.688409e+05
INFO: cmn.c(183): CMN: 44.42  5.08  0.88  1.08 -8.08 -2.67  2.64 -3.32  5.67 -7.13  5.98 -1.45 -0.57 
utt>   158                   uk_0159 1080    0   396 126  9 18 1.956967e-11 -1.803758e+02 -1.948059e+05
INFO: cmn.c(183): CMN: 42.25  6.94  0.02  4.84 -8.69 -3.78  4.66 -2.39  3.95 -7.73  3.99 -1.01 -0.28 
utt>   159                   uk_0160  507    0   196 100  7 14 1.443623e-11 -1.800228e+02 -9.127154e+04
INFO: cmn.c(183): CMN: 45.32  7.97 -3.32  3.21 -9.10 -0.75  2.81 -4.57  3.29 -7.54  4.34 -1.65 -0.92 
utt>   160                   uk_0161  786    0   320 117  8 16 1.901467e-11 -1.812295e+02 -1.424464e+05
INFO: cmn.c(183): CMN: 43.68 11.46 -2.01  3.68 -7.32 -0.40  2.82 -5.03  2.41 -8.20  4.94 -2.96 -0.87 
utt>   161                   uk_0162  703    0   260 108  9 18 2.139582e-11 -1.803492e+02 -1.267855e+05
INFO: cmn.c(183): CMN: 45.06  5.31  2.40  3.87 -4.71 -2.06  0.28 -2.52  0.85 -9.23  2.97 -2.35 -0.41 
utt>   162                   uk_0163  997    0   392 114  9 18 1.861387e-11 -1.813261e+02 -1.807821e+05
INFO: cmn.c(183): CMN: 44.28  9.69 -3.45  5.46 -9.05 -1.82  4.08 -2.10  2.05 -8.69  5.52 -2.30  0.36 
utt>   163                   uk_0164  547    0   220 121  11 22 2.160188e-11 -1.798739e+02 -9.839104e+04
INFO: cmn.c(183): CMN: 44.70  9.50 -2.27  3.81 -6.68 -0.83  1.34 -4.68  1.61 -8.92  4.12 -2.72 -0.51 
utt>   164                   uk_0165  610    0   248 110  9 19 1.934844e-11 -1.805438e+02 -1.101317e+05
INFO: cmn.c(183): CMN: 46.41  8.28  0.42  6.24 -4.21 -4.21  1.80 -3.24  1.14 -10.62  4.63 -2.00 -0.68 
utt>   165                   uk_0166 1122    0   504 171  10 21 2.908860e-11 -1.827561e+02 -2.050524e+05
INFO: cmn.c(183): CMN: 45.47  5.91  1.84  3.50 -6.40 -0.68 -0.76 -2.68  2.36 -11.91  5.97 -2.33  0.61 
utt>   166                   uk_0167  802    0   320 123  8 17 1.853891e-11 -1.825430e+02 -1.463995e+05
INFO: cmn.c(183): CMN: 46.03  9.10 -1.21  3.49 -8.60 -2.54  0.94 -3.19  1.42 -10.93  5.00 -2.79 -0.90 
utt>   167                   uk_0168  794    0   344 104  8 17 1.943775e-11 -1.815685e+02 -1.441654e+05
INFO: cmn.c(183): CMN: 46.03  9.59 -2.85  3.91 -5.78 -3.68  1.64 -4.88  1.01 -8.83  3.71 -1.21 -0.92 
utt>   168                   uk_0169 1184    0   512 129  9 18 2.080183e-11 -1.824651e+02 -2.160387e+05
INFO: cmn.c(183): CMN: 46.96  8.54 -2.16  5.88 -7.65 -3.30 -1.04 -2.99  1.84 -10.21  3.81 -2.18 -0.34 
utt>   169                   uk_0170 1191    0   560 140  11 22 2.287126e-11 -1.811446e+02 -2.157432e+05
INFO: cmn.c(183): CMN: 42.69  4.30  1.51  7.28 -9.99 -5.93  3.81 -1.11  5.52 -9.33  2.73 -3.89 -0.17 
utt>   170                   uk_0171  504    0   196 101  7 14 1.713668e-11 -1.815481e+02 -9.150024e+04
INFO: cmn.c(183): CMN: 46.38  3.45  4.64  2.89 -3.76 -10.54  0.87  2.76  4.68 -6.74  1.65 -1.88  0.37 
utt>   171                   uk_0172  595    0   260 124  9 19 2.290894e-11 -1.820768e+02 -1.083357e+05
INFO: cmn.c(183): CMN: 42.23  4.29  4.75  3.45 -6.04 -6.40  5.92  0.83  1.12 -8.74  3.45 -3.06 -0.32 
utt>   172                   uk_0173  532    0   200 111  10 20 1.982552e-11 -1.823861e+02 -9.702938e+04
INFO: cmn.c(183): CMN: 44.07  5.78  2.45  0.61 -5.96 -7.70  3.68 -0.90  4.98 -8.58  1.97 -2.13 -0.87 
utt>   173                   uk_0174  839    0   328 114  8 17 1.647516e-11 -1.830247e+02 -1.535577e+05
INFO: cmn.c(183): CMN: 45.31  5.33  0.54  3.62 -7.73 -6.02  2.69  0.81  3.30 -8.05  2.60 -2.75 -0.39 
utt>   174                   uk_0175  554    0   196 115  10 20 1.860805e-11 -1.812916e+02 -1.004356e+05
INFO: cmn.c(183): CMN: 47.87  6.57  4.69  2.51 -6.82 -7.13  1.02 -1.69  6.52 -9.29  2.75 -1.32 -0.80 
utt>   175                   uk_0176 1160    0   508 152  9 18 2.185167e-11 -1.846320e+02 -2.141731e+05
INFO: cmn.c(183): CMN: 46.59  5.23  4.93  2.94 -4.57 -7.94  3.88  0.02  4.39 -10.79  3.24 -2.70 -0.48 
utt>   176                   uk_0177  875    0   404 125  9 17 2.186734e-11 -1.845858e+02 -1.615126e+05
INFO: cmn.c(183): CMN: 45.12  5.92  3.28  2.30 -5.09 -6.61  3.31 -0.29  5.04 -9.19  4.37 -3.27 -0.76 
utt>   177                   uk_0178 1124    0   480 135  10 20 2.401954e-11 -1.847854e+02 -2.076988e+05
INFO: cmn.c(183): CMN: 45.38  7.48  1.27  1.73 -5.80 -7.69  1.33  0.42  4.20 -9.59  2.87 -2.12 -0.45 
utt>   178                   uk_0179  912    0   360 124  9 18 2.288376e-11 -1.822538e+02 -1.662155e+05
INFO: cmn.c(183): CMN: 44.64  7.95  1.90  1.10 -3.12 -8.20  4.98 -3.15  3.59 -7.91  2.36 -1.54 -0.93 
utt>   179                   uk_0180  843    0   388 170  11 22 2.375967e-11 -1.830265e+02 -1.542913e+05
INFO: cmn.c(183): CMN: 42.23 -1.56  2.92  8.44 -6.56 -3.19  2.91 -1.63 -4.13 -7.82  4.88 -1.79  0.93 
utt>   180                   uk_0181  980    0   392 134  10 20 2.019243e-11 -1.822913e+02 -1.786454e+05
INFO: cmn.c(183): CMN: 41.96  3.97 -2.11  6.45 -6.62 -5.30  4.97 -4.44  1.91 -9.87  5.91 -3.41  2.34 
utt>   181                   uk_0182  596    0   220 114  10 20 2.058871e-11 -1.820690e+02 -1.085131e+05
INFO: cmn.c(183): CMN: 43.57  3.80 -0.18  6.03 -6.34 -2.18  2.21 -4.62  1.08 -9.46  5.59 -3.47  1.88 
utt>   182                   uk_0183  626    0   248 113  9 18 2.093504e-11 -1.816609e+02 -1.137197e+05
INFO: cmn.c(183): CMN: 44.46  2.06  2.89 10.97 -4.92 -4.87  3.41 -3.01 -1.48 -8.64  4.43 -0.52  1.53 
utt>   183                   uk_0184 1136    0   504 181  12 24 2.757395e-11 -1.841517e+02 -2.091964e+05
INFO: cmn.c(183): CMN: 44.52  1.13  3.28  8.03 -5.33 -3.49  1.97 -2.61  0.24 -11.34  7.74 -2.84  1.76 
utt>   184                   uk_0185  824    0   320 121  8 17 1.978634e-11 -1.826003e+02 -1.504626e+05
INFO: cmn.c(183): CMN: 44.37  5.37  1.79  6.37 -7.85 -3.63  4.44 -4.27 -1.01 -9.13  7.46 -3.22  0.69 
utt>   185                   uk_0186  830    0   344 113  10 20 2.144311e-11 -1.842846e+02 -1.529562e+05
INFO: cmn.c(183): CMN: 45.46  5.71  0.72  6.91 -5.68 -6.68  4.87 -6.46 -0.35 -9.85  6.88 -1.72  0.16 
utt>   186                   uk_0187 1181    0   512 140  10 21 2.341359e-11 -1.844603e+02 -2.178476e+05
INFO: cmn.c(183): CMN: 45.31  5.47  0.77  7.71 -5.58 -5.95  4.12 -3.27  0.59 -9.55  6.04 -1.68  0.93 
utt>   187                   uk_0188 1212    0   560 165  11 22 2.512732e-11 -1.839878e+02 -2.229932e+05
INFO: cmn.c(183): CMN: 46.57  3.82 -0.72  6.53 -5.33 -7.76  3.89 -6.35  1.92 -10.96  7.19 -1.80  0.97 
utt>   188                   uk_0189 1341    0   644 137  10 20 2.075554e-11 -1.857111e+02 -2.490385e+05
INFO: cmn.c(183): CMN: 41.03  0.09  0.44 11.96 -4.49 -6.76  6.38 -3.12 -1.72 -9.82  5.30 -3.11  1.05 
utt>   189                   uk_0190  486    0   176 105  9 17 2.080895e-11 -1.811548e+02 -8.804124e+04
INFO: cmn.c(183): CMN: 45.17  1.63  9.03  2.36 -3.85 -7.80  4.46  3.00  2.68 -9.78  1.82 -3.01 -0.93 
utt>   190                   uk_0191  518    0   228 100  9 18 2.054181e-11 -1.839900e+02 -9.530680e+04
INFO: cmn.c(183): CMN: 45.23  7.33  1.74 -1.20 -8.02 -4.50  3.02 -1.06  6.03 -7.36  1.73 -2.42 -1.12 
utt>   191                   uk_0192  751    0   320 126  8 17 2.031149e-11 -1.826296e+02 -1.371549e+05
INFO: cmn.c(183): CMN: 42.64  9.74  1.77 -0.71 -5.53 -4.19  3.16 -1.08  4.22 -7.21  2.57 -3.40 -0.83 
utt>   192                   uk_0193  678    0   260 108  8 17 2.071181e-11 -1.819240e+02 -1.233445e+05
INFO: cmn.c(183): CMN: 45.65  3.26  6.94  1.35 -3.72 -5.66  2.08  0.44  3.87 -8.80  1.51 -2.62 -1.57 
utt>   193                   uk_0194  965    0   392 124  9 19 1.919847e-11 -1.829741e+02 -1.765700e+05
INFO: cmn.c(183): CMN: 44.75  6.64  1.94  0.29 -7.51 -7.12  5.45 -1.24  3.14 -9.33  1.85 -1.70 -0.51 
utt>   194                   uk_0195  541    0   220 109  10 20 2.094853e-11 -1.804222e+02 -9.760840e+04
INFO: cmn.c(183): CMN: 45.10  6.90  2.24  0.57 -6.59 -4.30  2.51 -2.33  4.77 -8.84  2.04 -2.10 -1.02 
utt>   195                   uk_0196  592    0   248 107  9 18 2.006576e-11 -1.809125e+02 -1.071002e+05
INFO: cmn.c(183): CMN: 47.73  6.40  6.18  3.52 -3.49 -8.10  3.99 -1.57  4.59 -9.67  3.06 -2.02 -0.91 
utt>   196                   uk_0197 1070    0   504 171  11 22 2.546402e-11 -1.847968e+02 -1.977326e+05
INFO: cmn.c(183): CMN: 47.00  4.14  6.77  1.06 -6.29 -4.72  0.37 -1.76  7.67 -11.30  3.11 -3.09 -1.14 
utt>   197                   uk_0198  771    0   320 115  8 17 2.251167e-11 -1.822387e+02 -1.405060e+05
INFO: cmn.c(183): CMN: 46.75  6.71  4.06  0.63 -6.41 -5.97  3.66 -1.68  5.24 -9.12  3.28 -2.44 -0.97 
utt>   198                   uk_0199  811    0   344 107  9 19 2.227465e-11 -1.811589e+02 -1.469199e+05
INFO: cmn.c(183): CMN: 48.28  7.67  3.00  1.06 -5.82 -8.58  2.84 -3.28  6.31 -9.37  2.01 -1.82 -1.14 
utt>   199                   uk_0200 1112    0   512 129  10 20 1.879752e-11 -1.839344e+02 -2.045350e+05
INFO: cmn.c(183): CMN: 44.35  4.53  7.93 -3.59 -2.34 -3.63 -4.36 -0.30 -1.04  2.07 -1.18 -0.37  1.51 
utt>   200                   uk_0201 1393    0   644 246  14 29 3.288078e-11 -1.874427e+02 -2.611077e+05
INFO: cmn.c(183): CMN: 36.70  4.83 10.61  1.24 -0.13 -0.24 -2.80 -3.14 -1.00  1.31 -2.46 -1.58 -0.87 
utt>   201                   uk_0202  564    0   176 109  12 23 1.872746e-11 -1.837923e+02 -1.036589e+05
INFO: cmn.c(183): CMN: 44.52  2.15 10.04 -0.57 -2.44 -3.97 -2.86 -1.73 -1.94  4.16 -1.97 -1.59  0.16 
utt>   202                   uk_0203 1023    0   400 214  14 28 3.984118e-11 -1.858335e+02 -1.901077e+05
INFO: cmn.c(183): CMN: 45.51  4.05 10.02 -1.65 -1.42 -0.46 -6.87 -5.33 -0.37  5.21 -2.05 -0.75 -0.07 
utt>   203                   uk_0204 1343    0   512 280  20 41 3.822778e-11 -1.871867e+02 -2.513917e+05
INFO: cmn.c(183): CMN: 46.08  6.00  7.46 -7.01 -1.91 -1.04 -7.00 -5.58  1.58  3.45 -2.07 -0.07 -0.35 
utt>   204                   uk_0205  932    0   392 232  18 37 4.152948e-11 -1.868732e+02 -1.741658e+05
INFO: cmn.c(183): CMN: 42.10  4.45  4.02 -5.66 -0.41 -1.48 -7.89 -5.22  1.94  6.37 -1.52 -1.04  1.04 
utt>   205                   uk_0206  751    0   204 114  11 23 2.276911e-11 -1.841595e+02 -1.383038e+05
INFO: cmn.c(183): CMN: 42.62  4.19  5.97 -6.38  1.23 -0.67 -7.99 -3.60  1.86  5.21 -1.30 -0.37 -0.09 
utt>   206                   uk_0207  906    0   280 171  11 22 1.985354e-11 -1.869939e+02 -1.694165e+05
INFO: cmn.c(183): CMN: 45.03  5.85  4.14 -4.03 -1.37 -1.18 -8.69 -3.27  0.53  5.62 -1.15 -1.69 -0.31 
utt>   207                   uk_0208 1078    0   388 208  13 26 2.728537e-11 -1.838553e+02 -1.981960e+05
INFO: cmn.c(183): CMN: 43.50  4.20  5.49 -3.99 -1.84 -2.00 -5.84 -4.88  1.04  0.07 -0.28 -0.24  0.52 
utt>   208                   uk_0209  642    0   220 139  13 27 2.415158e-11 -1.851713e+02 -1.188800e+05
INFO: cmn.c(183): CMN: 47.14  6.00  5.43 -6.57  1.12 -1.97 -11.94 -1.84  0.83  5.93 -2.17 -0.24  0.47 
utt>   209                   uk_0210 1152    0   456 284  18 36 3.977613e-11 -1.867197e+02 -2.151011e+05
INFO: cmn.c(183): CMN: 38.28 11.45 -2.67  6.33 -2.89 -3.46  3.03 -6.23  5.53 -9.22  5.18 -3.75 -1.06 
utt>   210                   uk_0211 1163    0   480 141  10 21 2.257648e-11 -1.831033e+02 -2.129491e+05
INFO: cmn.c(183): CMN: 41.09 10.94 -3.74  3.72 -3.56 -5.18  1.09 -3.65  3.87 -8.97  5.24 -2.74 -0.41 
utt>   211                   uk_0212  985    0   360 131  9 18 1.846968e-11 -1.810802e+02 -1.783640e+05
INFO: cmn.c(183): CMN: 39.67 10.59 -1.11  4.07 -0.79 -3.40  3.82 -7.44  4.41 -8.40  3.43 -2.93 -1.07 
utt>   212                   uk_0213  908    0   388 179  11 22 2.744071e-11 -1.833442e+02 -1.664765e+05
INFO: cmn.c(183): CMN: 36.85  8.62  2.09  4.44 -2.77 -1.90  5.79 -3.37  1.61 -9.95  4.35 -2.91 -0.97 
utt>   213                   uk_0214  623    0   260 117  8 16 1.894349e-11 -1.816268e+02 -1.131535e+05
INFO: cmn.c(183): CMN: 40.88  8.26  1.76  6.45 -2.85 -2.83  3.63 -5.67  3.20 -11.18  5.95 -4.51 -0.29 
utt>   214                   uk_0215 1001    0   460 128  9 18 1.979937e-11 -1.829824e+02 -1.831654e+05
INFO: cmn.c(183): CMN: 35.47 10.51 -1.83  0.98 -5.78  0.67  4.50 -3.40  0.48 -5.12  2.67 -3.08 -1.52 
utt>   215                   uk_0216  411    0   140 83  7 14 1.540743e-11 -1.804174e+02 -7.415157e+04
INFO: cmn.c(183): CMN: 40.80  8.49 -0.46  6.00 -2.39 -6.12  4.40 -3.51  1.76 -8.49  5.61 -4.83  0.68 
utt>   216                   uk_0217  834    0   368 119  9 18 1.889637e-11 -1.836222e+02 -1.531409e+05
INFO: cmn.c(183): CMN: 39.19  9.11 -4.44  1.56 -4.97 -2.45  3.40 -5.39  2.79 -7.92  6.38 -4.15 -0.86 
utt>   217                   uk_0218  487    0   176 76  7 14 1.584878e-11 -1.803578e+02 -8.783423e+04
INFO: cmn.c(183): CMN: 38.96  6.62  0.50  5.90 -2.33 -3.76  4.92 -0.45  2.12 -9.41  5.33 -3.40  0.09 
utt>   218                   uk_0219  595    0   228 97  8 16 1.556766e-11 -1.822792e+02 -1.084561e+05
INFO: cmn.c(183): CMN: 42.26 10.36 -3.87  5.84 -7.99  1.26  1.84 -5.00  2.53 -5.95  4.54 -2.87 -0.26 
utt>   219                   uk_0220  738    0   320 114  8 16 1.723849e-11 -1.817660e+02 -1.341433e+05
INFO: cmn.c(183): CMN: 48.23 -0.35  0.13  7.72  1.77 -3.08 -3.30 -3.76 -0.52  1.24  1.00 -0.21  0.16 
utt>   220                   uk_0221 1144    0   280 173  16 32 3.035910e-11 -1.818009e+02 -2.079802e+05
INFO: cmn.c(183): CMN: 46.91  0.93 -1.72  3.91 -0.00 -1.50 -2.51 -3.82 -1.70  1.65  1.86 -0.27 -0.38 
utt>   221                   uk_0222 1171    0   388 228  23 47 4.578232e-11 -1.818733e+02 -2.129737e+05
INFO: cmn.c(183): CMN: 48.99  0.44 -1.07  7.91  1.39 -3.48 -3.78 -4.93 -1.00  2.25  1.48 -1.88  0.78 
utt>   222                   uk_0223  545    0   220 167  18 36 3.419285e-11 -1.807459e+02 -9.850650e+04
INFO: cmn.c(183): CMN: 48.18  1.59 -5.29  4.26  1.45 -1.98 -3.24 -5.21  0.86  2.65 -0.28 -1.84  0.03 
utt>   223                   uk_0224  802    0   456 291  33 66 8.090490e-11 -1.794853e+02 -1.439472e+05
INFO: cmn.c(183): CMN: 47.47 -0.50 -1.75  5.97  1.97 -2.18 -2.46 -5.59  0.50  1.94  0.79 -1.42 -0.02 
utt>   224                   uk_0225  522    0   260 159  24 48 4.759517e-11 -1.796115e+02 -9.375719e+04
INFO: cmn.c(183): CMN: 48.97  0.69 -5.13  2.16  1.95 -2.39 -0.91 -4.29  0.64  2.54  0.71 -1.77  0.08 
utt>   225                   uk_0226  969    0   120 79  16 33 3.513792e-11 -1.808666e+02 -1.752597e+05
INFO: cmn.c(183): CMN: 48.22 -2.53 -0.44  5.31  0.40 -0.77 -2.09 -6.36 -2.30  1.21  1.36 -1.64  0.54 
utt>   226                   uk_0227  636    0   384 223  19 37 3.462612e-11 -1.814113e+02 -1.153776e+05
INFO: cmn.c(183): CMN: 43.51 -0.93 -7.92  3.23 -1.36 -0.07  0.33 -0.65 -0.25  3.66  3.12 -0.85 -0.49 
utt>   227                   uk_0228  420    0   196 125  18 35 3.375242e-11 -1.749179e+02 -7.346552e+04
INFO: cmn.c(183): CMN: 50.11 -2.16 -1.74  7.84 -0.86 -3.69 -4.09  0.79 -1.83  3.91  0.07 -1.23 -0.42 
ERROR: "backward.c", line 421: Failed to align audio to trancript: final state of the search is not reached
ERROR: "baum_welch.c", line 324: uk_0229 ignored
utt>   228                   uk_0229  773    0   620 294 
INFO: cmn.c(183): CMN: 46.32  0.77 -3.00  2.98 -1.91  1.69 -3.77  1.35 -0.53  2.60  0.69 -2.06 -0.17 
ERROR: "backward.c", line 421: Failed to align audio to trancript: final state of the search is not reached
ERROR: "baum_welch.c", line 324: uk_0230 ignored
utt>   229                   uk_0230  536    0   604 173 
INFO: cmn.c(183): CMN: 50.19  1.46 -1.87  3.50  2.34 -3.73 -4.69 -3.61 -0.35  2.84 -1.46 -0.53  0.50 
utt>   230                   uk_0231  454    0   220 154  16 33 2.807035e-11 -1.804006e+02 -8.190186e+04
INFO: cmn.c(183): CMN: 48.42  1.42 -3.71  2.28  2.69 -3.21 -3.25 -5.33  0.13  3.36  0.18 -1.12  0.76 
utt>   231                   uk_0232  497    0   248 166  14 29 3.214617e-11 -1.798545e+02 -8.938768e+04
INFO: cmn.c(183): CMN: 49.50  0.67 -2.25  4.27  2.03 -4.05 -3.74 -5.94  1.06  0.26  1.27  0.63 -0.52 
utt>   232                   uk_0233  991    0   504 250  21 42 4.328408e-11 -1.821065e+02 -1.804676e+05
INFO: cmn.c(183): CMN: 47.53 -1.31 -1.20  6.07  0.28 -5.39 -1.67 -4.36  0.38  0.82  1.72 -0.63 -0.40 
utt>   233                   uk_0234  675    0   320 188  15 30 3.516388e-11 -1.792339e+02 -1.209829e+05
INFO: cmn.c(183): CMN: 46.53  0.07 -2.18  5.80  0.84 -2.71 -3.03 -3.33  0.88  3.01  0.28 -1.16 -0.29 
utt>   234                   uk_0235  730    0   344 193  15 29 2.845622e-11 -1.800406e+02 -1.314296e+05
INFO: cmn.c(183): CMN: 48.80  1.18 -0.52  5.24 -0.27 -2.51 -7.06 -2.40 -1.48  2.27  2.36 -0.91 -0.58 
utt>   235                   uk_0236  924    0   512 269  18 37 3.586213e-11 -1.821941e+02 -1.683474e+05
INFO: cmn.c(183): CMN: 48.42  0.43 -1.93  5.68  0.67 -3.65 -1.61 -4.31 -0.69  1.58  1.60 -0.16 -0.05 
utt>   236                   uk_0237 1047    0   560 272  17 34 3.486612e-11 -1.806013e+02 -1.890895e+05
INFO: cmn.c(183): CMN: 48.29  0.10 -2.25  4.06  0.76 -2.60 -2.50 -3.59 -0.68  2.32  2.72 -0.89 -0.43 
utt>   237                   uk_0238 1107    0   644 285  13 26 3.041497e-11 -1.816488e+02 -2.010852e+05
INFO: cmn.c(183): CMN: 45.02 -3.09  1.33  9.10 -0.33 -1.24 -1.55 -3.93 -1.86  3.90  0.82 -1.97 -0.02 
utt>   238                   uk_0239  486    0   176 117  17 35 2.835741e-11 -1.784421e+02 -8.672284e+04
INFO: cmn.c(183): CMN: 48.91 -3.57  1.57  6.80  0.12 -1.58 -2.50 -5.47 -2.56  3.21  1.20 -1.11 -0.89 
utt>   239                   uk_0240  723    0   400 214  12 24 3.063933e-11 -1.819439e+02 -1.315454e+05
INFO: cmn.c(183): CMN: 47.59 -0.03 -1.11  4.61  0.18 -2.20 -5.21 -5.25  0.61  0.49  1.33 -2.31 -0.13 
utt>   240                   uk_0241  833    0   396 210  12 24 2.892482e-11 -1.809163e+02 -1.507033e+05
INFO: cmn.c(183): CMN: 46.57  1.14 -2.61  5.27  2.16 -0.62 -7.29 -1.15  0.50  0.64  2.33 -0.89  0.19 
utt>   241                   uk_0242  421    0   196 134  12 24 2.286269e-11 -1.800002e+02 -7.578010e+04
INFO: cmn.c(183): CMN: 47.08 -3.24  1.08  5.60 -0.10 -1.63 -3.12 -2.48  1.26 -1.07  1.65 -2.45  0.32 
utt>   242                   uk_0243  638    0   260 164  14 29 4.099518e-11 -1.794940e+02 -1.145172e+05
INFO: cmn.c(183): CMN: 45.40  1.19 -1.23  3.54  2.99 -0.91 -6.78 -7.37 -0.72 -0.55  1.84 -1.25  0.60 
utt>   243                   uk_0244  452    0   200 134  11 22 2.706900e-11 -1.808182e+02 -8.172985e+04
INFO: cmn.c(183): CMN: 45.25  0.02 -3.95  2.29  1.07 -0.85 -5.71 -3.91 -1.19  1.70  0.83 -1.07 -0.26 
utt>   244                   uk_0245  777    0   328 183  16 33 3.084401e-11 -1.794210e+02 -1.394102e+05
INFO: cmn.c(183): CMN: 44.00 -0.56 -3.56  4.29 -0.06 -4.50 -1.38 -4.00 -0.67  3.72 -2.23  0.27  0.08 
utt>   245                   uk_0246  590    0   196 132  18 35 4.066579e-11 -1.800388e+02 -1.062229e+05
INFO: cmn.c(183): CMN: 47.97 -0.38 -0.98  5.81  1.07 -4.02 -2.30 -5.62  0.79  1.71  0.63  0.73 -1.18 
utt>   246                   uk_0247  982    0   508 268  16 33 3.999334e-11 -1.818153e+02 -1.785426e+05
INFO: cmn.c(183): CMN: 46.19  0.58 -1.19  5.28  0.57 -3.51 -3.18 -7.53 -1.15  0.80  1.78 -0.22  0.05 
utt>   247                   uk_0248  792    0   404 205  12 25 3.019730e-11 -1.816807e+02 -1.438911e+05
INFO: cmn.c(183): CMN: 46.30 -0.46 -1.44  6.19  0.13 -3.48 -4.17 -4.37 -0.90  2.02  0.42 -2.00 -0.76 
utt>   248                   uk_0249  925    0   480 266  18 37 3.628095e-11 -1.807111e+02 -1.671578e+05
INFO: cmn.c(183): CMN: 47.18 -0.33 -3.61  5.20 -3.23 -0.47 -4.02  0.29 -4.69  4.02  2.05 -0.27 -0.17 
utt>   249                   uk_0250  833    0   360 232  16 32 3.332213e-11 -1.804537e+02 -1.503179e+05
INFO: cmn.c(183): CMN: 44.46  0.43  0.99  5.34  1.82 -2.62 -3.45 -5.29  0.81 -1.04  1.72 -2.14 -0.86 
utt>   250                   uk_0251 1264    0   220 126  14 29 2.972887e-11 -1.811062e+02 -2.289182e+05
INFO: cmn.c(183): CMN: 46.65  0.27  2.57  5.71 -1.44 -1.82 -6.90 -0.07 -0.85  0.82  0.08 -1.37 -0.36 
utt>   251                   uk_0252 1140    0   456 271  28 56 6.805844e-11 -1.836595e+02 -2.093719e+05
INFO: cmn.c(183): CMN: 46.08  1.38  1.36  1.33 -1.35 -5.73 -5.93  2.65 -3.19  4.82 -4.80 -1.12  0.12 
utt>   252                   uk_0253  790    0   260 159  15 30 3.973721e-11 -1.817159e+02 -1.435556e+05
INFO: cmn.c(183): CMN: 45.22  0.11  1.29  5.01 -1.48 -2.54 -4.02  1.95 -4.35  4.71 -1.16 -1.44 -1.10 
utt>   253                   uk_0254  399    0   120 96  25 50 4.065335e-11 -1.795738e+02 -7.164995e+04
INFO: cmn.c(183): CMN: 47.78  0.77 -2.03  0.64  3.38 -0.69 -7.00  0.50 -7.49  5.02 -1.48 -0.06 -0.02 
utt>   254                   uk_0255  470    0   384 226  21 42 4.598112e-11 -1.810402e+02 -8.508890e+04
INFO: cmn.c(183): CMN: 47.38  0.25 -2.75  4.67  0.29 -5.00 -4.48 -2.26  1.03  2.48  0.01 -0.38 -1.24 
utt>   255                   uk_0256  966    0   196 130  19 39 3.521545e-11 -1.809401e+02 -1.747881e+05
INFO: cmn.c(183): CMN: 46.42 -3.02  1.98  5.71  2.45 -3.62 -5.38 -4.59 -1.39  0.65 -1.93 -0.84 -0.07 
ERROR: "backward.c", line 421: Failed to align audio to trancript: final state of the search is not reached
ERROR: "baum_welch.c", line 324: uk_0257 ignored
utt>   256                   uk_0257  696    0   620 247 
INFO: cmn.c(183): CMN: 42.64 -1.23 -7.71  0.59  1.56 -1.71 -2.52 -1.18  1.95  0.82 -0.31 -2.46 -0.99 
ERROR: "backward.c", line 421: Failed to align audio to trancript: final state of the search is not reached
ERROR: "baum_welch.c", line 324: uk_0258 ignored
utt>   257                   uk_0258  405    0   604 154 
INFO: cmn.c(183): CMN: 46.58 -0.38 -2.91  4.85  2.15 -4.35 -3.10 -0.68  1.15 -1.83  1.28 -2.34 -1.01 
utt>   258                   uk_0259  834    0   324 208  21 43 4.072645e-11 -1.808246e+02 -1.508077e+05
INFO: cmn.c(183): CMN: 44.97  0.08  0.87  2.67  1.08 -1.87 -3.49 -3.29  1.97 -1.28  0.71 -3.45 -0.79 
utt>   259                   uk_0260  490    0   172 132  16 32 4.030638e-11 -1.810163e+02 -8.869800e+04
INFO: cmn.c(183): CMN: 45.38  4.39  3.11  2.73 -2.62  1.10  1.28 -1.06  2.17 -10.71  3.02 -1.73  1.72 
utt>   260                   uk_0261  972    0   392 115  9 19 1.904591e-11 -1.820145e+02 -1.769181e+05
INFO: cmn.c(183): CMN: 44.81  9.69 -1.13  3.95 -6.55 -0.75  3.94 -1.55  1.84 -10.63  3.29 -2.58  0.88 
utt>   261                   uk_0262  570    0   220 114  10 20 2.018968e-11 -1.807160e+02 -1.030081e+05
INFO: cmn.c(183): CMN: 45.19  8.33 -0.54  2.01 -4.10  1.40  1.27 -3.48  2.13 -9.17  2.03 -2.53  1.54 
utt>   262                   uk_0263  619    0   248 106  9 18 1.769007e-11 -1.809277e+02 -1.119943e+05
INFO: cmn.c(183): CMN: 46.69  6.85  2.25  6.21 -0.09 -2.21  3.15 -2.74  2.77 -10.62  2.30 -1.59  2.12 
utt>   263                   uk_0264 1161    0   504 163  10 20 2.365796e-11 -1.833578e+02 -2.128784e+05
INFO: cmn.c(183): CMN: 46.22  6.74  2.57  2.28 -2.79  1.35  1.35 -1.78  5.34 -11.81  3.12 -2.10  2.12 
utt>   264                   uk_0265  884    0   320 119  8 16 1.767551e-11 -1.815150e+02 -1.604593e+05
INFO: cmn.c(183): CMN: 46.24  7.71  0.83  2.66 -4.56 -0.64  2.25 -2.40  1.58 -10.25  2.96 -2.05  1.34 
utt>   265                   uk_0266  852    0   344 101  9 19 2.124946e-11 -1.821882e+02 -1.552244e+05
INFO: cmn.c(183): CMN: 47.60  8.23 -0.39  3.44 -2.68 -2.58  2.67 -4.07  3.88 -10.91  2.86 -1.28  1.14 
utt>   266                   uk_0267 1195    0   512 127  9 19 2.087204e-11 -1.828047e+02 -2.184516e+05
INFO: cmn.c(183): CMN: 48.38  8.47  0.47  3.01 -5.88 -2.31  0.87 -2.24  5.54 -10.43  2.83 -0.38  1.57 
utt>   267                   uk_0268 1214    0   560 134  10 20 1.998916e-11 -1.824586e+02 -2.215048e+05
INFO: cmn.c(183): CMN: 47.01  7.95  2.51  2.45 -5.82 -1.22  2.77 -3.70  5.04 -10.64  2.34 -0.76  1.21 
utt>   268                   uk_0269 1297    0   644 127  9 18 2.098212e-11 -1.845357e+02 -2.393428e+05
INFO: cmn.c(183): CMN: 44.41  4.67  1.26  7.64 -2.52 -3.59  5.89  0.58  1.32 -11.23  3.42 -1.61  1.17 
utt>   269                   uk_0270  460    0   176 107  8 17 2.066953e-11 -1.827764e+02 -8.407714e+04
INFO: cmn.c(183): CMN: 42.42 10.78 -2.62  3.53 -7.24 -0.57  3.72 -1.51 -1.14 -8.04  1.22 -1.07 -1.19 
utt>   270                   uk_0271  985    0   440 153  10 21 2.517654e-11 -1.806489e+02 -1.779392e+05
INFO: cmn.c(183): CMN: 41.12  8.91 -1.35  2.43 -7.79  0.30  5.03 -2.18 -0.28 -8.60  2.79 -1.75 -0.78 
utt>   271                   uk_0272 1012    0   396 121  8 16 1.880282e-11 -1.824629e+02 -1.846524e+05
INFO: cmn.c(183): CMN: 40.42  8.67 -1.26  4.31 -7.36 -0.73  5.51  0.52 -1.20 -9.54  3.08 -1.49 -0.92 
utt>   272                   uk_0273  505    0   196 88  6 13 1.467039e-11 -1.820702e+02 -9.194546e+04
INFO: cmn.c(183): CMN: 41.48  8.39  0.78  0.62 -3.15 -3.12  3.14  2.36 -0.54 -9.36  2.07 -2.35 -0.64 
utt>   273                   uk_0274  661    0   260 128  9 19 2.278315e-11 -1.814870e+02 -1.199629e+05
INFO: cmn.c(183): CMN: 39.46  8.09  0.50  3.40 -4.29 -1.38  7.90  0.67 -1.22 -10.87  3.11 -1.52 -0.67 
utt>   274                   uk_0275  564    0   200 103  9 18 2.046778e-11 -1.792949e+02 -1.011223e+05
INFO: cmn.c(183): CMN: 43.16  8.58 -1.39  0.07 -5.23 -2.25  4.01 -2.63  1.37 -9.00  0.99 -1.40 -0.25 
utt>   275                   uk_0276  831    0   328 115  9 18 2.165438e-11 -1.811562e+02 -1.505408e+05
INFO: cmn.c(183): CMN: 40.01  7.47 -1.68  1.90 -7.57 -1.87  5.78 -1.27 -0.06 -7.71  2.31 -2.91  0.00 
utt>   276                   uk_0277  603    0   196 106  9 18 2.226542e-11 -1.810734e+02 -1.091873e+05
INFO: cmn.c(183): CMN: 42.94 10.90 -0.95  1.96 -6.53  0.09  5.29 -3.87  2.59 -10.37  2.57 -2.52 -0.50 
utt>   277                   uk_0278 1197    0   508 148  8 17 2.143294e-11 -1.833241e+02 -2.194390e+05
INFO: cmn.c(183): CMN: 42.54  9.11  1.07  3.45 -4.15 -0.51  6.64 -1.71  2.13 -11.62  3.06 -2.36 -0.19 
utt>   278                   uk_0279  895    0   404 116  8 17 1.698971e-11 -1.851839e+02 -1.657396e+05
INFO: cmn.c(183): CMN: 42.47  9.83 -0.97  2.89 -6.60  0.44  6.12 -3.22  1.34 -11.18  3.09 -1.83 -0.64 
utt>   279                   uk_0280 1103    0   480 138  9 19 2.294973e-11 -1.841737e+02 -2.031436e+05
INFO: cmn.c(183): CMN: 39.18  5.34  1.50 -1.21  5.36 -3.74 -7.54 -7.36 -7.57 -3.48  0.58 -2.12  1.57 
utt>   280                   uk_0281  580    0   248 159  10 20 1.965160e-11 -1.909449e+02 -1.107480e+05
INFO: cmn.c(183): CMN: 42.83  4.35  7.45 -1.76  1.14 -4.31 -7.44 -1.07 -11.68 -7.44 -2.31 -0.65 -1.36 
utt>   281                   uk_0282 1243    0   504 260  18 36 3.934719e-11 -1.949066e+02 -2.422689e+05
INFO: cmn.c(183): CMN: 44.23  3.34  3.92 -2.65  5.69 -5.33 -8.13 -4.54 -8.33 -4.98 -1.85 -3.49 -0.73 
utt>   282                   uk_0283  809    0   320 201  13 25 2.977932e-11 -1.920446e+02 -1.553641e+05
INFO: cmn.c(183): CMN: 45.34  5.15  6.61 -4.52  2.91 -3.30 -4.84 -3.23 -13.33 -5.83 -3.27 -0.87 -1.36 
utt>   283                   uk_0284  725    0   344 179  12 24 2.086788e-11 -1.936199e+02 -1.403744e+05
INFO: cmn.c(183): CMN: 44.76  4.72  4.44 -2.97  1.71 -5.41 -4.72 -1.10 -12.22 -8.08 -2.97 -1.49 -1.26 
utt>   284                   uk_0285 1159    0   512 186  12 25 2.794704e-11 -1.930161e+02 -2.237056e+05
INFO: cmn.c(183): CMN: 45.52  5.76  3.51 -1.89  0.12 -5.24 -5.01 -1.03 -12.71 -8.06 -1.33 -1.89 -2.11 
utt>   285                   uk_0286 1241    0   560 263  15 30 2.883723e-11 -1.922681e+02 -2.386047e+05
INFO: cmn.c(183): CMN: 43.21  5.32  6.27 -3.26  2.10 -3.58 -7.36 -0.25 -10.56 -7.98 -2.18 -1.87 -1.48 
utt>   286                   uk_0287 1203    0   644 226  19 39 4.043511e-11 -1.930061e+02 -2.321863e+05
INFO: cmn.c(183): CMN: 38.05 -2.11  8.61  3.60  2.25 -4.91 -2.40 -0.75 -13.00 -5.74 -0.49  0.43 -0.63 
utt>   287                   uk_0288  574    0   176 144  18 36 4.566522e-11 -1.934934e+02 -1.110652e+05
INFO: cmn.c(183): CMN: 43.11  0.40  8.42 -1.20 -1.00 -3.02 -3.74 -0.38 -11.44 -6.90 -1.21 -1.87 -0.63 
utt>   288                   uk_0289  936    0   400 209  19 38 4.593480e-11 -1.943706e+02 -1.819309e+05
INFO: cmn.c(183): CMN: 45.84  4.56  6.03 -0.26  0.35 -4.52 -4.67 -4.35 -12.30 -7.06 -2.23 -2.24 -0.33 
utt>   289                   uk_0290 1094    0   512 282  16 32 3.431004e-11 -1.937099e+02 -2.119186e+05
overall> stats 231204 (-0) -1.830094e+02 -4.231251e+07
WARN: "accum.c", line 642: The following senones never occur in the input data
	3 4 5 9 10 11 21 22 23 24 
	25 26 57 58 59 120 121 122 123 124 
	125 
INFO: s3mixw_io.c(233): Wrote /home/lolo/ukr_model/bwaccumdir/ukr_model_buff_1/mixw_counts [138x4x256 array]
INFO: s3tmat_io.c(176): Wrote /home/lolo/ukr_model/bwaccumdir/ukr_model_buff_1/tmat_counts [46x3x4 array]
INFO: s3gau_io.c(485): Wrote /home/lolo/ukr_model/bwaccumdir/ukr_model_buff_1/gauden_counts with means with vars (2pass) [1x4x256 vector arrays]
INFO: main.c(999): Counts saved to /home/lolo/ukr_model/bwaccumdir/ukr_model_buff_1
Fri Mar 25 03:10:15 2016
