Current configuration:
[NAME]		[DEFLT]	[VALUE]
-accumdir		/home/lolo/ukr_model/bwaccumdir/ukr_model_buff_1,
-constE		3.0	3.000000e+00
-dcountfn		
-example	no	no
-fullvar	no	no
-help		no	no
-inmeanfn		
-inmixwfn		
-invarfn		
-meanfn			/home/lolo/ukr_model/model_parameters/ukr_model.ci_semi/means
-mixwfn			/home/lolo/ukr_model/model_parameters/ukr_model.ci_semi/mixture_weights
-mmie		no	no
-oaccumdir		
-regmatfn		
-tiedvar	no	no
-tmatfn			/home/lolo/ukr_model/model_parameters/ukr_model.ci_semi/transition_matrices
-varfn			/home/lolo/ukr_model/model_parameters/ukr_model.ci_semi/variances

INFO: main.c(207): Reading and accumulating counts from /home/lolo/ukr_model/bwaccumdir/ukr_model_buff_1
INFO: s3mixw_io.c(117): Read /home/lolo/ukr_model/bwaccumdir/ukr_model_buff_1/mixw_counts [138x4x256 array]
INFO: s3tmat_io.c(118): Read /home/lolo/ukr_model/bwaccumdir/ukr_model_buff_1/tmat_counts [46x3x4 array]
INFO: s3gau_io.c(386): Read /home/lolo/ukr_model/bwaccumdir/ukr_model_buff_1/gauden_counts with means with vars (2pass) [1x4x256 vector arrays]
INFO: main.c(321): -2passvar yes
INFO: main.c(391): Normalizing mean for n_mgau= 1, n_stream= 4, n_density= 256
INFO: main.c(414): Normalizing var
INFO: s3mixw_io.c(233): Wrote /home/lolo/ukr_model/model_parameters/ukr_model.ci_semi/mixture_weights [138x4x256 array]
INFO: s3tmat_io.c(176): Wrote /home/lolo/ukr_model/model_parameters/ukr_model.ci_semi/transition_matrices [46x3x4 array]
INFO: s3gau_io.c(228): Wrote /home/lolo/ukr_model/model_parameters/ukr_model.ci_semi/means [1x4x256 array]
INFO: s3gau_io.c(228): Wrote /home/lolo/ukr_model/model_parameters/ukr_model.ci_semi/variances [1x4x256 array]
Fri Mar 25 03:31:02 2016
Current Overall Likelihood Per Frame = -180.137195121951
Convergence ratio = 0.114749027924802
Maximum desired iterations 10 performed. Terminating CI training
******************************TRAINING COMPLETE*************************
Fri Mar 25 03:31:02 2016
