Current configuration:
[NAME]			[DEFLT]		[VALUE]
-alpha			0.97		9.700000e-01
-argfile				
-blocksize		2048		2048
-build_outdirs		yes		yes
-c					/home/lolo/ukr_model/sphinxtrain/etc/ukr_model_train.fileids
-cep2spec		no		no
-di					/home/lolo/ukr_model/sphinxtrain/wav
-dither			no		no
-do					/home/lolo/ukr_model/sphinxtrain/feat
-doublebw		no		no
-ei					wav
-eo					mfc
-example		no		no
-frate			100		100
-help			no		no
-i					
-input_endian		little		little
-lifter			0		22
-logspec		no		no
-lowerf			133.33334	1.300000e+02
-mach_endian		little		little
-mswav			no		yes
-ncep			13		13
-nchans			1		1
-nfft			512		512
-nfilt			40		25
-nist			no		no
-npart			0		1
-nskip			0		0
-o					
-ofmt			sphinx		sphinx
-part			0		1
-raw			no		no
-remove_dc		no		no
-remove_noise		yes		yes
-remove_silence		yes		yes
-round_filters		yes		yes
-runlen			-1		-1
-samprate		16000		1.600000e+04
-seed			-1		-1
-smoothspec		no		no
-spec2cep		no		no
-sph2pipe		no		no
-transform		legacy		dct
-unit_area		yes		yes
-upperf			6855.4976	6.800000e+03
-vad_postspeech		50		50
-vad_prespeech		20		20
-vad_startspeech	10		10
-vad_threshold		2.0		2.000000e+00
-verbose		no		no
-warp_params				
-warp_type		inverse_linear	inverse_linear
-whichchan		0		0
-wlen			0.025625	2.562500e-02

INFO: sphinx_fe.c(957): Processing all remaining utterances at position 0
INFO: sphinx_fe.c(764): Converting /home/lolo/ukr_model/sphinxtrain/wav/uk_0001.wav to /home/lolo/ukr_model/sphinxtrain/feat/uk_0001.mfc
ERROR: "sphinx_fe.c", line 118: Failed to open /home/lolo/ukr_model/sphinxtrain/wav/uk_0001.wav: No such file or directory
INFO: sphinx_fe.c(764): Converting /home/lolo/ukr_model/sphinxtrain/wav/uk_0002.wav to /home/lolo/ukr_model/sphinxtrain/feat/uk_0002.mfc
ERROR: "sphinx_fe.c", line 118: Failed to open /home/lolo/ukr_model/sphinxtrain/wav/uk_0002.wav: No such file or directory
INFO: sphinx_fe.c(764): Converting /home/lolo/ukr_model/sphinxtrain/wav/uk_0003.wav to /home/lolo/ukr_model/sphinxtrain/feat/uk_0003.mfc
ERROR: "sphinx_fe.c", line 118: Failed to open /home/lolo/ukr_model/sphinxtrain/wav/uk_0003.wav: No such file or directory
INFO: sphinx_fe.c(764): Converting /home/lolo/ukr_model/sphinxtrain/wav/uk_0004.wav to /home/lolo/ukr_model/sphinxtrain/feat/uk_0004.mfc
ERROR: "sphinx_fe.c", line 118: Failed to open /home/lolo/ukr_model/sphinxtrain/wav/uk_0004.wav: No such file or directory
INFO: sphinx_fe.c(764): Converting /home/lolo/ukr_model/sphinxtrain/wav/uk_0005.wav to /home/lolo/ukr_model/sphinxtrain/feat/uk_0005.mfc
ERROR: "sphinx_fe.c", line 118: Failed to open /home/lolo/ukr_model/sphinxtrain/wav/uk_0005.wav: No such file or directory
INFO: sphinx_fe.c(764): Converting /home/lolo/ukr_model/sphinxtrain/wav/uk_0006.wav to /home/lolo/ukr_model/sphinxtrain/feat/uk_0006.mfc
ERROR: "sphinx_fe.c", line 118: Failed to open /home/lolo/ukr_model/sphinxtrain/wav/uk_0006.wav: No such file or directory
INFO: sphinx_fe.c(764): Converting /home/lolo/ukr_model/sphinxtrain/wav/uk_0007.wav to /home/lolo/ukr_model/sphinxtrain/feat/uk_0007.mfc
ERROR: "sphinx_fe.c", line 118: Failed to open /home/lolo/ukr_model/sphinxtrain/wav/uk_0007.wav: No such file or directory
INFO: sphinx_fe.c(764): Converting /home/lolo/ukr_model/sphinxtrain/wav/uk_0008.wav to /home/lolo/ukr_model/sphinxtrain/feat/uk_0008.mfc
ERROR: "sphinx_fe.c", line 118: Failed to open /home/lolo/ukr_model/sphinxtrain/wav/uk_0008.wav: No such file or directory
INFO: sphinx_fe.c(764): Converting /home/lolo/ukr_model/sphinxtrain/wav/uk_0009.wav to /home/lolo/ukr_model/sphinxtrain/feat/uk_0009.mfc
ERROR: "sphinx_fe.c", line 118: Failed to open /home/lolo/ukr_model/sphinxtrain/wav/uk_0009.wav: No such file or directory
INFO: sphinx_fe.c(764): Converting /home/lolo/ukr_model/sphinxtrain/wav/uk_0010.wav to /home/lolo/ukr_model/sphinxtrain/feat/uk_0010.mfc
ERROR: "sphinx_fe.c", line 118: Failed to open /home/lolo/ukr_model/sphinxtrain/wav/uk_0010.wav: No such file or directory
INFO: sphinx_fe.c(764): Converting /home/lolo/ukr_model/sphinxtrain/wav/uk_0011.wav to /home/lolo/ukr_model/sphinxtrain/feat/uk_0011.mfc
ERROR: "sphinx_fe.c", line 118: Failed to open /home/lolo/ukr_model/sphinxtrain/wav/uk_0011.wav: No such file or directory
INFO: sphinx_fe.c(764): Converting /home/lolo/ukr_model/sphinxtrain/wav/uk_0012.wav to /home/lolo/ukr_model/sphinxtrain/feat/uk_0012.mfc
ERROR: "sphinx_fe.c", line 118: Failed to open /home/lolo/ukr_model/sphinxtrain/wav/uk_0012.wav: No such file or directory
INFO: sphinx_fe.c(764): Converting /home/lolo/ukr_model/sphinxtrain/wav/uk_0013.wav to /home/lolo/ukr_model/sphinxtrain/feat/uk_0013.mfc
ERROR: "sphinx_fe.c", line 118: Failed to open /home/lolo/ukr_model/sphinxtrain/wav/uk_0013.wav: No such file or directory
INFO: sphinx_fe.c(764): Converting /home/lolo/ukr_model/sphinxtrain/wav/uk_0014.wav to /home/lolo/ukr_model/sphinxtrain/feat/uk_0014.mfc
ERROR: "sphinx_fe.c", line 118: Failed to open /home/lolo/ukr_model/sphinxtrain/wav/uk_0014.wav: No such file or directory
INFO: sphinx_fe.c(764): Converting /home/lolo/ukr_model/sphinxtrain/wav/uk_0015.wav to /home/lolo/ukr_model/sphinxtrain/feat/uk_0015.mfc
ERROR: "sphinx_fe.c", line 118: Failed to open /home/lolo/ukr_model/sphinxtrain/wav/uk_0015.wav: No such file or directory
INFO: sphinx_fe.c(764): Converting /home/lolo/ukr_model/sphinxtrain/wav/uk_0016.wav to /home/lolo/ukr_model/sphinxtrain/feat/uk_0016.mfc
ERROR: "sphinx_fe.c", line 118: Failed to open /home/lolo/ukr_model/sphinxtrain/wav/uk_0016.wav: No such file or directory
INFO: sphinx_fe.c(764): Converting /home/lolo/ukr_model/sphinxtrain/wav/uk_0017.wav to /home/lolo/ukr_model/sphinxtrain/feat/uk_0017.mfc
ERROR: "sphinx_fe.c", line 118: Failed to open /home/lolo/ukr_model/sphinxtrain/wav/uk_0017.wav: No such file or directory
INFO: sphinx_fe.c(764): Converting /home/lolo/ukr_model/sphinxtrain/wav/uk_0018.wav to /home/lolo/ukr_model/sphinxtrain/feat/uk_0018.mfc
ERROR: "sphinx_fe.c", line 118: Failed to open /home/lolo/ukr_model/sphinxtrain/wav/uk_0018.wav: No such file or directory
INFO: sphinx_fe.c(764): Converting /home/lolo/ukr_model/sphinxtrain/wav/uk_0019.wav to /home/lolo/ukr_model/sphinxtrain/feat/uk_0019.mfc
ERROR: "sphinx_fe.c", line 118: Failed to open /home/lolo/ukr_model/sphinxtrain/wav/uk_0019.wav: No such file or directory
INFO: sphinx_fe.c(764): Converting /home/lolo/ukr_model/sphinxtrain/wav/uk_0020.wav to /home/lolo/ukr_model/sphinxtrain/feat/uk_0020.mfc
ERROR: "sphinx_fe.c", line 118: Failed to open /home/lolo/ukr_model/sphinxtrain/wav/uk_0020.wav: No such file or directory
INFO: sphinx_fe.c(764): Converting /home/lolo/ukr_model/sphinxtrain/wav/uk_0021.wav to /home/lolo/ukr_model/sphinxtrain/feat/uk_0021.mfc
ERROR: "sphinx_fe.c", line 118: Failed to open /home/lolo/ukr_model/sphinxtrain/wav/uk_0021.wav: No such file or directory
INFO: sphinx_fe.c(764): Converting /home/lolo/ukr_model/sphinxtrain/wav/uk_0022.wav to /home/lolo/ukr_model/sphinxtrain/feat/uk_0022.mfc
ERROR: "sphinx_fe.c", line 118: Failed to open /home/lolo/ukr_model/sphinxtrain/wav/uk_0022.wav: No such file or directory
INFO: sphinx_fe.c(764): Converting /home/lolo/ukr_model/sphinxtrain/wav/uk_0023.wav to /home/lolo/ukr_model/sphinxtrain/feat/uk_0023.mfc
ERROR: "sphinx_fe.c", line 118: Failed to open /home/lolo/ukr_model/sphinxtrain/wav/uk_0023.wav: No such file or directory
INFO: sphinx_fe.c(764): Converting /home/lolo/ukr_model/sphinxtrain/wav/uk_0024.wav to /home/lolo/ukr_model/sphinxtrain/feat/uk_0024.mfc
ERROR: "sphinx_fe.c", line 118: Failed to open /home/lolo/ukr_model/sphinxtrain/wav/uk_0024.wav: No such file or directory
INFO: sphinx_fe.c(764): Converting /home/lolo/ukr_model/sphinxtrain/wav/uk_0025.wav to /home/lolo/ukr_model/sphinxtrain/feat/uk_0025.mfc
ERROR: "sphinx_fe.c", line 118: Failed to open /home/lolo/ukr_model/sphinxtrain/wav/uk_0025.wav: No such file or directory
INFO: sphinx_fe.c(764): Converting /home/lolo/ukr_model/sphinxtrain/wav/uk_0026.wav to /home/lolo/ukr_model/sphinxtrain/feat/uk_0026.mfc
ERROR: "sphinx_fe.c", line 118: Failed to open /home/lolo/ukr_model/sphinxtrain/wav/uk_0026.wav: No such file or directory
INFO: sphinx_fe.c(764): Converting /home/lolo/ukr_model/sphinxtrain/wav/uk_0027.wav to /home/lolo/ukr_model/sphinxtrain/feat/uk_0027.mfc
ERROR: "sphinx_fe.c", line 118: Failed to open /home/lolo/ukr_model/sphinxtrain/wav/uk_0027.wav: No such file or directory
INFO: sphinx_fe.c(764): Converting /home/lolo/ukr_model/sphinxtrain/wav/uk_0028.wav to /home/lolo/ukr_model/sphinxtrain/feat/uk_0028.mfc
ERROR: "sphinx_fe.c", line 118: Failed to open /home/lolo/ukr_model/sphinxtrain/wav/uk_0028.wav: No such file or directory
INFO: sphinx_fe.c(764): Converting /home/lolo/ukr_model/sphinxtrain/wav/uk_0029.wav to /home/lolo/ukr_model/sphinxtrain/feat/uk_0029.mfc
ERROR: "sphinx_fe.c", line 118: Failed to open /home/lolo/ukr_model/sphinxtrain/wav/uk_0029.wav: No such file or directory
INFO: sphinx_fe.c(764): Converting /home/lolo/ukr_model/sphinxtrain/wav/uk_0031.wav to /home/lolo/ukr_model/sphinxtrain/feat/uk_0031.mfc
ERROR: "sphinx_fe.c", line 118: Failed to open /home/lolo/ukr_model/sphinxtrain/wav/uk_0031.wav: No such file or directory
INFO: sphinx_fe.c(764): Converting /home/lolo/ukr_model/sphinxtrain/wav/uk_0032.wav to /home/lolo/ukr_model/sphinxtrain/feat/uk_0032.mfc
ERROR: "sphinx_fe.c", line 118: Failed to open /home/lolo/ukr_model/sphinxtrain/wav/uk_0032.wav: No such file or directory
INFO: sphinx_fe.c(764): Converting /home/lolo/ukr_model/sphinxtrain/wav/uk_0033.wav to /home/lolo/ukr_model/sphinxtrain/feat/uk_0033.mfc
ERROR: "sphinx_fe.c", line 118: Failed to open /home/lolo/ukr_model/sphinxtrain/wav/uk_0033.wav: No such file or directory
INFO: sphinx_fe.c(764): Converting /home/lolo/ukr_model/sphinxtrain/wav/uk_0034.wav to /home/lolo/ukr_model/sphinxtrain/feat/uk_0034.mfc
ERROR: "sphinx_fe.c", line 118: Failed to open /home/lolo/ukr_model/sphinxtrain/wav/uk_0034.wav: No such file or directory
INFO: sphinx_fe.c(764): Converting /home/lolo/ukr_model/sphinxtrain/wav/uk_0035.wav to /home/lolo/ukr_model/sphinxtrain/feat/uk_0035.mfc
ERROR: "sphinx_fe.c", line 118: Failed to open /home/lolo/ukr_model/sphinxtrain/wav/uk_0035.wav: No such file or directory
INFO: sphinx_fe.c(764): Converting /home/lolo/ukr_model/sphinxtrain/wav/uk_0036.wav to /home/lolo/ukr_model/sphinxtrain/feat/uk_0036.mfc
ERROR: "sphinx_fe.c", line 118: Failed to open /home/lolo/ukr_model/sphinxtrain/wav/uk_0036.wav: No such file or directory
INFO: sphinx_fe.c(764): Converting /home/lolo/ukr_model/sphinxtrain/wav/uk_0037.wav to /home/lolo/ukr_model/sphinxtrain/feat/uk_0037.mfc
ERROR: "sphinx_fe.c", line 118: Failed to open /home/lolo/ukr_model/sphinxtrain/wav/uk_0037.wav: No such file or directory
INFO: sphinx_fe.c(764): Converting /home/lolo/ukr_model/sphinxtrain/wav/uk_0038.wav to /home/lolo/ukr_model/sphinxtrain/feat/uk_0038.mfc
ERROR: "sphinx_fe.c", line 118: Failed to open /home/lolo/ukr_model/sphinxtrain/wav/uk_0038.wav: No such file or directory
INFO: sphinx_fe.c(764): Converting /home/lolo/ukr_model/sphinxtrain/wav/uk_0039.wav to /home/lolo/ukr_model/sphinxtrain/feat/uk_0039.mfc
ERROR: "sphinx_fe.c", line 118: Failed to open /home/lolo/ukr_model/sphinxtrain/wav/uk_0039.wav: No such file or directory
INFO: sphinx_fe.c(764): Converting /home/lolo/ukr_model/sphinxtrain/wav/uk_0040.wav to /home/lolo/ukr_model/sphinxtrain/feat/uk_0040.mfc
ERROR: "sphinx_fe.c", line 118: Failed to open /home/lolo/ukr_model/sphinxtrain/wav/uk_0040.wav: No such file or directory
Wed Mar 23 13:26:58 2016
